<?xml version="1.0" encoding="UTF-8"?>
<testsuite name="com.dws.challenge.ConcurrentTransferTest" tests="20" skipped="0" failures="0" errors="0" timestamp="2024-02-22T16:50:18" hostname="shailendras-MacBook-Pro.local" time="0.675">
  <properties/>
  <testcase name="repetition 1 of 20" classname="com.dws.challenge.ConcurrentTransferTest" time="0.173"/>
  <testcase name="repetition 2 of 20" classname="com.dws.challenge.ConcurrentTransferTest" time="0.037"/>
  <testcase name="repetition 3 of 20" classname="com.dws.challenge.ConcurrentTransferTest" time="0.03"/>
  <testcase name="repetition 4 of 20" classname="com.dws.challenge.ConcurrentTransferTest" time="0.03"/>
  <testcase name="repetition 5 of 20" classname="com.dws.challenge.ConcurrentTransferTest" time="0.029"/>
  <testcase name="repetition 6 of 20" classname="com.dws.challenge.ConcurrentTransferTest" time="0.021"/>
  <testcase name="repetition 7 of 20" classname="com.dws.challenge.ConcurrentTransferTest" time="0.02"/>
  <testcase name="repetition 8 of 20" classname="com.dws.challenge.ConcurrentTransferTest" time="0.02"/>
  <testcase name="repetition 9 of 20" classname="com.dws.challenge.ConcurrentTransferTest" time="0.022"/>
  <testcase name="repetition 10 of 20" classname="com.dws.challenge.ConcurrentTransferTest" time="0.021"/>
  <testcase name="repetition 11 of 20" classname="com.dws.challenge.ConcurrentTransferTest" time="0.02"/>
  <testcase name="repetition 12 of 20" classname="com.dws.challenge.ConcurrentTransferTest" time="0.019"/>
  <testcase name="repetition 13 of 20" classname="com.dws.challenge.ConcurrentTransferTest" time="0.024"/>
  <testcase name="repetition 14 of 20" classname="com.dws.challenge.ConcurrentTransferTest" time="0.025"/>
  <testcase name="repetition 15 of 20" classname="com.dws.challenge.ConcurrentTransferTest" time="0.025"/>
  <testcase name="repetition 16 of 20" classname="com.dws.challenge.ConcurrentTransferTest" time="0.033"/>
  <testcase name="repetition 17 of 20" classname="com.dws.challenge.ConcurrentTransferTest" time="0.025"/>
  <testcase name="repetition 18 of 20" classname="com.dws.challenge.ConcurrentTransferTest" time="0.023"/>
  <testcase name="repetition 19 of 20" classname="com.dws.challenge.ConcurrentTransferTest" time="0.027"/>
  <testcase name="repetition 20 of 20" classname="com.dws.challenge.ConcurrentTransferTest" time="0.018"/>
  <system-out><![CDATA[22:20:16.154 [Test worker] INFO org.springframework.test.context.support.AnnotationConfigContextLoaderUtils -- Could not detect default configuration classes for test class [com.dws.challenge.ConcurrentTransferTest]: ConcurrentTransferTest does not declare any static, non-private, non-final, nested classes annotated with @Configuration.
22:20:16.290 [Test worker] INFO org.springframework.boot.test.context.SpringBootTestContextBootstrapper -- Found @SpringBootConfiguration com.dws.challenge.ChallengeApplication for test class com.dws.challenge.ConcurrentTransferTest

  .   ____          _            __ _ _
 /\\ / ___'_ __ _ _(_)_ __  __ _ \ \ \ \
( ( )\___ | '_ | '_| | '_ \/ _` | \ \ \ \
 \\/  ___)| |_)| | | | | || (_| |  ) ) ) )
  '  |____| .__|_| |_|_| |_\__, | / / / /
 =========|_|==============|___/=/_/_/_/
 :: Spring Boot ::                (v3.2.2)

2024-02-22T22:20:16.697+05:30  INFO 89386 --- [    Test worker] c.dws.challenge.ConcurrentTransferTest   : Starting ConcurrentTransferTest using Java 17.0.10 with PID 89386 (started by shailendra in /Users/shailendra/Documents/PersonalDoc/MyWork/mygithubwork/challenge)
2024-02-22T22:20:16.698+05:30  INFO 89386 --- [    Test worker] c.dws.challenge.ConcurrentTransferTest   : No active profile set, falling back to 1 default profile: "default"
2024-02-22T22:20:17.769+05:30  INFO 89386 --- [    Test worker] c.dws.challenge.ConcurrentTransferTest   : Started ConcurrentTransferTest in 1.314 seconds (process running for 2.454)
2024-02-22T22:20:18.706+05:30  INFO 89386 --- [pool-2-thread-8] c.d.c.web.AccountsTransferController     : Transfer Amount  Transfer(accountFrom=Account123, accountTo=Account124, amount=1000)
2024-02-22T22:20:18.706+05:30  INFO 89386 --- [ool-2-thread-13] c.d.c.web.AccountsTransferController     : Transfer Amount  Transfer(accountFrom=Account123, accountTo=Account124, amount=1000)
2024-02-22T22:20:18.706+05:30  INFO 89386 --- [pool-2-thread-5] c.d.c.web.AccountsTransferController     : Transfer Amount  Transfer(accountFrom=Account123, accountTo=Account124, amount=1000)
2024-02-22T22:20:18.706+05:30  INFO 89386 --- [pool-2-thread-9] c.d.c.web.AccountsTransferController     : Transfer Amount  Transfer(accountFrom=Account123, accountTo=Account124, amount=1000)
2024-02-22T22:20:18.706+05:30  INFO 89386 --- [ool-2-thread-16] c.d.c.web.AccountsTransferController     : Transfer Amount  Transfer(accountFrom=Account123, accountTo=Account124, amount=1000)
2024-02-22T22:20:18.706+05:30  INFO 89386 --- [ool-2-thread-19] c.d.c.web.AccountsTransferController     : Transfer Amount  Transfer(accountFrom=Account123, accountTo=Account124, amount=1000)
2024-02-22T22:20:18.706+05:30  INFO 89386 --- [ool-2-thread-17] c.d.c.web.AccountsTransferController     : Transfer Amount  Transfer(accountFrom=Account123, accountTo=Account124, amount=1000)
2024-02-22T22:20:18.706+05:30  INFO 89386 --- [ool-2-thread-14] c.d.c.web.AccountsTransferController     : Transfer Amount  Transfer(accountFrom=Account123, accountTo=Account124, amount=1000)
2024-02-22T22:20:18.705+05:30  INFO 89386 --- [pool-2-thread-3] c.d.c.web.AccountsTransferController     : Transfer Amount  Transfer(accountFrom=Account123, accountTo=Account124, amount=1000)
2024-02-22T22:20:18.706+05:30  INFO 89386 --- [ool-2-thread-11] c.d.c.web.AccountsTransferController     : Transfer Amount  Transfer(accountFrom=Account123, accountTo=Account124, amount=1000)
2024-02-22T22:20:18.706+05:30  INFO 89386 --- [ool-2-thread-10] c.d.c.web.AccountsTransferController     : Transfer Amount  Transfer(accountFrom=Account123, accountTo=Account124, amount=1000)
2024-02-22T22:20:18.705+05:30  INFO 89386 --- [ool-2-thread-20] c.d.c.web.AccountsTransferController     : Transfer Amount  Transfer(accountFrom=Account123, accountTo=Account124, amount=1000)
2024-02-22T22:20:18.705+05:30  INFO 89386 --- [pool-2-thread-1] c.d.c.web.AccountsTransferController     : Transfer Amount  Transfer(accountFrom=Account123, accountTo=Account124, amount=1000)
2024-02-22T22:20:18.705+05:30  INFO 89386 --- [pool-2-thread-2] c.d.c.web.AccountsTransferController     : Transfer Amount  Transfer(accountFrom=Account123, accountTo=Account124, amount=1000)
2024-02-22T22:20:18.706+05:30  INFO 89386 --- [pool-2-thread-4] c.d.c.web.AccountsTransferController     : Transfer Amount  Transfer(accountFrom=Account123, accountTo=Account124, amount=1000)
2024-02-22T22:20:18.706+05:30  INFO 89386 --- [pool-2-thread-7] c.d.c.web.AccountsTransferController     : Transfer Amount  Transfer(accountFrom=Account123, accountTo=Account124, amount=1000)
2024-02-22T22:20:18.706+05:30  INFO 89386 --- [ool-2-thread-15] c.d.c.web.AccountsTransferController     : Transfer Amount  Transfer(accountFrom=Account123, accountTo=Account124, amount=1000)
2024-02-22T22:20:18.706+05:30  INFO 89386 --- [ool-2-thread-18] c.d.c.web.AccountsTransferController     : Transfer Amount  Transfer(accountFrom=Account123, accountTo=Account124, amount=1000)
2024-02-22T22:20:18.706+05:30  INFO 89386 --- [pool-2-thread-6] c.d.c.web.AccountsTransferController     : Transfer Amount  Transfer(accountFrom=Account123, accountTo=Account124, amount=1000)
2024-02-22T22:20:18.706+05:30  INFO 89386 --- [ool-2-thread-12] c.d.c.web.AccountsTransferController     : Transfer Amount  Transfer(accountFrom=Account123, accountTo=Account124, amount=1000)
2024-02-22T22:20:18.709+05:30  INFO 89386 --- [pool-2-thread-8] c.dws.challenge.service.TransferService  : compareBalance 0 
2024-02-22T22:20:18.722+05:30  INFO 89386 --- [pool-2-thread-8] c.d.c.web.AccountsTransferController     : notification sent successfully
2024-02-22T22:20:18.722+05:30  INFO 89386 --- [ool-2-thread-12] c.dws.challenge.service.TransferService  : compareBalance -1 
2024-02-22T22:20:18.723+05:30  INFO 89386 --- [pool-2-thread-6] c.dws.challenge.service.TransferService  : compareBalance -1 
2024-02-22T22:20:18.723+05:30  INFO 89386 --- [ool-2-thread-18] c.dws.challenge.service.TransferService  : compareBalance -1 
2024-02-22T22:20:18.724+05:30  INFO 89386 --- [ool-2-thread-15] c.dws.challenge.service.TransferService  : compareBalance -1 
2024-02-22T22:20:18.724+05:30  INFO 89386 --- [pool-2-thread-7] c.dws.challenge.service.TransferService  : compareBalance -1 
2024-02-22T22:20:18.724+05:30  INFO 89386 --- [pool-2-thread-4] c.dws.challenge.service.TransferService  : compareBalance -1 
2024-02-22T22:20:18.725+05:30  INFO 89386 --- [pool-2-thread-2] c.dws.challenge.service.TransferService  : compareBalance -1 
2024-02-22T22:20:18.725+05:30  INFO 89386 --- [pool-2-thread-1] c.dws.challenge.service.TransferService  : compareBalance -1 
2024-02-22T22:20:18.726+05:30  INFO 89386 --- [ool-2-thread-20] c.dws.challenge.service.TransferService  : compareBalance -1 
2024-02-22T22:20:18.726+05:30  INFO 89386 --- [ool-2-thread-10] c.dws.challenge.service.TransferService  : compareBalance -1 
2024-02-22T22:20:18.727+05:30  INFO 89386 --- [ool-2-thread-11] c.dws.challenge.service.TransferService  : compareBalance -1 
2024-02-22T22:20:18.727+05:30  INFO 89386 --- [pool-2-thread-3] c.dws.challenge.service.TransferService  : compareBalance -1 
2024-02-22T22:20:18.727+05:30  INFO 89386 --- [ool-2-thread-14] c.dws.challenge.service.TransferService  : compareBalance -1 
2024-02-22T22:20:18.728+05:30  INFO 89386 --- [ool-2-thread-17] c.dws.challenge.service.TransferService  : compareBalance -1 
2024-02-22T22:20:18.723+05:30 ERROR 89386 --- [pool-2-thread-6] c.d.c.web.AccountsTransferController     : Exception occurs

com.dws.challenge.exception.InsufficientBalanceException: Insufficient Balance in account Account123
	at com.dws.challenge.service.TransferService.transferAmount(TransferService.java:21) ~[main/:na]
	at com.dws.challenge.web.AccountsTransferController.transferAmount(AccountsTransferController.java:64) ~[main/:na]
	at com.dws.challenge.ConcurrentTransferTest.lambda$concurrentTransferTest$0(ConcurrentTransferTest.java:77) ~[test/:na]
	at java.base/java.util.concurrent.ThreadPoolExecutor.runWorker(ThreadPoolExecutor.java:1136) ~[na:na]
	at java.base/java.util.concurrent.ThreadPoolExecutor$Worker.run(ThreadPoolExecutor.java:635) ~[na:na]
	at java.base/java.lang.Thread.run(Thread.java:842) ~[na:na]

2024-02-22T22:20:18.725+05:30 ERROR 89386 --- [pool-2-thread-2] c.d.c.web.AccountsTransferController     : Exception occurs

com.dws.challenge.exception.InsufficientBalanceException: Insufficient Balance in account Account123
	at com.dws.challenge.service.TransferService.transferAmount(TransferService.java:21) ~[main/:na]
	at com.dws.challenge.web.AccountsTransferController.transferAmount(AccountsTransferController.java:64) ~[main/:na]
	at com.dws.challenge.ConcurrentTransferTest.lambda$concurrentTransferTest$0(ConcurrentTransferTest.java:77) ~[test/:na]
	at java.base/java.util.concurrent.ThreadPoolExecutor.runWorker(ThreadPoolExecutor.java:1136) ~[na:na]
	at java.base/java.util.concurrent.ThreadPoolExecutor$Worker.run(ThreadPoolExecutor.java:635) ~[na:na]
	at java.base/java.lang.Thread.run(Thread.java:842) ~[na:na]

2024-02-22T22:20:18.724+05:30 ERROR 89386 --- [ool-2-thread-15] c.d.c.web.AccountsTransferController     : Exception occurs

com.dws.challenge.exception.InsufficientBalanceException: Insufficient Balance in account Account123
	at com.dws.challenge.service.TransferService.transferAmount(TransferService.java:21) ~[main/:na]
	at com.dws.challenge.web.AccountsTransferController.transferAmount(AccountsTransferController.java:64) ~[main/:na]
	at com.dws.challenge.ConcurrentTransferTest.lambda$concurrentTransferTest$0(ConcurrentTransferTest.java:77) ~[test/:na]
	at java.base/java.util.concurrent.ThreadPoolExecutor.runWorker(ThreadPoolExecutor.java:1136) ~[na:na]
	at java.base/java.util.concurrent.ThreadPoolExecutor$Worker.run(ThreadPoolExecutor.java:635) ~[na:na]
	at java.base/java.lang.Thread.run(Thread.java:842) ~[na:na]

2024-02-22T22:20:18.724+05:30 ERROR 89386 --- [ool-2-thread-18] c.d.c.web.AccountsTransferController     : Exception occurs

com.dws.challenge.exception.InsufficientBalanceException: Insufficient Balance in account Account123
	at com.dws.challenge.service.TransferService.transferAmount(TransferService.java:21) ~[main/:na]
	at com.dws.challenge.web.AccountsTransferController.transferAmount(AccountsTransferController.java:64) ~[main/:na]
	at com.dws.challenge.ConcurrentTransferTest.lambda$concurrentTransferTest$0(ConcurrentTransferTest.java:77) ~[test/:na]
	at java.base/java.util.concurrent.ThreadPoolExecutor.runWorker(ThreadPoolExecutor.java:1136) ~[na:na]
	at java.base/java.util.concurrent.ThreadPoolExecutor$Worker.run(ThreadPoolExecutor.java:635) ~[na:na]
	at java.base/java.lang.Thread.run(Thread.java:842) ~[na:na]

2024-02-22T22:20:18.725+05:30 ERROR 89386 --- [pool-2-thread-4] c.d.c.web.AccountsTransferController     : Exception occurs

com.dws.challenge.exception.InsufficientBalanceException: Insufficient Balance in account Account123
	at com.dws.challenge.service.TransferService.transferAmount(TransferService.java:21) ~[main/:na]
	at com.dws.challenge.web.AccountsTransferController.transferAmount(AccountsTransferController.java:64) ~[main/:na]
	at com.dws.challenge.ConcurrentTransferTest.lambda$concurrentTransferTest$0(ConcurrentTransferTest.java:77) ~[test/:na]
	at java.base/java.util.concurrent.ThreadPoolExecutor.runWorker(ThreadPoolExecutor.java:1136) ~[na:na]
	at java.base/java.util.concurrent.ThreadPoolExecutor$Worker.run(ThreadPoolExecutor.java:635) ~[na:na]
	at java.base/java.lang.Thread.run(Thread.java:842) ~[na:na]

2024-02-22T22:20:18.726+05:30 ERROR 89386 --- [ool-2-thread-20] c.d.c.web.AccountsTransferController     : Exception occurs

com.dws.challenge.exception.InsufficientBalanceException: Insufficient Balance in account Account123
	at com.dws.challenge.service.TransferService.transferAmount(TransferService.java:21) ~[main/:na]
	at com.dws.challenge.web.AccountsTransferController.transferAmount(AccountsTransferController.java:64) ~[main/:na]
	at com.dws.challenge.ConcurrentTransferTest.lambda$concurrentTransferTest$0(ConcurrentTransferTest.java:77) ~[test/:na]
	at java.base/java.util.concurrent.ThreadPoolExecutor.runWorker(ThreadPoolExecutor.java:1136) ~[na:na]
	at java.base/java.util.concurrent.ThreadPoolExecutor$Worker.run(ThreadPoolExecutor.java:635) ~[na:na]
	at java.base/java.lang.Thread.run(Thread.java:842) ~[na:na]

2024-02-22T22:20:18.727+05:30 ERROR 89386 --- [pool-2-thread-3] c.d.c.web.AccountsTransferController     : Exception occurs

com.dws.challenge.exception.InsufficientBalanceException: Insufficient Balance in account Account123
	at com.dws.challenge.service.TransferService.transferAmount(TransferService.java:21) ~[main/:na]
	at com.dws.challenge.web.AccountsTransferController.transferAmount(AccountsTransferController.java:64) ~[main/:na]
	at com.dws.challenge.ConcurrentTransferTest.lambda$concurrentTransferTest$0(ConcurrentTransferTest.java:77) ~[test/:na]
	at java.base/java.util.concurrent.ThreadPoolExecutor.runWorker(ThreadPoolExecutor.java:1136) ~[na:na]
	at java.base/java.util.concurrent.ThreadPoolExecutor$Worker.run(ThreadPoolExecutor.java:635) ~[na:na]
	at java.base/java.lang.Thread.run(Thread.java:842) ~[na:na]

2024-02-22T22:20:18.729+05:30  INFO 89386 --- [ool-2-thread-19] c.dws.challenge.service.TransferService  : compareBalance -1 
2024-02-22T22:20:18.724+05:30 ERROR 89386 --- [pool-2-thread-7] c.d.c.web.AccountsTransferController     : Exception occurs

com.dws.challenge.exception.InsufficientBalanceException: Insufficient Balance in account Account123
	at com.dws.challenge.service.TransferService.transferAmount(TransferService.java:21) ~[main/:na]
	at com.dws.challenge.web.AccountsTransferController.transferAmount(AccountsTransferController.java:64) ~[main/:na]
	at com.dws.challenge.ConcurrentTransferTest.lambda$concurrentTransferTest$0(ConcurrentTransferTest.java:77) ~[test/:na]
	at java.base/java.util.concurrent.ThreadPoolExecutor.runWorker(ThreadPoolExecutor.java:1136) ~[na:na]
	at java.base/java.util.concurrent.ThreadPoolExecutor$Worker.run(ThreadPoolExecutor.java:635) ~[na:na]
	at java.base/java.lang.Thread.run(Thread.java:842) ~[na:na]

2024-02-22T22:20:18.727+05:30 ERROR 89386 --- [ool-2-thread-11] c.d.c.web.AccountsTransferController     : Exception occurs

com.dws.challenge.exception.InsufficientBalanceException: Insufficient Balance in account Account123
	at com.dws.challenge.service.TransferService.transferAmount(TransferService.java:21) ~[main/:na]
	at com.dws.challenge.web.AccountsTransferController.transferAmount(AccountsTransferController.java:64) ~[main/:na]
	at com.dws.challenge.ConcurrentTransferTest.lambda$concurrentTransferTest$0(ConcurrentTransferTest.java:77) ~[test/:na]
	at java.base/java.util.concurrent.ThreadPoolExecutor.runWorker(ThreadPoolExecutor.java:1136) ~[na:na]
	at java.base/java.util.concurrent.ThreadPoolExecutor$Worker.run(ThreadPoolExecutor.java:635) ~[na:na]
	at java.base/java.lang.Thread.run(Thread.java:842) ~[na:na]

2024-02-22T22:20:18.723+05:30 ERROR 89386 --- [ool-2-thread-12] c.d.c.web.AccountsTransferController     : Exception occurs

com.dws.challenge.exception.InsufficientBalanceException: Insufficient Balance in account Account123
	at com.dws.challenge.service.TransferService.transferAmount(TransferService.java:21) ~[main/:na]
	at com.dws.challenge.web.AccountsTransferController.transferAmount(AccountsTransferController.java:64) ~[main/:na]
	at com.dws.challenge.ConcurrentTransferTest.lambda$concurrentTransferTest$0(ConcurrentTransferTest.java:77) ~[test/:na]
	at java.base/java.util.concurrent.ThreadPoolExecutor.runWorker(ThreadPoolExecutor.java:1136) ~[na:na]
	at java.base/java.util.concurrent.ThreadPoolExecutor$Worker.run(ThreadPoolExecutor.java:635) ~[na:na]
	at java.base/java.lang.Thread.run(Thread.java:842) ~[na:na]

2024-02-22T22:20:18.728+05:30 ERROR 89386 --- [ool-2-thread-14] c.d.c.web.AccountsTransferController     : Exception occurs

com.dws.challenge.exception.InsufficientBalanceException: Insufficient Balance in account Account123
	at com.dws.challenge.service.TransferService.transferAmount(TransferService.java:21) ~[main/:na]
	at com.dws.challenge.web.AccountsTransferController.transferAmount(AccountsTransferController.java:64) ~[main/:na]
	at com.dws.challenge.ConcurrentTransferTest.lambda$concurrentTransferTest$0(ConcurrentTransferTest.java:77) ~[test/:na]
	at java.base/java.util.concurrent.ThreadPoolExecutor.runWorker(ThreadPoolExecutor.java:1136) ~[na:na]
	at java.base/java.util.concurrent.ThreadPoolExecutor$Worker.run(ThreadPoolExecutor.java:635) ~[na:na]
	at java.base/java.lang.Thread.run(Thread.java:842) ~[na:na]

2024-02-22T22:20:18.728+05:30 ERROR 89386 --- [ool-2-thread-17] c.d.c.web.AccountsTransferController     : Exception occurs

com.dws.challenge.exception.InsufficientBalanceException: Insufficient Balance in account Account123
	at com.dws.challenge.service.TransferService.transferAmount(TransferService.java:21) ~[main/:na]
	at com.dws.challenge.web.AccountsTransferController.transferAmount(AccountsTransferController.java:64) ~[main/:na]
	at com.dws.challenge.ConcurrentTransferTest.lambda$concurrentTransferTest$0(ConcurrentTransferTest.java:77) ~[test/:na]
	at java.base/java.util.concurrent.ThreadPoolExecutor.runWorker(ThreadPoolExecutor.java:1136) ~[na:na]
	at java.base/java.util.concurrent.ThreadPoolExecutor$Worker.run(ThreadPoolExecutor.java:635) ~[na:na]
	at java.base/java.lang.Thread.run(Thread.java:842) ~[na:na]

2024-02-22T22:20:18.726+05:30 ERROR 89386 --- [ool-2-thread-10] c.d.c.web.AccountsTransferController     : Exception occurs

com.dws.challenge.exception.InsufficientBalanceException: Insufficient Balance in account Account123
	at com.dws.challenge.service.TransferService.transferAmount(TransferService.java:21) ~[main/:na]
	at com.dws.challenge.web.AccountsTransferController.transferAmount(AccountsTransferController.java:64) ~[main/:na]
	at com.dws.challenge.ConcurrentTransferTest.lambda$concurrentTransferTest$0(ConcurrentTransferTest.java:77) ~[test/:na]
	at java.base/java.util.concurrent.ThreadPoolExecutor.runWorker(ThreadPoolExecutor.java:1136) ~[na:na]
	at java.base/java.util.concurrent.ThreadPoolExecutor$Worker.run(ThreadPoolExecutor.java:635) ~[na:na]
	at java.base/java.lang.Thread.run(Thread.java:842) ~[na:na]

2024-02-22T22:20:18.726+05:30 ERROR 89386 --- [pool-2-thread-1] c.d.c.web.AccountsTransferController     : Exception occurs

com.dws.challenge.exception.InsufficientBalanceException: Insufficient Balance in account Account123
	at com.dws.challenge.service.TransferService.transferAmount(TransferService.java:21) ~[main/:na]
	at com.dws.challenge.web.AccountsTransferController.transferAmount(AccountsTransferController.java:64) ~[main/:na]
	at com.dws.challenge.ConcurrentTransferTest.lambda$concurrentTransferTest$0(ConcurrentTransferTest.java:77) ~[test/:na]
	at java.base/java.util.concurrent.ThreadPoolExecutor.runWorker(ThreadPoolExecutor.java:1136) ~[na:na]
	at java.base/java.util.concurrent.ThreadPoolExecutor$Worker.run(ThreadPoolExecutor.java:635) ~[na:na]
	at java.base/java.lang.Thread.run(Thread.java:842) ~[na:na]

2024-02-22T22:20:18.734+05:30  INFO 89386 --- [ool-2-thread-16] c.dws.challenge.service.TransferService  : compareBalance -1 
2024-02-22T22:20:18.734+05:30 ERROR 89386 --- [ool-2-thread-19] c.d.c.web.AccountsTransferController     : Exception occurs

com.dws.challenge.exception.InsufficientBalanceException: Insufficient Balance in account Account123
	at com.dws.challenge.service.TransferService.transferAmount(TransferService.java:21) ~[main/:na]
	at com.dws.challenge.web.AccountsTransferController.transferAmount(AccountsTransferController.java:64) ~[main/:na]
	at com.dws.challenge.ConcurrentTransferTest.lambda$concurrentTransferTest$0(ConcurrentTransferTest.java:77) ~[test/:na]
	at java.base/java.util.concurrent.ThreadPoolExecutor.runWorker(ThreadPoolExecutor.java:1136) ~[na:na]
	at java.base/java.util.concurrent.ThreadPoolExecutor$Worker.run(ThreadPoolExecutor.java:635) ~[na:na]
	at java.base/java.lang.Thread.run(Thread.java:842) ~[na:na]

2024-02-22T22:20:18.738+05:30 ERROR 89386 --- [ool-2-thread-16] c.d.c.web.AccountsTransferController     : Exception occurs

com.dws.challenge.exception.InsufficientBalanceException: Insufficient Balance in account Account123
	at com.dws.challenge.service.TransferService.transferAmount(TransferService.java:21) ~[main/:na]
	at com.dws.challenge.web.AccountsTransferController.transferAmount(AccountsTransferController.java:64) ~[main/:na]
	at com.dws.challenge.ConcurrentTransferTest.lambda$concurrentTransferTest$0(ConcurrentTransferTest.java:77) ~[test/:na]
	at java.base/java.util.concurrent.ThreadPoolExecutor.runWorker(ThreadPoolExecutor.java:1136) ~[na:na]
	at java.base/java.util.concurrent.ThreadPoolExecutor$Worker.run(ThreadPoolExecutor.java:635) ~[na:na]
	at java.base/java.lang.Thread.run(Thread.java:842) ~[na:na]

2024-02-22T22:20:18.738+05:30  INFO 89386 --- [pool-2-thread-9] c.dws.challenge.service.TransferService  : compareBalance -1 
2024-02-22T22:20:18.739+05:30  INFO 89386 --- [pool-2-thread-5] c.dws.challenge.service.TransferService  : compareBalance -1 
2024-02-22T22:20:18.739+05:30 ERROR 89386 --- [pool-2-thread-9] c.d.c.web.AccountsTransferController     : Exception occurs

com.dws.challenge.exception.InsufficientBalanceException: Insufficient Balance in account Account123
	at com.dws.challenge.service.TransferService.transferAmount(TransferService.java:21) ~[main/:na]
	at com.dws.challenge.web.AccountsTransferController.transferAmount(AccountsTransferController.java:64) ~[main/:na]
	at com.dws.challenge.ConcurrentTransferTest.lambda$concurrentTransferTest$0(ConcurrentTransferTest.java:77) ~[test/:na]
	at java.base/java.util.concurrent.ThreadPoolExecutor.runWorker(ThreadPoolExecutor.java:1136) ~[na:na]
	at java.base/java.util.concurrent.ThreadPoolExecutor$Worker.run(ThreadPoolExecutor.java:635) ~[na:na]
	at java.base/java.lang.Thread.run(Thread.java:842) ~[na:na]

2024-02-22T22:20:18.740+05:30  INFO 89386 --- [ool-2-thread-13] c.dws.challenge.service.TransferService  : compareBalance -1 
2024-02-22T22:20:18.740+05:30 ERROR 89386 --- [pool-2-thread-5] c.d.c.web.AccountsTransferController     : Exception occurs

com.dws.challenge.exception.InsufficientBalanceException: Insufficient Balance in account Account123
	at com.dws.challenge.service.TransferService.transferAmount(TransferService.java:21) ~[main/:na]
	at com.dws.challenge.web.AccountsTransferController.transferAmount(AccountsTransferController.java:64) ~[main/:na]
	at com.dws.challenge.ConcurrentTransferTest.lambda$concurrentTransferTest$0(ConcurrentTransferTest.java:77) ~[test/:na]
	at java.base/java.util.concurrent.ThreadPoolExecutor.runWorker(ThreadPoolExecutor.java:1136) ~[na:na]
	at java.base/java.util.concurrent.ThreadPoolExecutor$Worker.run(ThreadPoolExecutor.java:635) ~[na:na]
	at java.base/java.lang.Thread.run(Thread.java:842) ~[na:na]

2024-02-22T22:20:18.740+05:30 ERROR 89386 --- [ool-2-thread-13] c.d.c.web.AccountsTransferController     : Exception occurs

com.dws.challenge.exception.InsufficientBalanceException: Insufficient Balance in account Account123
	at com.dws.challenge.service.TransferService.transferAmount(TransferService.java:21) ~[main/:na]
	at com.dws.challenge.web.AccountsTransferController.transferAmount(AccountsTransferController.java:64) ~[main/:na]
	at com.dws.challenge.ConcurrentTransferTest.lambda$concurrentTransferTest$0(ConcurrentTransferTest.java:77) ~[test/:na]
	at java.base/java.util.concurrent.ThreadPoolExecutor.runWorker(ThreadPoolExecutor.java:1136) ~[na:na]
	at java.base/java.util.concurrent.ThreadPoolExecutor$Worker.run(ThreadPoolExecutor.java:635) ~[na:na]
	at java.base/java.lang.Thread.run(Thread.java:842) ~[na:na]

2024-02-22T22:20:18.847+05:30  INFO 89386 --- [pool-3-thread-8] c.d.c.web.AccountsTransferController     : Transfer Amount  Transfer(accountFrom=Account123, accountTo=Account124, amount=1000)
2024-02-22T22:20:18.847+05:30  INFO 89386 --- [pool-3-thread-4] c.d.c.web.AccountsTransferController     : Transfer Amount  Transfer(accountFrom=Account123, accountTo=Account124, amount=1000)
2024-02-22T22:20:18.847+05:30  INFO 89386 --- [pool-3-thread-8] c.dws.challenge.service.TransferService  : compareBalance 0 
2024-02-22T22:20:18.846+05:30  INFO 89386 --- [pool-3-thread-2] c.d.c.web.AccountsTransferController     : Transfer Amount  Transfer(accountFrom=Account123, accountTo=Account124, amount=1000)
2024-02-22T22:20:18.846+05:30  INFO 89386 --- [ool-3-thread-20] c.d.c.web.AccountsTransferController     : Transfer Amount  Transfer(accountFrom=Account123, accountTo=Account124, amount=1000)
2024-02-22T22:20:18.847+05:30  INFO 89386 --- [pool-3-thread-7] c.d.c.web.AccountsTransferController     : Transfer Amount  Transfer(accountFrom=Account123, accountTo=Account124, amount=1000)
2024-02-22T22:20:18.846+05:30  INFO 89386 --- [pool-3-thread-1] c.d.c.web.AccountsTransferController     : Transfer Amount  Transfer(accountFrom=Account123, accountTo=Account124, amount=1000)
2024-02-22T22:20:18.848+05:30  INFO 89386 --- [pool-3-thread-8] c.d.c.web.AccountsTransferController     : notification sent successfully
2024-02-22T22:20:18.846+05:30  INFO 89386 --- [pool-3-thread-3] c.d.c.web.AccountsTransferController     : Transfer Amount  Transfer(accountFrom=Account123, accountTo=Account124, amount=1000)
2024-02-22T22:20:18.847+05:30  INFO 89386 --- [pool-3-thread-9] c.d.c.web.AccountsTransferController     : Transfer Amount  Transfer(accountFrom=Account123, accountTo=Account124, amount=1000)
2024-02-22T22:20:18.847+05:30  INFO 89386 --- [ool-3-thread-13] c.d.c.web.AccountsTransferController     : Transfer Amount  Transfer(accountFrom=Account123, accountTo=Account124, amount=1000)
2024-02-22T22:20:18.847+05:30  INFO 89386 --- [ool-3-thread-10] c.d.c.web.AccountsTransferController     : Transfer Amount  Transfer(accountFrom=Account123, accountTo=Account124, amount=1000)
2024-02-22T22:20:18.847+05:30  INFO 89386 --- [pool-3-thread-5] c.d.c.web.AccountsTransferController     : Transfer Amount  Transfer(accountFrom=Account123, accountTo=Account124, amount=1000)
2024-02-22T22:20:18.847+05:30  INFO 89386 --- [ool-3-thread-14] c.d.c.web.AccountsTransferController     : Transfer Amount  Transfer(accountFrom=Account123, accountTo=Account124, amount=1000)
2024-02-22T22:20:18.847+05:30  INFO 89386 --- [pool-3-thread-6] c.d.c.web.AccountsTransferController     : Transfer Amount  Transfer(accountFrom=Account123, accountTo=Account124, amount=1000)
2024-02-22T22:20:18.847+05:30  INFO 89386 --- [ool-3-thread-11] c.d.c.web.AccountsTransferController     : Transfer Amount  Transfer(accountFrom=Account123, accountTo=Account124, amount=1000)
2024-02-22T22:20:18.847+05:30  INFO 89386 --- [ool-3-thread-15] c.d.c.web.AccountsTransferController     : Transfer Amount  Transfer(accountFrom=Account123, accountTo=Account124, amount=1000)
2024-02-22T22:20:18.847+05:30  INFO 89386 --- [ool-3-thread-16] c.d.c.web.AccountsTransferController     : Transfer Amount  Transfer(accountFrom=Account123, accountTo=Account124, amount=1000)
2024-02-22T22:20:18.847+05:30  INFO 89386 --- [ool-3-thread-12] c.d.c.web.AccountsTransferController     : Transfer Amount  Transfer(accountFrom=Account123, accountTo=Account124, amount=1000)
2024-02-22T22:20:18.847+05:30  INFO 89386 --- [ool-3-thread-17] c.d.c.web.AccountsTransferController     : Transfer Amount  Transfer(accountFrom=Account123, accountTo=Account124, amount=1000)
2024-02-22T22:20:18.847+05:30  INFO 89386 --- [ool-3-thread-19] c.d.c.web.AccountsTransferController     : Transfer Amount  Transfer(accountFrom=Account123, accountTo=Account124, amount=1000)
2024-02-22T22:20:18.847+05:30  INFO 89386 --- [ool-3-thread-18] c.d.c.web.AccountsTransferController     : Transfer Amount  Transfer(accountFrom=Account123, accountTo=Account124, amount=1000)
2024-02-22T22:20:18.849+05:30  INFO 89386 --- [pool-3-thread-1] c.dws.challenge.service.TransferService  : compareBalance -1 
2024-02-22T22:20:18.851+05:30  INFO 89386 --- [pool-3-thread-7] c.dws.challenge.service.TransferService  : compareBalance -1 
2024-02-22T22:20:18.851+05:30 ERROR 89386 --- [pool-3-thread-1] c.d.c.web.AccountsTransferController     : Exception occurs

com.dws.challenge.exception.InsufficientBalanceException: Insufficient Balance in account Account123
	at com.dws.challenge.service.TransferService.transferAmount(TransferService.java:21) ~[main/:na]
	at com.dws.challenge.web.AccountsTransferController.transferAmount(AccountsTransferController.java:64) ~[main/:na]
	at com.dws.challenge.ConcurrentTransferTest.lambda$concurrentTransferTest$0(ConcurrentTransferTest.java:77) ~[test/:na]
	at java.base/java.util.concurrent.ThreadPoolExecutor.runWorker(ThreadPoolExecutor.java:1136) ~[na:na]
	at java.base/java.util.concurrent.ThreadPoolExecutor$Worker.run(ThreadPoolExecutor.java:635) ~[na:na]
	at java.base/java.lang.Thread.run(Thread.java:842) ~[na:na]

2024-02-22T22:20:18.852+05:30  INFO 89386 --- [ool-3-thread-20] c.dws.challenge.service.TransferService  : compareBalance -1 
2024-02-22T22:20:18.852+05:30 ERROR 89386 --- [pool-3-thread-7] c.d.c.web.AccountsTransferController     : Exception occurs

com.dws.challenge.exception.InsufficientBalanceException: Insufficient Balance in account Account123
	at com.dws.challenge.service.TransferService.transferAmount(TransferService.java:21) ~[main/:na]
	at com.dws.challenge.web.AccountsTransferController.transferAmount(AccountsTransferController.java:64) ~[main/:na]
	at com.dws.challenge.ConcurrentTransferTest.lambda$concurrentTransferTest$0(ConcurrentTransferTest.java:77) ~[test/:na]
	at java.base/java.util.concurrent.ThreadPoolExecutor.runWorker(ThreadPoolExecutor.java:1136) ~[na:na]
	at java.base/java.util.concurrent.ThreadPoolExecutor$Worker.run(ThreadPoolExecutor.java:635) ~[na:na]
	at java.base/java.lang.Thread.run(Thread.java:842) ~[na:na]

2024-02-22T22:20:18.853+05:30 ERROR 89386 --- [ool-3-thread-20] c.d.c.web.AccountsTransferController     : Exception occurs

com.dws.challenge.exception.InsufficientBalanceException: Insufficient Balance in account Account123
	at com.dws.challenge.service.TransferService.transferAmount(TransferService.java:21) ~[main/:na]
	at com.dws.challenge.web.AccountsTransferController.transferAmount(AccountsTransferController.java:64) ~[main/:na]
	at com.dws.challenge.ConcurrentTransferTest.lambda$concurrentTransferTest$0(ConcurrentTransferTest.java:77) ~[test/:na]
	at java.base/java.util.concurrent.ThreadPoolExecutor.runWorker(ThreadPoolExecutor.java:1136) ~[na:na]
	at java.base/java.util.concurrent.ThreadPoolExecutor$Worker.run(ThreadPoolExecutor.java:635) ~[na:na]
	at java.base/java.lang.Thread.run(Thread.java:842) ~[na:na]

2024-02-22T22:20:18.854+05:30  INFO 89386 --- [pool-3-thread-2] c.dws.challenge.service.TransferService  : compareBalance -1 
2024-02-22T22:20:18.855+05:30  INFO 89386 --- [pool-3-thread-4] c.dws.challenge.service.TransferService  : compareBalance -1 
2024-02-22T22:20:18.855+05:30 ERROR 89386 --- [pool-3-thread-2] c.d.c.web.AccountsTransferController     : Exception occurs

com.dws.challenge.exception.InsufficientBalanceException: Insufficient Balance in account Account123
	at com.dws.challenge.service.TransferService.transferAmount(TransferService.java:21) ~[main/:na]
	at com.dws.challenge.web.AccountsTransferController.transferAmount(AccountsTransferController.java:64) ~[main/:na]
	at com.dws.challenge.ConcurrentTransferTest.lambda$concurrentTransferTest$0(ConcurrentTransferTest.java:77) ~[test/:na]
	at java.base/java.util.concurrent.ThreadPoolExecutor.runWorker(ThreadPoolExecutor.java:1136) ~[na:na]
	at java.base/java.util.concurrent.ThreadPoolExecutor$Worker.run(ThreadPoolExecutor.java:635) ~[na:na]
	at java.base/java.lang.Thread.run(Thread.java:842) ~[na:na]

2024-02-22T22:20:18.856+05:30  INFO 89386 --- [ool-3-thread-18] c.dws.challenge.service.TransferService  : compareBalance -1 
2024-02-22T22:20:18.856+05:30 ERROR 89386 --- [pool-3-thread-4] c.d.c.web.AccountsTransferController     : Exception occurs

com.dws.challenge.exception.InsufficientBalanceException: Insufficient Balance in account Account123
	at com.dws.challenge.service.TransferService.transferAmount(TransferService.java:21) ~[main/:na]
	at com.dws.challenge.web.AccountsTransferController.transferAmount(AccountsTransferController.java:64) ~[main/:na]
	at com.dws.challenge.ConcurrentTransferTest.lambda$concurrentTransferTest$0(ConcurrentTransferTest.java:77) ~[test/:na]
	at java.base/java.util.concurrent.ThreadPoolExecutor.runWorker(ThreadPoolExecutor.java:1136) ~[na:na]
	at java.base/java.util.concurrent.ThreadPoolExecutor$Worker.run(ThreadPoolExecutor.java:635) ~[na:na]
	at java.base/java.lang.Thread.run(Thread.java:842) ~[na:na]

2024-02-22T22:20:18.857+05:30  INFO 89386 --- [ool-3-thread-19] c.dws.challenge.service.TransferService  : compareBalance -1 
2024-02-22T22:20:18.857+05:30 ERROR 89386 --- [ool-3-thread-18] c.d.c.web.AccountsTransferController     : Exception occurs

com.dws.challenge.exception.InsufficientBalanceException: Insufficient Balance in account Account123
	at com.dws.challenge.service.TransferService.transferAmount(TransferService.java:21) ~[main/:na]
	at com.dws.challenge.web.AccountsTransferController.transferAmount(AccountsTransferController.java:64) ~[main/:na]
	at com.dws.challenge.ConcurrentTransferTest.lambda$concurrentTransferTest$0(ConcurrentTransferTest.java:77) ~[test/:na]
	at java.base/java.util.concurrent.ThreadPoolExecutor.runWorker(ThreadPoolExecutor.java:1136) ~[na:na]
	at java.base/java.util.concurrent.ThreadPoolExecutor$Worker.run(ThreadPoolExecutor.java:635) ~[na:na]
	at java.base/java.lang.Thread.run(Thread.java:842) ~[na:na]

2024-02-22T22:20:18.857+05:30 ERROR 89386 --- [ool-3-thread-19] c.d.c.web.AccountsTransferController     : Exception occurs

com.dws.challenge.exception.InsufficientBalanceException: Insufficient Balance in account Account123
	at com.dws.challenge.service.TransferService.transferAmount(TransferService.java:21) ~[main/:na]
	at com.dws.challenge.web.AccountsTransferController.transferAmount(AccountsTransferController.java:64) ~[main/:na]
	at com.dws.challenge.ConcurrentTransferTest.lambda$concurrentTransferTest$0(ConcurrentTransferTest.java:77) ~[test/:na]
	at java.base/java.util.concurrent.ThreadPoolExecutor.runWorker(ThreadPoolExecutor.java:1136) ~[na:na]
	at java.base/java.util.concurrent.ThreadPoolExecutor$Worker.run(ThreadPoolExecutor.java:635) ~[na:na]
	at java.base/java.lang.Thread.run(Thread.java:842) ~[na:na]

2024-02-22T22:20:18.858+05:30  INFO 89386 --- [ool-3-thread-17] c.dws.challenge.service.TransferService  : compareBalance -1 
2024-02-22T22:20:18.859+05:30  INFO 89386 --- [ool-3-thread-12] c.dws.challenge.service.TransferService  : compareBalance -1 
2024-02-22T22:20:18.859+05:30 ERROR 89386 --- [ool-3-thread-17] c.d.c.web.AccountsTransferController     : Exception occurs

com.dws.challenge.exception.InsufficientBalanceException: Insufficient Balance in account Account123
	at com.dws.challenge.service.TransferService.transferAmount(TransferService.java:21) ~[main/:na]
	at com.dws.challenge.web.AccountsTransferController.transferAmount(AccountsTransferController.java:64) ~[main/:na]
	at com.dws.challenge.ConcurrentTransferTest.lambda$concurrentTransferTest$0(ConcurrentTransferTest.java:77) ~[test/:na]
	at java.base/java.util.concurrent.ThreadPoolExecutor.runWorker(ThreadPoolExecutor.java:1136) ~[na:na]
	at java.base/java.util.concurrent.ThreadPoolExecutor$Worker.run(ThreadPoolExecutor.java:635) ~[na:na]
	at java.base/java.lang.Thread.run(Thread.java:842) ~[na:na]

2024-02-22T22:20:18.860+05:30  INFO 89386 --- [ool-3-thread-16] c.dws.challenge.service.TransferService  : compareBalance -1 
2024-02-22T22:20:18.859+05:30 ERROR 89386 --- [ool-3-thread-12] c.d.c.web.AccountsTransferController     : Exception occurs

com.dws.challenge.exception.InsufficientBalanceException: Insufficient Balance in account Account123
	at com.dws.challenge.service.TransferService.transferAmount(TransferService.java:21) ~[main/:na]
	at com.dws.challenge.web.AccountsTransferController.transferAmount(AccountsTransferController.java:64) ~[main/:na]
	at com.dws.challenge.ConcurrentTransferTest.lambda$concurrentTransferTest$0(ConcurrentTransferTest.java:77) ~[test/:na]
	at java.base/java.util.concurrent.ThreadPoolExecutor.runWorker(ThreadPoolExecutor.java:1136) ~[na:na]
	at java.base/java.util.concurrent.ThreadPoolExecutor$Worker.run(ThreadPoolExecutor.java:635) ~[na:na]
	at java.base/java.lang.Thread.run(Thread.java:842) ~[na:na]

2024-02-22T22:20:18.860+05:30  INFO 89386 --- [ool-3-thread-15] c.dws.challenge.service.TransferService  : compareBalance -1 
2024-02-22T22:20:18.860+05:30 ERROR 89386 --- [ool-3-thread-16] c.d.c.web.AccountsTransferController     : Exception occurs

com.dws.challenge.exception.InsufficientBalanceException: Insufficient Balance in account Account123
	at com.dws.challenge.service.TransferService.transferAmount(TransferService.java:21) ~[main/:na]
	at com.dws.challenge.web.AccountsTransferController.transferAmount(AccountsTransferController.java:64) ~[main/:na]
	at com.dws.challenge.ConcurrentTransferTest.lambda$concurrentTransferTest$0(ConcurrentTransferTest.java:77) ~[test/:na]
	at java.base/java.util.concurrent.ThreadPoolExecutor.runWorker(ThreadPoolExecutor.java:1136) ~[na:na]
	at java.base/java.util.concurrent.ThreadPoolExecutor$Worker.run(ThreadPoolExecutor.java:635) ~[na:na]
	at java.base/java.lang.Thread.run(Thread.java:842) ~[na:na]

2024-02-22T22:20:18.861+05:30  INFO 89386 --- [ool-3-thread-11] c.dws.challenge.service.TransferService  : compareBalance -1 
2024-02-22T22:20:18.861+05:30 ERROR 89386 --- [ool-3-thread-15] c.d.c.web.AccountsTransferController     : Exception occurs

com.dws.challenge.exception.InsufficientBalanceException: Insufficient Balance in account Account123
	at com.dws.challenge.service.TransferService.transferAmount(TransferService.java:21) ~[main/:na]
	at com.dws.challenge.web.AccountsTransferController.transferAmount(AccountsTransferController.java:64) ~[main/:na]
	at com.dws.challenge.ConcurrentTransferTest.lambda$concurrentTransferTest$0(ConcurrentTransferTest.java:77) ~[test/:na]
	at java.base/java.util.concurrent.ThreadPoolExecutor.runWorker(ThreadPoolExecutor.java:1136) ~[na:na]
	at java.base/java.util.concurrent.ThreadPoolExecutor$Worker.run(ThreadPoolExecutor.java:635) ~[na:na]
	at java.base/java.lang.Thread.run(Thread.java:842) ~[na:na]

2024-02-22T22:20:18.861+05:30  INFO 89386 --- [pool-3-thread-6] c.dws.challenge.service.TransferService  : compareBalance -1 
2024-02-22T22:20:18.861+05:30 ERROR 89386 --- [ool-3-thread-11] c.d.c.web.AccountsTransferController     : Exception occurs

com.dws.challenge.exception.InsufficientBalanceException: Insufficient Balance in account Account123
	at com.dws.challenge.service.TransferService.transferAmount(TransferService.java:21) ~[main/:na]
	at com.dws.challenge.web.AccountsTransferController.transferAmount(AccountsTransferController.java:64) ~[main/:na]
	at com.dws.challenge.ConcurrentTransferTest.lambda$concurrentTransferTest$0(ConcurrentTransferTest.java:77) ~[test/:na]
	at java.base/java.util.concurrent.ThreadPoolExecutor.runWorker(ThreadPoolExecutor.java:1136) ~[na:na]
	at java.base/java.util.concurrent.ThreadPoolExecutor$Worker.run(ThreadPoolExecutor.java:635) ~[na:na]
	at java.base/java.lang.Thread.run(Thread.java:842) ~[na:na]

2024-02-22T22:20:18.862+05:30  INFO 89386 --- [ool-3-thread-14] c.dws.challenge.service.TransferService  : compareBalance -1 
2024-02-22T22:20:18.862+05:30 ERROR 89386 --- [pool-3-thread-6] c.d.c.web.AccountsTransferController     : Exception occurs

com.dws.challenge.exception.InsufficientBalanceException: Insufficient Balance in account Account123
	at com.dws.challenge.service.TransferService.transferAmount(TransferService.java:21) ~[main/:na]
	at com.dws.challenge.web.AccountsTransferController.transferAmount(AccountsTransferController.java:64) ~[main/:na]
	at com.dws.challenge.ConcurrentTransferTest.lambda$concurrentTransferTest$0(ConcurrentTransferTest.java:77) ~[test/:na]
	at java.base/java.util.concurrent.ThreadPoolExecutor.runWorker(ThreadPoolExecutor.java:1136) ~[na:na]
	at java.base/java.util.concurrent.ThreadPoolExecutor$Worker.run(ThreadPoolExecutor.java:635) ~[na:na]
	at java.base/java.lang.Thread.run(Thread.java:842) ~[na:na]

2024-02-22T22:20:18.863+05:30  INFO 89386 --- [pool-3-thread-5] c.dws.challenge.service.TransferService  : compareBalance -1 
2024-02-22T22:20:18.863+05:30 ERROR 89386 --- [ool-3-thread-14] c.d.c.web.AccountsTransferController     : Exception occurs

com.dws.challenge.exception.InsufficientBalanceException: Insufficient Balance in account Account123
	at com.dws.challenge.service.TransferService.transferAmount(TransferService.java:21) ~[main/:na]
	at com.dws.challenge.web.AccountsTransferController.transferAmount(AccountsTransferController.java:64) ~[main/:na]
	at com.dws.challenge.ConcurrentTransferTest.lambda$concurrentTransferTest$0(ConcurrentTransferTest.java:77) ~[test/:na]
	at java.base/java.util.concurrent.ThreadPoolExecutor.runWorker(ThreadPoolExecutor.java:1136) ~[na:na]
	at java.base/java.util.concurrent.ThreadPoolExecutor$Worker.run(ThreadPoolExecutor.java:635) ~[na:na]
	at java.base/java.lang.Thread.run(Thread.java:842) ~[na:na]

2024-02-22T22:20:18.864+05:30  INFO 89386 --- [ool-3-thread-10] c.dws.challenge.service.TransferService  : compareBalance -1 
2024-02-22T22:20:18.864+05:30 ERROR 89386 --- [pool-3-thread-5] c.d.c.web.AccountsTransferController     : Exception occurs

com.dws.challenge.exception.InsufficientBalanceException: Insufficient Balance in account Account123
	at com.dws.challenge.service.TransferService.transferAmount(TransferService.java:21) ~[main/:na]
	at com.dws.challenge.web.AccountsTransferController.transferAmount(AccountsTransferController.java:64) ~[main/:na]
	at com.dws.challenge.ConcurrentTransferTest.lambda$concurrentTransferTest$0(ConcurrentTransferTest.java:77) ~[test/:na]
	at java.base/java.util.concurrent.ThreadPoolExecutor.runWorker(ThreadPoolExecutor.java:1136) ~[na:na]
	at java.base/java.util.concurrent.ThreadPoolExecutor$Worker.run(ThreadPoolExecutor.java:635) ~[na:na]
	at java.base/java.lang.Thread.run(Thread.java:842) ~[na:na]

2024-02-22T22:20:18.865+05:30  INFO 89386 --- [ool-3-thread-13] c.dws.challenge.service.TransferService  : compareBalance -1 
2024-02-22T22:20:18.864+05:30 ERROR 89386 --- [ool-3-thread-10] c.d.c.web.AccountsTransferController     : Exception occurs

com.dws.challenge.exception.InsufficientBalanceException: Insufficient Balance in account Account123
	at com.dws.challenge.service.TransferService.transferAmount(TransferService.java:21) ~[main/:na]
	at com.dws.challenge.web.AccountsTransferController.transferAmount(AccountsTransferController.java:64) ~[main/:na]
	at com.dws.challenge.ConcurrentTransferTest.lambda$concurrentTransferTest$0(ConcurrentTransferTest.java:77) ~[test/:na]
	at java.base/java.util.concurrent.ThreadPoolExecutor.runWorker(ThreadPoolExecutor.java:1136) ~[na:na]
	at java.base/java.util.concurrent.ThreadPoolExecutor$Worker.run(ThreadPoolExecutor.java:635) ~[na:na]
	at java.base/java.lang.Thread.run(Thread.java:842) ~[na:na]

2024-02-22T22:20:18.865+05:30  INFO 89386 --- [pool-3-thread-9] c.dws.challenge.service.TransferService  : compareBalance -1 
2024-02-22T22:20:18.865+05:30 ERROR 89386 --- [ool-3-thread-13] c.d.c.web.AccountsTransferController     : Exception occurs

com.dws.challenge.exception.InsufficientBalanceException: Insufficient Balance in account Account123
	at com.dws.challenge.service.TransferService.transferAmount(TransferService.java:21) ~[main/:na]
	at com.dws.challenge.web.AccountsTransferController.transferAmount(AccountsTransferController.java:64) ~[main/:na]
	at com.dws.challenge.ConcurrentTransferTest.lambda$concurrentTransferTest$0(ConcurrentTransferTest.java:77) ~[test/:na]
	at java.base/java.util.concurrent.ThreadPoolExecutor.runWorker(ThreadPoolExecutor.java:1136) ~[na:na]
	at java.base/java.util.concurrent.ThreadPoolExecutor$Worker.run(ThreadPoolExecutor.java:635) ~[na:na]
	at java.base/java.lang.Thread.run(Thread.java:842) ~[na:na]

2024-02-22T22:20:18.866+05:30  INFO 89386 --- [pool-3-thread-3] c.dws.challenge.service.TransferService  : compareBalance -1 
2024-02-22T22:20:18.866+05:30 ERROR 89386 --- [pool-3-thread-9] c.d.c.web.AccountsTransferController     : Exception occurs

com.dws.challenge.exception.InsufficientBalanceException: Insufficient Balance in account Account123
	at com.dws.challenge.service.TransferService.transferAmount(TransferService.java:21) ~[main/:na]
	at com.dws.challenge.web.AccountsTransferController.transferAmount(AccountsTransferController.java:64) ~[main/:na]
	at com.dws.challenge.ConcurrentTransferTest.lambda$concurrentTransferTest$0(ConcurrentTransferTest.java:77) ~[test/:na]
	at java.base/java.util.concurrent.ThreadPoolExecutor.runWorker(ThreadPoolExecutor.java:1136) ~[na:na]
	at java.base/java.util.concurrent.ThreadPoolExecutor$Worker.run(ThreadPoolExecutor.java:635) ~[na:na]
	at java.base/java.lang.Thread.run(Thread.java:842) ~[na:na]

2024-02-22T22:20:18.866+05:30 ERROR 89386 --- [pool-3-thread-3] c.d.c.web.AccountsTransferController     : Exception occurs

com.dws.challenge.exception.InsufficientBalanceException: Insufficient Balance in account Account123
	at com.dws.challenge.service.TransferService.transferAmount(TransferService.java:21) ~[main/:na]
	at com.dws.challenge.web.AccountsTransferController.transferAmount(AccountsTransferController.java:64) ~[main/:na]
	at com.dws.challenge.ConcurrentTransferTest.lambda$concurrentTransferTest$0(ConcurrentTransferTest.java:77) ~[test/:na]
	at java.base/java.util.concurrent.ThreadPoolExecutor.runWorker(ThreadPoolExecutor.java:1136) ~[na:na]
	at java.base/java.util.concurrent.ThreadPoolExecutor$Worker.run(ThreadPoolExecutor.java:635) ~[na:na]
	at java.base/java.lang.Thread.run(Thread.java:842) ~[na:na]

2024-02-22T22:20:18.884+05:30  INFO 89386 --- [pool-4-thread-2] c.d.c.web.AccountsTransferController     : Transfer Amount  Transfer(accountFrom=Account123, accountTo=Account124, amount=1000)
2024-02-22T22:20:18.884+05:30  INFO 89386 --- [pool-4-thread-3] c.d.c.web.AccountsTransferController     : Transfer Amount  Transfer(accountFrom=Account123, accountTo=Account124, amount=1000)
2024-02-22T22:20:18.885+05:30  INFO 89386 --- [ool-4-thread-12] c.d.c.web.AccountsTransferController     : Transfer Amount  Transfer(accountFrom=Account123, accountTo=Account124, amount=1000)
2024-02-22T22:20:18.885+05:30  INFO 89386 --- [ool-4-thread-16] c.d.c.web.AccountsTransferController     : Transfer Amount  Transfer(accountFrom=Account123, accountTo=Account124, amount=1000)
2024-02-22T22:20:18.885+05:30  INFO 89386 --- [ool-4-thread-18] c.d.c.web.AccountsTransferController     : Transfer Amount  Transfer(accountFrom=Account123, accountTo=Account124, amount=1000)
2024-02-22T22:20:18.885+05:30  INFO 89386 --- [ool-4-thread-19] c.d.c.web.AccountsTransferController     : Transfer Amount  Transfer(accountFrom=Account123, accountTo=Account124, amount=1000)
2024-02-22T22:20:18.884+05:30  INFO 89386 --- [pool-4-thread-5] c.d.c.web.AccountsTransferController     : Transfer Amount  Transfer(accountFrom=Account123, accountTo=Account124, amount=1000)
2024-02-22T22:20:18.884+05:30  INFO 89386 --- [ool-4-thread-20] c.d.c.web.AccountsTransferController     : Transfer Amount  Transfer(accountFrom=Account123, accountTo=Account124, amount=1000)
2024-02-22T22:20:18.884+05:30  INFO 89386 --- [pool-4-thread-4] c.d.c.web.AccountsTransferController     : Transfer Amount  Transfer(accountFrom=Account123, accountTo=Account124, amount=1000)
2024-02-22T22:20:18.884+05:30  INFO 89386 --- [pool-4-thread-6] c.d.c.web.AccountsTransferController     : Transfer Amount  Transfer(accountFrom=Account123, accountTo=Account124, amount=1000)
2024-02-22T22:20:18.884+05:30  INFO 89386 --- [pool-4-thread-1] c.d.c.web.AccountsTransferController     : Transfer Amount  Transfer(accountFrom=Account123, accountTo=Account124, amount=1000)
2024-02-22T22:20:18.884+05:30  INFO 89386 --- [pool-4-thread-8] c.d.c.web.AccountsTransferController     : Transfer Amount  Transfer(accountFrom=Account123, accountTo=Account124, amount=1000)
2024-02-22T22:20:18.884+05:30  INFO 89386 --- [pool-4-thread-9] c.d.c.web.AccountsTransferController     : Transfer Amount  Transfer(accountFrom=Account123, accountTo=Account124, amount=1000)
2024-02-22T22:20:18.884+05:30  INFO 89386 --- [ool-4-thread-10] c.d.c.web.AccountsTransferController     : Transfer Amount  Transfer(accountFrom=Account123, accountTo=Account124, amount=1000)
2024-02-22T22:20:18.884+05:30  INFO 89386 --- [pool-4-thread-7] c.d.c.web.AccountsTransferController     : Transfer Amount  Transfer(accountFrom=Account123, accountTo=Account124, amount=1000)
2024-02-22T22:20:18.885+05:30  INFO 89386 --- [ool-4-thread-11] c.d.c.web.AccountsTransferController     : Transfer Amount  Transfer(accountFrom=Account123, accountTo=Account124, amount=1000)
2024-02-22T22:20:18.885+05:30  INFO 89386 --- [pool-4-thread-2] c.dws.challenge.service.TransferService  : compareBalance 0 
2024-02-22T22:20:18.885+05:30  INFO 89386 --- [ool-4-thread-14] c.d.c.web.AccountsTransferController     : Transfer Amount  Transfer(accountFrom=Account123, accountTo=Account124, amount=1000)
2024-02-22T22:20:18.885+05:30  INFO 89386 --- [ool-4-thread-13] c.d.c.web.AccountsTransferController     : Transfer Amount  Transfer(accountFrom=Account123, accountTo=Account124, amount=1000)
2024-02-22T22:20:18.885+05:30  INFO 89386 --- [ool-4-thread-15] c.d.c.web.AccountsTransferController     : Transfer Amount  Transfer(accountFrom=Account123, accountTo=Account124, amount=1000)
2024-02-22T22:20:18.885+05:30  INFO 89386 --- [ool-4-thread-17] c.d.c.web.AccountsTransferController     : Transfer Amount  Transfer(accountFrom=Account123, accountTo=Account124, amount=1000)
2024-02-22T22:20:18.888+05:30  INFO 89386 --- [pool-4-thread-2] c.d.c.web.AccountsTransferController     : notification sent successfully
2024-02-22T22:20:18.888+05:30  INFO 89386 --- [ool-4-thread-17] c.dws.challenge.service.TransferService  : compareBalance -1 
2024-02-22T22:20:18.889+05:30  INFO 89386 --- [ool-4-thread-15] c.dws.challenge.service.TransferService  : compareBalance -1 
2024-02-22T22:20:18.889+05:30 ERROR 89386 --- [ool-4-thread-17] c.d.c.web.AccountsTransferController     : Exception occurs

com.dws.challenge.exception.InsufficientBalanceException: Insufficient Balance in account Account123
	at com.dws.challenge.service.TransferService.transferAmount(TransferService.java:21) ~[main/:na]
	at com.dws.challenge.web.AccountsTransferController.transferAmount(AccountsTransferController.java:64) ~[main/:na]
	at com.dws.challenge.ConcurrentTransferTest.lambda$concurrentTransferTest$0(ConcurrentTransferTest.java:77) ~[test/:na]
	at java.base/java.util.concurrent.ThreadPoolExecutor.runWorker(ThreadPoolExecutor.java:1136) ~[na:na]
	at java.base/java.util.concurrent.ThreadPoolExecutor$Worker.run(ThreadPoolExecutor.java:635) ~[na:na]
	at java.base/java.lang.Thread.run(Thread.java:842) ~[na:na]

2024-02-22T22:20:18.889+05:30  INFO 89386 --- [ool-4-thread-13] c.dws.challenge.service.TransferService  : compareBalance -1 
2024-02-22T22:20:18.889+05:30 ERROR 89386 --- [ool-4-thread-15] c.d.c.web.AccountsTransferController     : Exception occurs

com.dws.challenge.exception.InsufficientBalanceException: Insufficient Balance in account Account123
	at com.dws.challenge.service.TransferService.transferAmount(TransferService.java:21) ~[main/:na]
	at com.dws.challenge.web.AccountsTransferController.transferAmount(AccountsTransferController.java:64) ~[main/:na]
	at com.dws.challenge.ConcurrentTransferTest.lambda$concurrentTransferTest$0(ConcurrentTransferTest.java:77) ~[test/:na]
	at java.base/java.util.concurrent.ThreadPoolExecutor.runWorker(ThreadPoolExecutor.java:1136) ~[na:na]
	at java.base/java.util.concurrent.ThreadPoolExecutor$Worker.run(ThreadPoolExecutor.java:635) ~[na:na]
	at java.base/java.lang.Thread.run(Thread.java:842) ~[na:na]

2024-02-22T22:20:18.890+05:30  INFO 89386 --- [ool-4-thread-14] c.dws.challenge.service.TransferService  : compareBalance -1 
2024-02-22T22:20:18.890+05:30 ERROR 89386 --- [ool-4-thread-13] c.d.c.web.AccountsTransferController     : Exception occurs

com.dws.challenge.exception.InsufficientBalanceException: Insufficient Balance in account Account123
	at com.dws.challenge.service.TransferService.transferAmount(TransferService.java:21) ~[main/:na]
	at com.dws.challenge.web.AccountsTransferController.transferAmount(AccountsTransferController.java:64) ~[main/:na]
	at com.dws.challenge.ConcurrentTransferTest.lambda$concurrentTransferTest$0(ConcurrentTransferTest.java:77) ~[test/:na]
	at java.base/java.util.concurrent.ThreadPoolExecutor.runWorker(ThreadPoolExecutor.java:1136) ~[na:na]
	at java.base/java.util.concurrent.ThreadPoolExecutor$Worker.run(ThreadPoolExecutor.java:635) ~[na:na]
	at java.base/java.lang.Thread.run(Thread.java:842) ~[na:na]

2024-02-22T22:20:18.890+05:30  INFO 89386 --- [ool-4-thread-11] c.dws.challenge.service.TransferService  : compareBalance -1 
2024-02-22T22:20:18.890+05:30 ERROR 89386 --- [ool-4-thread-14] c.d.c.web.AccountsTransferController     : Exception occurs

com.dws.challenge.exception.InsufficientBalanceException: Insufficient Balance in account Account123
	at com.dws.challenge.service.TransferService.transferAmount(TransferService.java:21) ~[main/:na]
	at com.dws.challenge.web.AccountsTransferController.transferAmount(AccountsTransferController.java:64) ~[main/:na]
	at com.dws.challenge.ConcurrentTransferTest.lambda$concurrentTransferTest$0(ConcurrentTransferTest.java:77) ~[test/:na]
	at java.base/java.util.concurrent.ThreadPoolExecutor.runWorker(ThreadPoolExecutor.java:1136) ~[na:na]
	at java.base/java.util.concurrent.ThreadPoolExecutor$Worker.run(ThreadPoolExecutor.java:635) ~[na:na]
	at java.base/java.lang.Thread.run(Thread.java:842) ~[na:na]

2024-02-22T22:20:18.891+05:30 ERROR 89386 --- [ool-4-thread-11] c.d.c.web.AccountsTransferController     : Exception occurs

com.dws.challenge.exception.InsufficientBalanceException: Insufficient Balance in account Account123
	at com.dws.challenge.service.TransferService.transferAmount(TransferService.java:21) ~[main/:na]
	at com.dws.challenge.web.AccountsTransferController.transferAmount(AccountsTransferController.java:64) ~[main/:na]
	at com.dws.challenge.ConcurrentTransferTest.lambda$concurrentTransferTest$0(ConcurrentTransferTest.java:77) ~[test/:na]
	at java.base/java.util.concurrent.ThreadPoolExecutor.runWorker(ThreadPoolExecutor.java:1136) ~[na:na]
	at java.base/java.util.concurrent.ThreadPoolExecutor$Worker.run(ThreadPoolExecutor.java:635) ~[na:na]
	at java.base/java.lang.Thread.run(Thread.java:842) ~[na:na]

2024-02-22T22:20:18.891+05:30  INFO 89386 --- [pool-4-thread-7] c.dws.challenge.service.TransferService  : compareBalance -1 
2024-02-22T22:20:18.892+05:30  INFO 89386 --- [ool-4-thread-10] c.dws.challenge.service.TransferService  : compareBalance -1 
2024-02-22T22:20:18.892+05:30 ERROR 89386 --- [pool-4-thread-7] c.d.c.web.AccountsTransferController     : Exception occurs

com.dws.challenge.exception.InsufficientBalanceException: Insufficient Balance in account Account123
	at com.dws.challenge.service.TransferService.transferAmount(TransferService.java:21) ~[main/:na]
	at com.dws.challenge.web.AccountsTransferController.transferAmount(AccountsTransferController.java:64) ~[main/:na]
	at com.dws.challenge.ConcurrentTransferTest.lambda$concurrentTransferTest$0(ConcurrentTransferTest.java:77) ~[test/:na]
	at java.base/java.util.concurrent.ThreadPoolExecutor.runWorker(ThreadPoolExecutor.java:1136) ~[na:na]
	at java.base/java.util.concurrent.ThreadPoolExecutor$Worker.run(ThreadPoolExecutor.java:635) ~[na:na]
	at java.base/java.lang.Thread.run(Thread.java:842) ~[na:na]

2024-02-22T22:20:18.893+05:30  INFO 89386 --- [pool-4-thread-9] c.dws.challenge.service.TransferService  : compareBalance -1 
2024-02-22T22:20:18.893+05:30 ERROR 89386 --- [ool-4-thread-10] c.d.c.web.AccountsTransferController     : Exception occurs

com.dws.challenge.exception.InsufficientBalanceException: Insufficient Balance in account Account123
	at com.dws.challenge.service.TransferService.transferAmount(TransferService.java:21) ~[main/:na]
	at com.dws.challenge.web.AccountsTransferController.transferAmount(AccountsTransferController.java:64) ~[main/:na]
	at com.dws.challenge.ConcurrentTransferTest.lambda$concurrentTransferTest$0(ConcurrentTransferTest.java:77) ~[test/:na]
	at java.base/java.util.concurrent.ThreadPoolExecutor.runWorker(ThreadPoolExecutor.java:1136) ~[na:na]
	at java.base/java.util.concurrent.ThreadPoolExecutor$Worker.run(ThreadPoolExecutor.java:635) ~[na:na]
	at java.base/java.lang.Thread.run(Thread.java:842) ~[na:na]

2024-02-22T22:20:18.893+05:30  INFO 89386 --- [pool-4-thread-8] c.dws.challenge.service.TransferService  : compareBalance -1 
2024-02-22T22:20:18.893+05:30 ERROR 89386 --- [pool-4-thread-9] c.d.c.web.AccountsTransferController     : Exception occurs

com.dws.challenge.exception.InsufficientBalanceException: Insufficient Balance in account Account123
	at com.dws.challenge.service.TransferService.transferAmount(TransferService.java:21) ~[main/:na]
	at com.dws.challenge.web.AccountsTransferController.transferAmount(AccountsTransferController.java:64) ~[main/:na]
	at com.dws.challenge.ConcurrentTransferTest.lambda$concurrentTransferTest$0(ConcurrentTransferTest.java:77) ~[test/:na]
	at java.base/java.util.concurrent.ThreadPoolExecutor.runWorker(ThreadPoolExecutor.java:1136) ~[na:na]
	at java.base/java.util.concurrent.ThreadPoolExecutor$Worker.run(ThreadPoolExecutor.java:635) ~[na:na]
	at java.base/java.lang.Thread.run(Thread.java:842) ~[na:na]

2024-02-22T22:20:18.894+05:30  INFO 89386 --- [pool-4-thread-1] c.dws.challenge.service.TransferService  : compareBalance -1 
2024-02-22T22:20:18.894+05:30 ERROR 89386 --- [pool-4-thread-8] c.d.c.web.AccountsTransferController     : Exception occurs

com.dws.challenge.exception.InsufficientBalanceException: Insufficient Balance in account Account123
	at com.dws.challenge.service.TransferService.transferAmount(TransferService.java:21) ~[main/:na]
	at com.dws.challenge.web.AccountsTransferController.transferAmount(AccountsTransferController.java:64) ~[main/:na]
	at com.dws.challenge.ConcurrentTransferTest.lambda$concurrentTransferTest$0(ConcurrentTransferTest.java:77) ~[test/:na]
	at java.base/java.util.concurrent.ThreadPoolExecutor.runWorker(ThreadPoolExecutor.java:1136) ~[na:na]
	at java.base/java.util.concurrent.ThreadPoolExecutor$Worker.run(ThreadPoolExecutor.java:635) ~[na:na]
	at java.base/java.lang.Thread.run(Thread.java:842) ~[na:na]

2024-02-22T22:20:18.895+05:30  INFO 89386 --- [pool-4-thread-6] c.dws.challenge.service.TransferService  : compareBalance -1 
2024-02-22T22:20:18.895+05:30 ERROR 89386 --- [pool-4-thread-1] c.d.c.web.AccountsTransferController     : Exception occurs

com.dws.challenge.exception.InsufficientBalanceException: Insufficient Balance in account Account123
	at com.dws.challenge.service.TransferService.transferAmount(TransferService.java:21) ~[main/:na]
	at com.dws.challenge.web.AccountsTransferController.transferAmount(AccountsTransferController.java:64) ~[main/:na]
	at com.dws.challenge.ConcurrentTransferTest.lambda$concurrentTransferTest$0(ConcurrentTransferTest.java:77) ~[test/:na]
	at java.base/java.util.concurrent.ThreadPoolExecutor.runWorker(ThreadPoolExecutor.java:1136) ~[na:na]
	at java.base/java.util.concurrent.ThreadPoolExecutor$Worker.run(ThreadPoolExecutor.java:635) ~[na:na]
	at java.base/java.lang.Thread.run(Thread.java:842) ~[na:na]

2024-02-22T22:20:18.895+05:30  INFO 89386 --- [pool-4-thread-4] c.dws.challenge.service.TransferService  : compareBalance -1 
2024-02-22T22:20:18.895+05:30 ERROR 89386 --- [pool-4-thread-6] c.d.c.web.AccountsTransferController     : Exception occurs

com.dws.challenge.exception.InsufficientBalanceException: Insufficient Balance in account Account123
	at com.dws.challenge.service.TransferService.transferAmount(TransferService.java:21) ~[main/:na]
	at com.dws.challenge.web.AccountsTransferController.transferAmount(AccountsTransferController.java:64) ~[main/:na]
	at com.dws.challenge.ConcurrentTransferTest.lambda$concurrentTransferTest$0(ConcurrentTransferTest.java:77) ~[test/:na]
	at java.base/java.util.concurrent.ThreadPoolExecutor.runWorker(ThreadPoolExecutor.java:1136) ~[na:na]
	at java.base/java.util.concurrent.ThreadPoolExecutor$Worker.run(ThreadPoolExecutor.java:635) ~[na:na]
	at java.base/java.lang.Thread.run(Thread.java:842) ~[na:na]

2024-02-22T22:20:18.896+05:30  INFO 89386 --- [ool-4-thread-20] c.dws.challenge.service.TransferService  : compareBalance -1 
2024-02-22T22:20:18.896+05:30 ERROR 89386 --- [pool-4-thread-4] c.d.c.web.AccountsTransferController     : Exception occurs

com.dws.challenge.exception.InsufficientBalanceException: Insufficient Balance in account Account123
	at com.dws.challenge.service.TransferService.transferAmount(TransferService.java:21) ~[main/:na]
	at com.dws.challenge.web.AccountsTransferController.transferAmount(AccountsTransferController.java:64) ~[main/:na]
	at com.dws.challenge.ConcurrentTransferTest.lambda$concurrentTransferTest$0(ConcurrentTransferTest.java:77) ~[test/:na]
	at java.base/java.util.concurrent.ThreadPoolExecutor.runWorker(ThreadPoolExecutor.java:1136) ~[na:na]
	at java.base/java.util.concurrent.ThreadPoolExecutor$Worker.run(ThreadPoolExecutor.java:635) ~[na:na]
	at java.base/java.lang.Thread.run(Thread.java:842) ~[na:na]

2024-02-22T22:20:18.896+05:30 ERROR 89386 --- [ool-4-thread-20] c.d.c.web.AccountsTransferController     : Exception occurs

com.dws.challenge.exception.InsufficientBalanceException: Insufficient Balance in account Account123
	at com.dws.challenge.service.TransferService.transferAmount(TransferService.java:21) ~[main/:na]
	at com.dws.challenge.web.AccountsTransferController.transferAmount(AccountsTransferController.java:64) ~[main/:na]
	at com.dws.challenge.ConcurrentTransferTest.lambda$concurrentTransferTest$0(ConcurrentTransferTest.java:77) ~[test/:na]
	at java.base/java.util.concurrent.ThreadPoolExecutor.runWorker(ThreadPoolExecutor.java:1136) ~[na:na]
	at java.base/java.util.concurrent.ThreadPoolExecutor$Worker.run(ThreadPoolExecutor.java:635) ~[na:na]
	at java.base/java.lang.Thread.run(Thread.java:842) ~[na:na]

2024-02-22T22:20:18.897+05:30  INFO 89386 --- [pool-4-thread-5] c.dws.challenge.service.TransferService  : compareBalance -1 
2024-02-22T22:20:18.897+05:30  INFO 89386 --- [ool-4-thread-19] c.dws.challenge.service.TransferService  : compareBalance -1 
2024-02-22T22:20:18.897+05:30 ERROR 89386 --- [pool-4-thread-5] c.d.c.web.AccountsTransferController     : Exception occurs

com.dws.challenge.exception.InsufficientBalanceException: Insufficient Balance in account Account123
	at com.dws.challenge.service.TransferService.transferAmount(TransferService.java:21) ~[main/:na]
	at com.dws.challenge.web.AccountsTransferController.transferAmount(AccountsTransferController.java:64) ~[main/:na]
	at com.dws.challenge.ConcurrentTransferTest.lambda$concurrentTransferTest$0(ConcurrentTransferTest.java:77) ~[test/:na]
	at java.base/java.util.concurrent.ThreadPoolExecutor.runWorker(ThreadPoolExecutor.java:1136) ~[na:na]
	at java.base/java.util.concurrent.ThreadPoolExecutor$Worker.run(ThreadPoolExecutor.java:635) ~[na:na]
	at java.base/java.lang.Thread.run(Thread.java:842) ~[na:na]

2024-02-22T22:20:18.898+05:30  INFO 89386 --- [ool-4-thread-18] c.dws.challenge.service.TransferService  : compareBalance -1 
2024-02-22T22:20:18.898+05:30 ERROR 89386 --- [ool-4-thread-19] c.d.c.web.AccountsTransferController     : Exception occurs

com.dws.challenge.exception.InsufficientBalanceException: Insufficient Balance in account Account123
	at com.dws.challenge.service.TransferService.transferAmount(TransferService.java:21) ~[main/:na]
	at com.dws.challenge.web.AccountsTransferController.transferAmount(AccountsTransferController.java:64) ~[main/:na]
	at com.dws.challenge.ConcurrentTransferTest.lambda$concurrentTransferTest$0(ConcurrentTransferTest.java:77) ~[test/:na]
	at java.base/java.util.concurrent.ThreadPoolExecutor.runWorker(ThreadPoolExecutor.java:1136) ~[na:na]
	at java.base/java.util.concurrent.ThreadPoolExecutor$Worker.run(ThreadPoolExecutor.java:635) ~[na:na]
	at java.base/java.lang.Thread.run(Thread.java:842) ~[na:na]

2024-02-22T22:20:18.898+05:30  INFO 89386 --- [ool-4-thread-16] c.dws.challenge.service.TransferService  : compareBalance -1 
2024-02-22T22:20:18.898+05:30 ERROR 89386 --- [ool-4-thread-18] c.d.c.web.AccountsTransferController     : Exception occurs

com.dws.challenge.exception.InsufficientBalanceException: Insufficient Balance in account Account123
	at com.dws.challenge.service.TransferService.transferAmount(TransferService.java:21) ~[main/:na]
	at com.dws.challenge.web.AccountsTransferController.transferAmount(AccountsTransferController.java:64) ~[main/:na]
	at com.dws.challenge.ConcurrentTransferTest.lambda$concurrentTransferTest$0(ConcurrentTransferTest.java:77) ~[test/:na]
	at java.base/java.util.concurrent.ThreadPoolExecutor.runWorker(ThreadPoolExecutor.java:1136) ~[na:na]
	at java.base/java.util.concurrent.ThreadPoolExecutor$Worker.run(ThreadPoolExecutor.java:635) ~[na:na]
	at java.base/java.lang.Thread.run(Thread.java:842) ~[na:na]

2024-02-22T22:20:18.899+05:30  INFO 89386 --- [ool-4-thread-12] c.dws.challenge.service.TransferService  : compareBalance -1 
2024-02-22T22:20:18.899+05:30 ERROR 89386 --- [ool-4-thread-16] c.d.c.web.AccountsTransferController     : Exception occurs

com.dws.challenge.exception.InsufficientBalanceException: Insufficient Balance in account Account123
	at com.dws.challenge.service.TransferService.transferAmount(TransferService.java:21) ~[main/:na]
	at com.dws.challenge.web.AccountsTransferController.transferAmount(AccountsTransferController.java:64) ~[main/:na]
	at com.dws.challenge.ConcurrentTransferTest.lambda$concurrentTransferTest$0(ConcurrentTransferTest.java:77) ~[test/:na]
	at java.base/java.util.concurrent.ThreadPoolExecutor.runWorker(ThreadPoolExecutor.java:1136) ~[na:na]
	at java.base/java.util.concurrent.ThreadPoolExecutor$Worker.run(ThreadPoolExecutor.java:635) ~[na:na]
	at java.base/java.lang.Thread.run(Thread.java:842) ~[na:na]

2024-02-22T22:20:18.899+05:30 ERROR 89386 --- [ool-4-thread-12] c.d.c.web.AccountsTransferController     : Exception occurs

com.dws.challenge.exception.InsufficientBalanceException: Insufficient Balance in account Account123
	at com.dws.challenge.service.TransferService.transferAmount(TransferService.java:21) ~[main/:na]
	at com.dws.challenge.web.AccountsTransferController.transferAmount(AccountsTransferController.java:64) ~[main/:na]
	at com.dws.challenge.ConcurrentTransferTest.lambda$concurrentTransferTest$0(ConcurrentTransferTest.java:77) ~[test/:na]
	at java.base/java.util.concurrent.ThreadPoolExecutor.runWorker(ThreadPoolExecutor.java:1136) ~[na:na]
	at java.base/java.util.concurrent.ThreadPoolExecutor$Worker.run(ThreadPoolExecutor.java:635) ~[na:na]
	at java.base/java.lang.Thread.run(Thread.java:842) ~[na:na]

2024-02-22T22:20:18.900+05:30  INFO 89386 --- [pool-4-thread-3] c.dws.challenge.service.TransferService  : compareBalance -1 
2024-02-22T22:20:18.900+05:30 ERROR 89386 --- [pool-4-thread-3] c.d.c.web.AccountsTransferController     : Exception occurs

com.dws.challenge.exception.InsufficientBalanceException: Insufficient Balance in account Account123
	at com.dws.challenge.service.TransferService.transferAmount(TransferService.java:21) ~[main/:na]
	at com.dws.challenge.web.AccountsTransferController.transferAmount(AccountsTransferController.java:64) ~[main/:na]
	at com.dws.challenge.ConcurrentTransferTest.lambda$concurrentTransferTest$0(ConcurrentTransferTest.java:77) ~[test/:na]
	at java.base/java.util.concurrent.ThreadPoolExecutor.runWorker(ThreadPoolExecutor.java:1136) ~[na:na]
	at java.base/java.util.concurrent.ThreadPoolExecutor$Worker.run(ThreadPoolExecutor.java:635) ~[na:na]
	at java.base/java.lang.Thread.run(Thread.java:842) ~[na:na]

2024-02-22T22:20:18.918+05:30  INFO 89386 --- [pool-5-thread-1] c.d.c.web.AccountsTransferController     : Transfer Amount  Transfer(accountFrom=Account123, accountTo=Account124, amount=1000)
2024-02-22T22:20:18.918+05:30  INFO 89386 --- [pool-5-thread-7] c.d.c.web.AccountsTransferController     : Transfer Amount  Transfer(accountFrom=Account123, accountTo=Account124, amount=1000)
2024-02-22T22:20:18.918+05:30  INFO 89386 --- [pool-5-thread-9] c.d.c.web.AccountsTransferController     : Transfer Amount  Transfer(accountFrom=Account123, accountTo=Account124, amount=1000)
2024-02-22T22:20:18.918+05:30  INFO 89386 --- [ool-5-thread-11] c.d.c.web.AccountsTransferController     : Transfer Amount  Transfer(accountFrom=Account123, accountTo=Account124, amount=1000)
2024-02-22T22:20:18.918+05:30  INFO 89386 --- [pool-5-thread-2] c.d.c.web.AccountsTransferController     : Transfer Amount  Transfer(accountFrom=Account123, accountTo=Account124, amount=1000)
2024-02-22T22:20:18.919+05:30  INFO 89386 --- [ool-5-thread-13] c.d.c.web.AccountsTransferController     : Transfer Amount  Transfer(accountFrom=Account123, accountTo=Account124, amount=1000)
2024-02-22T22:20:18.918+05:30  INFO 89386 --- [ool-5-thread-20] c.d.c.web.AccountsTransferController     : Transfer Amount  Transfer(accountFrom=Account123, accountTo=Account124, amount=1000)
2024-02-22T22:20:18.918+05:30  INFO 89386 --- [pool-5-thread-4] c.d.c.web.AccountsTransferController     : Transfer Amount  Transfer(accountFrom=Account123, accountTo=Account124, amount=1000)
2024-02-22T22:20:18.918+05:30  INFO 89386 --- [pool-5-thread-3] c.d.c.web.AccountsTransferController     : Transfer Amount  Transfer(accountFrom=Account123, accountTo=Account124, amount=1000)
2024-02-22T22:20:18.918+05:30  INFO 89386 --- [pool-5-thread-5] c.d.c.web.AccountsTransferController     : Transfer Amount  Transfer(accountFrom=Account123, accountTo=Account124, amount=1000)
2024-02-22T22:20:18.918+05:30  INFO 89386 --- [pool-5-thread-6] c.d.c.web.AccountsTransferController     : Transfer Amount  Transfer(accountFrom=Account123, accountTo=Account124, amount=1000)
2024-02-22T22:20:18.918+05:30  INFO 89386 --- [pool-5-thread-8] c.d.c.web.AccountsTransferController     : Transfer Amount  Transfer(accountFrom=Account123, accountTo=Account124, amount=1000)
2024-02-22T22:20:18.918+05:30  INFO 89386 --- [pool-5-thread-1] c.dws.challenge.service.TransferService  : compareBalance 0 
2024-02-22T22:20:18.918+05:30  INFO 89386 --- [ool-5-thread-10] c.d.c.web.AccountsTransferController     : Transfer Amount  Transfer(accountFrom=Account123, accountTo=Account124, amount=1000)
2024-02-22T22:20:18.918+05:30  INFO 89386 --- [ool-5-thread-12] c.d.c.web.AccountsTransferController     : Transfer Amount  Transfer(accountFrom=Account123, accountTo=Account124, amount=1000)
2024-02-22T22:20:18.919+05:30  INFO 89386 --- [ool-5-thread-14] c.d.c.web.AccountsTransferController     : Transfer Amount  Transfer(accountFrom=Account123, accountTo=Account124, amount=1000)
2024-02-22T22:20:18.919+05:30  INFO 89386 --- [ool-5-thread-15] c.d.c.web.AccountsTransferController     : Transfer Amount  Transfer(accountFrom=Account123, accountTo=Account124, amount=1000)
2024-02-22T22:20:18.919+05:30  INFO 89386 --- [ool-5-thread-16] c.d.c.web.AccountsTransferController     : Transfer Amount  Transfer(accountFrom=Account123, accountTo=Account124, amount=1000)
2024-02-22T22:20:18.919+05:30  INFO 89386 --- [ool-5-thread-17] c.d.c.web.AccountsTransferController     : Transfer Amount  Transfer(accountFrom=Account123, accountTo=Account124, amount=1000)
2024-02-22T22:20:18.921+05:30  INFO 89386 --- [pool-5-thread-1] c.d.c.web.AccountsTransferController     : notification sent successfully
2024-02-22T22:20:18.919+05:30  INFO 89386 --- [ool-5-thread-18] c.d.c.web.AccountsTransferController     : Transfer Amount  Transfer(accountFrom=Account123, accountTo=Account124, amount=1000)
2024-02-22T22:20:18.919+05:30  INFO 89386 --- [ool-5-thread-19] c.d.c.web.AccountsTransferController     : Transfer Amount  Transfer(accountFrom=Account123, accountTo=Account124, amount=1000)
2024-02-22T22:20:18.922+05:30  INFO 89386 --- [ool-5-thread-17] c.dws.challenge.service.TransferService  : compareBalance -1 
2024-02-22T22:20:18.922+05:30  INFO 89386 --- [ool-5-thread-19] c.dws.challenge.service.TransferService  : compareBalance -1 
2024-02-22T22:20:18.922+05:30 ERROR 89386 --- [ool-5-thread-17] c.d.c.web.AccountsTransferController     : Exception occurs

com.dws.challenge.exception.InsufficientBalanceException: Insufficient Balance in account Account123
	at com.dws.challenge.service.TransferService.transferAmount(TransferService.java:21) ~[main/:na]
	at com.dws.challenge.web.AccountsTransferController.transferAmount(AccountsTransferController.java:64) ~[main/:na]
	at com.dws.challenge.ConcurrentTransferTest.lambda$concurrentTransferTest$0(ConcurrentTransferTest.java:77) ~[test/:na]
	at java.base/java.util.concurrent.ThreadPoolExecutor.runWorker(ThreadPoolExecutor.java:1136) ~[na:na]
	at java.base/java.util.concurrent.ThreadPoolExecutor$Worker.run(ThreadPoolExecutor.java:635) ~[na:na]
	at java.base/java.lang.Thread.run(Thread.java:842) ~[na:na]

2024-02-22T22:20:18.923+05:30 ERROR 89386 --- [ool-5-thread-19] c.d.c.web.AccountsTransferController     : Exception occurs

com.dws.challenge.exception.InsufficientBalanceException: Insufficient Balance in account Account123
	at com.dws.challenge.service.TransferService.transferAmount(TransferService.java:21) ~[main/:na]
	at com.dws.challenge.web.AccountsTransferController.transferAmount(AccountsTransferController.java:64) ~[main/:na]
	at com.dws.challenge.ConcurrentTransferTest.lambda$concurrentTransferTest$0(ConcurrentTransferTest.java:77) ~[test/:na]
	at java.base/java.util.concurrent.ThreadPoolExecutor.runWorker(ThreadPoolExecutor.java:1136) ~[na:na]
	at java.base/java.util.concurrent.ThreadPoolExecutor$Worker.run(ThreadPoolExecutor.java:635) ~[na:na]
	at java.base/java.lang.Thread.run(Thread.java:842) ~[na:na]

2024-02-22T22:20:18.923+05:30  INFO 89386 --- [ool-5-thread-18] c.dws.challenge.service.TransferService  : compareBalance -1 
2024-02-22T22:20:18.924+05:30  INFO 89386 --- [ool-5-thread-16] c.dws.challenge.service.TransferService  : compareBalance -1 
2024-02-22T22:20:18.924+05:30 ERROR 89386 --- [ool-5-thread-18] c.d.c.web.AccountsTransferController     : Exception occurs

com.dws.challenge.exception.InsufficientBalanceException: Insufficient Balance in account Account123
	at com.dws.challenge.service.TransferService.transferAmount(TransferService.java:21) ~[main/:na]
	at com.dws.challenge.web.AccountsTransferController.transferAmount(AccountsTransferController.java:64) ~[main/:na]
	at com.dws.challenge.ConcurrentTransferTest.lambda$concurrentTransferTest$0(ConcurrentTransferTest.java:77) ~[test/:na]
	at java.base/java.util.concurrent.ThreadPoolExecutor.runWorker(ThreadPoolExecutor.java:1136) ~[na:na]
	at java.base/java.util.concurrent.ThreadPoolExecutor$Worker.run(ThreadPoolExecutor.java:635) ~[na:na]
	at java.base/java.lang.Thread.run(Thread.java:842) ~[na:na]

2024-02-22T22:20:18.924+05:30  INFO 89386 --- [ool-5-thread-15] c.dws.challenge.service.TransferService  : compareBalance -1 
2024-02-22T22:20:18.924+05:30 ERROR 89386 --- [ool-5-thread-16] c.d.c.web.AccountsTransferController     : Exception occurs

com.dws.challenge.exception.InsufficientBalanceException: Insufficient Balance in account Account123
	at com.dws.challenge.service.TransferService.transferAmount(TransferService.java:21) ~[main/:na]
	at com.dws.challenge.web.AccountsTransferController.transferAmount(AccountsTransferController.java:64) ~[main/:na]
	at com.dws.challenge.ConcurrentTransferTest.lambda$concurrentTransferTest$0(ConcurrentTransferTest.java:77) ~[test/:na]
	at java.base/java.util.concurrent.ThreadPoolExecutor.runWorker(ThreadPoolExecutor.java:1136) ~[na:na]
	at java.base/java.util.concurrent.ThreadPoolExecutor$Worker.run(ThreadPoolExecutor.java:635) ~[na:na]
	at java.base/java.lang.Thread.run(Thread.java:842) ~[na:na]

2024-02-22T22:20:18.925+05:30 ERROR 89386 --- [ool-5-thread-15] c.d.c.web.AccountsTransferController     : Exception occurs

com.dws.challenge.exception.InsufficientBalanceException: Insufficient Balance in account Account123
	at com.dws.challenge.service.TransferService.transferAmount(TransferService.java:21) ~[main/:na]
	at com.dws.challenge.web.AccountsTransferController.transferAmount(AccountsTransferController.java:64) ~[main/:na]
	at com.dws.challenge.ConcurrentTransferTest.lambda$concurrentTransferTest$0(ConcurrentTransferTest.java:77) ~[test/:na]
	at java.base/java.util.concurrent.ThreadPoolExecutor.runWorker(ThreadPoolExecutor.java:1136) ~[na:na]
	at java.base/java.util.concurrent.ThreadPoolExecutor$Worker.run(ThreadPoolExecutor.java:635) ~[na:na]
	at java.base/java.lang.Thread.run(Thread.java:842) ~[na:na]

2024-02-22T22:20:18.925+05:30  INFO 89386 --- [ool-5-thread-14] c.dws.challenge.service.TransferService  : compareBalance -1 
2024-02-22T22:20:18.925+05:30  INFO 89386 --- [ool-5-thread-12] c.dws.challenge.service.TransferService  : compareBalance -1 
2024-02-22T22:20:18.925+05:30 ERROR 89386 --- [ool-5-thread-14] c.d.c.web.AccountsTransferController     : Exception occurs

com.dws.challenge.exception.InsufficientBalanceException: Insufficient Balance in account Account123
[...]
2024-02-22T22:20:19.327+05:30  INFO 89386 --- [ool-21-thread-8] c.d.c.web.AccountsTransferController     : Transfer Amount  Transfer(accountFrom=Account123, accountTo=Account124, amount=1000)
2024-02-22T22:20:19.327+05:30  INFO 89386 --- [ol-21-thread-12] c.d.c.web.AccountsTransferController     : Transfer Amount  Transfer(accountFrom=Account123, accountTo=Account124, amount=1000)
2024-02-22T22:20:19.327+05:30  INFO 89386 --- [ol-21-thread-11] c.d.c.web.AccountsTransferController     : Transfer Amount  Transfer(accountFrom=Account123, accountTo=Account124, amount=1000)
2024-02-22T22:20:19.327+05:30  INFO 89386 --- [ol-21-thread-15] c.d.c.web.AccountsTransferController     : Transfer Amount  Transfer(accountFrom=Account123, accountTo=Account124, amount=1000)
2024-02-22T22:20:19.327+05:30  INFO 89386 --- [ol-21-thread-17] c.d.c.web.AccountsTransferController     : Transfer Amount  Transfer(accountFrom=Account123, accountTo=Account124, amount=1000)
2024-02-22T22:20:19.327+05:30  INFO 89386 --- [ol-21-thread-18] c.d.c.web.AccountsTransferController     : Transfer Amount  Transfer(accountFrom=Account123, accountTo=Account124, amount=1000)
2024-02-22T22:20:19.327+05:30  INFO 89386 --- [ol-21-thread-19] c.d.c.web.AccountsTransferController     : Transfer Amount  Transfer(accountFrom=Account123, accountTo=Account124, amount=1000)
2024-02-22T22:20:19.327+05:30  INFO 89386 --- [ol-21-thread-10] c.dws.challenge.service.TransferService  : compareBalance 0 
2024-02-22T22:20:19.329+05:30  INFO 89386 --- [ol-21-thread-10] c.d.c.web.AccountsTransferController     : notification sent successfully
2024-02-22T22:20:19.329+05:30  INFO 89386 --- [ol-21-thread-19] c.dws.challenge.service.TransferService  : compareBalance -1 
2024-02-22T22:20:19.329+05:30  INFO 89386 --- [ol-21-thread-18] c.dws.challenge.service.TransferService  : compareBalance -1 
2024-02-22T22:20:19.329+05:30  INFO 89386 --- [ol-21-thread-17] c.dws.challenge.service.TransferService  : compareBalance -1 
2024-02-22T22:20:19.329+05:30 ERROR 89386 --- [ol-21-thread-19] c.d.c.web.AccountsTransferController     : Exception occurs

com.dws.challenge.exception.InsufficientBalanceException: Insufficient Balance in account Account123
	at com.dws.challenge.service.TransferService.transferAmount(TransferService.java:21) ~[main/:na]
	at com.dws.challenge.web.AccountsTransferController.transferAmount(AccountsTransferController.java:64) ~[main/:na]
	at com.dws.challenge.ConcurrentTransferTest.lambda$concurrentTransferTest$0(ConcurrentTransferTest.java:77) ~[test/:na]
	at java.base/java.util.concurrent.ThreadPoolExecutor.runWorker(ThreadPoolExecutor.java:1136) ~[na:na]
	at java.base/java.util.concurrent.ThreadPoolExecutor$Worker.run(ThreadPoolExecutor.java:635) ~[na:na]
	at java.base/java.lang.Thread.run(Thread.java:842) ~[na:na]

2024-02-22T22:20:19.329+05:30 ERROR 89386 --- [ol-21-thread-18] c.d.c.web.AccountsTransferController     : Exception occurs

com.dws.challenge.exception.InsufficientBalanceException: Insufficient Balance in account Account123
	at com.dws.challenge.service.TransferService.transferAmount(TransferService.java:21) ~[main/:na]
	at com.dws.challenge.web.AccountsTransferController.transferAmount(AccountsTransferController.java:64) ~[main/:na]
	at com.dws.challenge.ConcurrentTransferTest.lambda$concurrentTransferTest$0(ConcurrentTransferTest.java:77) ~[test/:na]
	at java.base/java.util.concurrent.ThreadPoolExecutor.runWorker(ThreadPoolExecutor.java:1136) ~[na:na]
	at java.base/java.util.concurrent.ThreadPoolExecutor$Worker.run(ThreadPoolExecutor.java:635) ~[na:na]
	at java.base/java.lang.Thread.run(Thread.java:842) ~[na:na]

2024-02-22T22:20:19.329+05:30  INFO 89386 --- [ol-21-thread-15] c.dws.challenge.service.TransferService  : compareBalance -1 
2024-02-22T22:20:19.329+05:30 ERROR 89386 --- [ol-21-thread-17] c.d.c.web.AccountsTransferController     : Exception occurs

com.dws.challenge.exception.InsufficientBalanceException: Insufficient Balance in account Account123
	at com.dws.challenge.service.TransferService.transferAmount(TransferService.java:21) ~[main/:na]
	at com.dws.challenge.web.AccountsTransferController.transferAmount(AccountsTransferController.java:64) ~[main/:na]
	at com.dws.challenge.ConcurrentTransferTest.lambda$concurrentTransferTest$0(ConcurrentTransferTest.java:77) ~[test/:na]
	at java.base/java.util.concurrent.ThreadPoolExecutor.runWorker(ThreadPoolExecutor.java:1136) ~[na:na]
	at java.base/java.util.concurrent.ThreadPoolExecutor$Worker.run(ThreadPoolExecutor.java:635) ~[na:na]
	at java.base/java.lang.Thread.run(Thread.java:842) ~[na:na]

2024-02-22T22:20:19.330+05:30  INFO 89386 --- [ol-21-thread-11] c.dws.challenge.service.TransferService  : compareBalance -1 
2024-02-22T22:20:19.330+05:30 ERROR 89386 --- [ol-21-thread-15] c.d.c.web.AccountsTransferController     : Exception occurs

com.dws.challenge.exception.InsufficientBalanceException: Insufficient Balance in account Account123
	at com.dws.challenge.service.TransferService.transferAmount(TransferService.java:21) ~[main/:na]
	at com.dws.challenge.web.AccountsTransferController.transferAmount(AccountsTransferController.java:64) ~[main/:na]
	at com.dws.challenge.ConcurrentTransferTest.lambda$concurrentTransferTest$0(ConcurrentTransferTest.java:77) ~[test/:na]
	at java.base/java.util.concurrent.ThreadPoolExecutor.runWorker(ThreadPoolExecutor.java:1136) ~[na:na]
	at java.base/java.util.concurrent.ThreadPoolExecutor$Worker.run(ThreadPoolExecutor.java:635) ~[na:na]
	at java.base/java.lang.Thread.run(Thread.java:842) ~[na:na]

2024-02-22T22:20:19.330+05:30  INFO 89386 --- [ol-21-thread-12] c.dws.challenge.service.TransferService  : compareBalance -1 
2024-02-22T22:20:19.330+05:30 ERROR 89386 --- [ol-21-thread-11] c.d.c.web.AccountsTransferController     : Exception occurs

com.dws.challenge.exception.InsufficientBalanceException: Insufficient Balance in account Account123
	at com.dws.challenge.service.TransferService.transferAmount(TransferService.java:21) ~[main/:na]
	at com.dws.challenge.web.AccountsTransferController.transferAmount(AccountsTransferController.java:64) ~[main/:na]
	at com.dws.challenge.ConcurrentTransferTest.lambda$concurrentTransferTest$0(ConcurrentTransferTest.java:77) ~[test/:na]
	at java.base/java.util.concurrent.ThreadPoolExecutor.runWorker(ThreadPoolExecutor.java:1136) ~[na:na]
	at java.base/java.util.concurrent.ThreadPoolExecutor$Worker.run(ThreadPoolExecutor.java:635) ~[na:na]
	at java.base/java.lang.Thread.run(Thread.java:842) ~[na:na]

2024-02-22T22:20:19.330+05:30  INFO 89386 --- [ool-21-thread-8] c.dws.challenge.service.TransferService  : compareBalance -1 
2024-02-22T22:20:19.330+05:30 ERROR 89386 --- [ol-21-thread-12] c.d.c.web.AccountsTransferController     : Exception occurs

com.dws.challenge.exception.InsufficientBalanceException: Insufficient Balance in account Account123
	at com.dws.challenge.service.TransferService.transferAmount(TransferService.java:21) ~[main/:na]
	at com.dws.challenge.web.AccountsTransferController.transferAmount(AccountsTransferController.java:64) ~[main/:na]
	at com.dws.challenge.ConcurrentTransferTest.lambda$concurrentTransferTest$0(ConcurrentTransferTest.java:77) ~[test/:na]
	at java.base/java.util.concurrent.ThreadPoolExecutor.runWorker(ThreadPoolExecutor.java:1136) ~[na:na]
	at java.base/java.util.concurrent.ThreadPoolExecutor$Worker.run(ThreadPoolExecutor.java:635) ~[na:na]
	at java.base/java.lang.Thread.run(Thread.java:842) ~[na:na]

2024-02-22T22:20:19.330+05:30  INFO 89386 --- [ol-21-thread-20] c.dws.challenge.service.TransferService  : compareBalance -1 
2024-02-22T22:20:19.330+05:30 ERROR 89386 --- [ool-21-thread-8] c.d.c.web.AccountsTransferController     : Exception occurs

com.dws.challenge.exception.InsufficientBalanceException: Insufficient Balance in account Account123
	at com.dws.challenge.service.TransferService.transferAmount(TransferService.java:21) ~[main/:na]
	at com.dws.challenge.web.AccountsTransferController.transferAmount(AccountsTransferController.java:64) ~[main/:na]
	at com.dws.challenge.ConcurrentTransferTest.lambda$concurrentTransferTest$0(ConcurrentTransferTest.java:77) ~[test/:na]
	at java.base/java.util.concurrent.ThreadPoolExecutor.runWorker(ThreadPoolExecutor.java:1136) ~[na:na]
	at java.base/java.util.concurrent.ThreadPoolExecutor$Worker.run(ThreadPoolExecutor.java:635) ~[na:na]
	at java.base/java.lang.Thread.run(Thread.java:842) ~[na:na]

2024-02-22T22:20:19.330+05:30  INFO 89386 --- [ool-21-thread-7] c.dws.challenge.service.TransferService  : compareBalance -1 
2024-02-22T22:20:19.330+05:30 ERROR 89386 --- [ol-21-thread-20] c.d.c.web.AccountsTransferController     : Exception occurs

com.dws.challenge.exception.InsufficientBalanceException: Insufficient Balance in account Account123
	at com.dws.challenge.service.TransferService.transferAmount(TransferService.java:21) ~[main/:na]
	at com.dws.challenge.web.AccountsTransferController.transferAmount(AccountsTransferController.java:64) ~[main/:na]
	at com.dws.challenge.ConcurrentTransferTest.lambda$concurrentTransferTest$0(ConcurrentTransferTest.java:77) ~[test/:na]
	at java.base/java.util.concurrent.ThreadPoolExecutor.runWorker(ThreadPoolExecutor.java:1136) ~[na:na]
	at java.base/java.util.concurrent.ThreadPoolExecutor$Worker.run(ThreadPoolExecutor.java:635) ~[na:na]
	at java.base/java.lang.Thread.run(Thread.java:842) ~[na:na]

2024-02-22T22:20:19.330+05:30  INFO 89386 --- [ool-21-thread-3] c.dws.challenge.service.TransferService  : compareBalance -1 
2024-02-22T22:20:19.330+05:30 ERROR 89386 --- [ool-21-thread-7] c.d.c.web.AccountsTransferController     : Exception occurs

com.dws.challenge.exception.InsufficientBalanceException: Insufficient Balance in account Account123
	at com.dws.challenge.service.TransferService.transferAmount(TransferService.java:21) ~[main/:na]
	at com.dws.challenge.web.AccountsTransferController.transferAmount(AccountsTransferController.java:64) ~[main/:na]
	at com.dws.challenge.ConcurrentTransferTest.lambda$concurrentTransferTest$0(ConcurrentTransferTest.java:77) ~[test/:na]
	at java.base/java.util.concurrent.ThreadPoolExecutor.runWorker(ThreadPoolExecutor.java:1136) ~[na:na]
	at java.base/java.util.concurrent.ThreadPoolExecutor$Worker.run(ThreadPoolExecutor.java:635) ~[na:na]
	at java.base/java.lang.Thread.run(Thread.java:842) ~[na:na]

2024-02-22T22:20:19.330+05:30 ERROR 89386 --- [ool-21-thread-3] c.d.c.web.AccountsTransferController     : Exception occurs

com.dws.challenge.exception.InsufficientBalanceException: Insufficient Balance in account Account123
	at com.dws.challenge.service.TransferService.transferAmount(TransferService.java:21) ~[main/:na]
	at com.dws.challenge.web.AccountsTransferController.transferAmount(AccountsTransferController.java:64) ~[main/:na]
	at com.dws.challenge.ConcurrentTransferTest.lambda$concurrentTransferTest$0(ConcurrentTransferTest.java:77) ~[test/:na]
	at java.base/java.util.concurrent.ThreadPoolExecutor.runWorker(ThreadPoolExecutor.java:1136) ~[na:na]
	at java.base/java.util.concurrent.ThreadPoolExecutor$Worker.run(ThreadPoolExecutor.java:635) ~[na:na]
	at java.base/java.lang.Thread.run(Thread.java:842) ~[na:na]

2024-02-22T22:20:19.330+05:30  INFO 89386 --- [ool-21-thread-6] c.dws.challenge.service.TransferService  : compareBalance -1 
2024-02-22T22:20:19.331+05:30  INFO 89386 --- [ol-21-thread-14] c.dws.challenge.service.TransferService  : compareBalance -1 
2024-02-22T22:20:19.331+05:30 ERROR 89386 --- [ool-21-thread-6] c.d.c.web.AccountsTransferController     : Exception occurs

com.dws.challenge.exception.InsufficientBalanceException: Insufficient Balance in account Account123
	at com.dws.challenge.service.TransferService.transferAmount(TransferService.java:21) ~[main/:na]
	at com.dws.challenge.web.AccountsTransferController.transferAmount(AccountsTransferController.java:64) ~[main/:na]
	at com.dws.challenge.ConcurrentTransferTest.lambda$concurrentTransferTest$0(ConcurrentTransferTest.java:77) ~[test/:na]
	at java.base/java.util.concurrent.ThreadPoolExecutor.runWorker(ThreadPoolExecutor.java:1136) ~[na:na]
	at java.base/java.util.concurrent.ThreadPoolExecutor$Worker.run(ThreadPoolExecutor.java:635) ~[na:na]
	at java.base/java.lang.Thread.run(Thread.java:842) ~[na:na]

2024-02-22T22:20:19.331+05:30  INFO 89386 --- [ool-21-thread-9] c.dws.challenge.service.TransferService  : compareBalance -1 
2024-02-22T22:20:19.331+05:30 ERROR 89386 --- [ol-21-thread-14] c.d.c.web.AccountsTransferController     : Exception occurs

com.dws.challenge.exception.InsufficientBalanceException: Insufficient Balance in account Account123
	at com.dws.challenge.service.TransferService.transferAmount(TransferService.java:21) ~[main/:na]
	at com.dws.challenge.web.AccountsTransferController.transferAmount(AccountsTransferController.java:64) ~[main/:na]
	at com.dws.challenge.ConcurrentTransferTest.lambda$concurrentTransferTest$0(ConcurrentTransferTest.java:77) ~[test/:na]
	at java.base/java.util.concurrent.ThreadPoolExecutor.runWorker(ThreadPoolExecutor.java:1136) ~[na:na]
	at java.base/java.util.concurrent.ThreadPoolExecutor$Worker.run(ThreadPoolExecutor.java:635) ~[na:na]
	at java.base/java.lang.Thread.run(Thread.java:842) ~[na:na]

2024-02-22T22:20:19.331+05:30  INFO 89386 --- [ol-21-thread-13] c.dws.challenge.service.TransferService  : compareBalance -1 
2024-02-22T22:20:19.331+05:30 ERROR 89386 --- [ool-21-thread-9] c.d.c.web.AccountsTransferController     : Exception occurs

com.dws.challenge.exception.InsufficientBalanceException: Insufficient Balance in account Account123
	at com.dws.challenge.service.TransferService.transferAmount(TransferService.java:21) ~[main/:na]
	at com.dws.challenge.web.AccountsTransferController.transferAmount(AccountsTransferController.java:64) ~[main/:na]
	at com.dws.challenge.ConcurrentTransferTest.lambda$concurrentTransferTest$0(ConcurrentTransferTest.java:77) ~[test/:na]
	at java.base/java.util.concurrent.ThreadPoolExecutor.runWorker(ThreadPoolExecutor.java:1136) ~[na:na]
	at java.base/java.util.concurrent.ThreadPoolExecutor$Worker.run(ThreadPoolExecutor.java:635) ~[na:na]
	at java.base/java.lang.Thread.run(Thread.java:842) ~[na:na]

2024-02-22T22:20:19.331+05:30  INFO 89386 --- [ool-21-thread-4] c.dws.challenge.service.TransferService  : compareBalance -1 
2024-02-22T22:20:19.331+05:30 ERROR 89386 --- [ol-21-thread-13] c.d.c.web.AccountsTransferController     : Exception occurs

com.dws.challenge.exception.InsufficientBalanceException: Insufficient Balance in account Account123
	at com.dws.challenge.service.TransferService.transferAmount(TransferService.java:21) ~[main/:na]
	at com.dws.challenge.web.AccountsTransferController.transferAmount(AccountsTransferController.java:64) ~[main/:na]
	at com.dws.challenge.ConcurrentTransferTest.lambda$concurrentTransferTest$0(ConcurrentTransferTest.java:77) ~[test/:na]
	at java.base/java.util.concurrent.ThreadPoolExecutor.runWorker(ThreadPoolExecutor.java:1136) ~[na:na]
	at java.base/java.util.concurrent.ThreadPoolExecutor$Worker.run(ThreadPoolExecutor.java:635) ~[na:na]
	at java.base/java.lang.Thread.run(Thread.java:842) ~[na:na]

2024-02-22T22:20:19.331+05:30  INFO 89386 --- [ool-21-thread-2] c.dws.challenge.service.TransferService  : compareBalance -1 
2024-02-22T22:20:19.331+05:30 ERROR 89386 --- [ool-21-thread-4] c.d.c.web.AccountsTransferController     : Exception occurs

com.dws.challenge.exception.InsufficientBalanceException: Insufficient Balance in account Account123
	at com.dws.challenge.service.TransferService.transferAmount(TransferService.java:21) ~[main/:na]
	at com.dws.challenge.web.AccountsTransferController.transferAmount(AccountsTransferController.java:64) ~[main/:na]
	at com.dws.challenge.ConcurrentTransferTest.lambda$concurrentTransferTest$0(ConcurrentTransferTest.java:77) ~[test/:na]
	at java.base/java.util.concurrent.ThreadPoolExecutor.runWorker(ThreadPoolExecutor.java:1136) ~[na:na]
	at java.base/java.util.concurrent.ThreadPoolExecutor$Worker.run(ThreadPoolExecutor.java:635) ~[na:na]
	at java.base/java.lang.Thread.run(Thread.java:842) ~[na:na]

2024-02-22T22:20:19.331+05:30  INFO 89386 --- [ool-21-thread-5] c.dws.challenge.service.TransferService  : compareBalance -1 
2024-02-22T22:20:19.331+05:30 ERROR 89386 --- [ool-21-thread-2] c.d.c.web.AccountsTransferController     : Exception occurs

com.dws.challenge.exception.InsufficientBalanceException: Insufficient Balance in account Account123
	at com.dws.challenge.service.TransferService.transferAmount(TransferService.java:21) ~[main/:na]
	at com.dws.challenge.web.AccountsTransferController.transferAmount(AccountsTransferController.java:64) ~[main/:na]
	at com.dws.challenge.ConcurrentTransferTest.lambda$concurrentTransferTest$0(ConcurrentTransferTest.java:77) ~[test/:na]
	at java.base/java.util.concurrent.ThreadPoolExecutor.runWorker(ThreadPoolExecutor.java:1136) ~[na:na]
	at java.base/java.util.concurrent.ThreadPoolExecutor$Worker.run(ThreadPoolExecutor.java:635) ~[na:na]
	at java.base/java.lang.Thread.run(Thread.java:842) ~[na:na]

2024-02-22T22:20:19.332+05:30 ERROR 89386 --- [ool-21-thread-5] c.d.c.web.AccountsTransferController     : Exception occurs

com.dws.challenge.exception.InsufficientBalanceException: Insufficient Balance in account Account123
	at com.dws.challenge.service.TransferService.transferAmount(TransferService.java:21) ~[main/:na]
	at com.dws.challenge.web.AccountsTransferController.transferAmount(AccountsTransferController.java:64) ~[main/:na]
	at com.dws.challenge.ConcurrentTransferTest.lambda$concurrentTransferTest$0(ConcurrentTransferTest.java:77) ~[test/:na]
	at java.base/java.util.concurrent.ThreadPoolExecutor.runWorker(ThreadPoolExecutor.java:1136) ~[na:na]
	at java.base/java.util.concurrent.ThreadPoolExecutor$Worker.run(ThreadPoolExecutor.java:635) ~[na:na]
	at java.base/java.lang.Thread.run(Thread.java:842) ~[na:na]

2024-02-22T22:20:19.332+05:30  INFO 89386 --- [ool-21-thread-1] c.dws.challenge.service.TransferService  : compareBalance -1 
2024-02-22T22:20:19.332+05:30  INFO 89386 --- [ol-21-thread-16] c.dws.challenge.service.TransferService  : compareBalance -1 
2024-02-22T22:20:19.332+05:30 ERROR 89386 --- [ool-21-thread-1] c.d.c.web.AccountsTransferController     : Exception occurs

com.dws.challenge.exception.InsufficientBalanceException: Insufficient Balance in account Account123
	at com.dws.challenge.service.TransferService.transferAmount(TransferService.java:21) ~[main/:na]
	at com.dws.challenge.web.AccountsTransferController.transferAmount(AccountsTransferController.java:64) ~[main/:na]
	at com.dws.challenge.ConcurrentTransferTest.lambda$concurrentTransferTest$0(ConcurrentTransferTest.java:77) ~[test/:na]
	at java.base/java.util.concurrent.ThreadPoolExecutor.runWorker(ThreadPoolExecutor.java:1136) ~[na:na]
	at java.base/java.util.concurrent.ThreadPoolExecutor$Worker.run(ThreadPoolExecutor.java:635) ~[na:na]
	at java.base/java.lang.Thread.run(Thread.java:842) ~[na:na]

2024-02-22T22:20:19.332+05:30 ERROR 89386 --- [ol-21-thread-16] c.d.c.web.AccountsTransferController     : Exception occurs

com.dws.challenge.exception.InsufficientBalanceException: Insufficient Balance in account Account123
	at com.dws.challenge.service.TransferService.transferAmount(TransferService.java:21) ~[main/:na]
	at com.dws.challenge.web.AccountsTransferController.transferAmount(AccountsTransferController.java:64) ~[main/:na]
	at com.dws.challenge.ConcurrentTransferTest.lambda$concurrentTransferTest$0(ConcurrentTransferTest.java:77) ~[test/:na]
	at java.base/java.util.concurrent.ThreadPoolExecutor.runWorker(ThreadPoolExecutor.java:1136) ~[na:na]
	at java.base/java.util.concurrent.ThreadPoolExecutor$Worker.run(ThreadPoolExecutor.java:635) ~[na:na]
	at java.base/java.lang.Thread.run(Thread.java:842) ~[na:na]

]]></system-out>
  <system-err><![CDATA[]]></system-err>
</testsuite>
