<?xml version="1.0" encoding="UTF-8"?>
<testsuite name="com.dws.challenge.ConcurrentTransferTest" tests="20" skipped="0" failures="0" errors="0" timestamp="2024-02-22T12:53:40" hostname="shailendras-MacBook-Pro.local" time="0.283">
  <properties/>
  <testcase name="repetition 1 of 20" classname="com.dws.challenge.ConcurrentTransferTest" time="0.027"/>
  <testcase name="repetition 2 of 20" classname="com.dws.challenge.ConcurrentTransferTest" time="0.021"/>
  <testcase name="repetition 3 of 20" classname="com.dws.challenge.ConcurrentTransferTest" time="0.016"/>
  <testcase name="repetition 4 of 20" classname="com.dws.challenge.ConcurrentTransferTest" time="0.012"/>
  <testcase name="repetition 5 of 20" classname="com.dws.challenge.ConcurrentTransferTest" time="0.012"/>
  <testcase name="repetition 6 of 20" classname="com.dws.challenge.ConcurrentTransferTest" time="0.011"/>
  <testcase name="repetition 7 of 20" classname="com.dws.challenge.ConcurrentTransferTest" time="0.018"/>
  <testcase name="repetition 8 of 20" classname="com.dws.challenge.ConcurrentTransferTest" time="0.018"/>
  <testcase name="repetition 9 of 20" classname="com.dws.challenge.ConcurrentTransferTest" time="0.011"/>
  <testcase name="repetition 10 of 20" classname="com.dws.challenge.ConcurrentTransferTest" time="0.01"/>
  <testcase name="repetition 11 of 20" classname="com.dws.challenge.ConcurrentTransferTest" time="0.01"/>
  <testcase name="repetition 12 of 20" classname="com.dws.challenge.ConcurrentTransferTest" time="0.009"/>
  <testcase name="repetition 13 of 20" classname="com.dws.challenge.ConcurrentTransferTest" time="0.011"/>
  <testcase name="repetition 14 of 20" classname="com.dws.challenge.ConcurrentTransferTest" time="0.01"/>
  <testcase name="repetition 15 of 20" classname="com.dws.challenge.ConcurrentTransferTest" time="0.015"/>
  <testcase name="repetition 16 of 20" classname="com.dws.challenge.ConcurrentTransferTest" time="0.012"/>
  <testcase name="repetition 17 of 20" classname="com.dws.challenge.ConcurrentTransferTest" time="0.01"/>
  <testcase name="repetition 18 of 20" classname="com.dws.challenge.ConcurrentTransferTest" time="0.01"/>
  <testcase name="repetition 19 of 20" classname="com.dws.challenge.ConcurrentTransferTest" time="0.009"/>
  <testcase name="repetition 20 of 20" classname="com.dws.challenge.ConcurrentTransferTest" time="0.01"/>
  <system-out><![CDATA[2024-02-22T18:23:40.472+05:30  INFO 11235 --- [    Test worker] t.c.s.AnnotationConfigContextLoaderUtils : Could not detect default configuration classes for test class [com.dws.challenge.ConcurrentTransferTest]: ConcurrentTransferTest does not declare any static, non-private, non-final, nested classes annotated with @Configuration.
2024-02-22T18:23:40.475+05:30  INFO 11235 --- [    Test worker] .b.t.c.SpringBootTestContextBootstrapper : Found @SpringBootConfiguration com.dws.challenge.ChallengeApplication for test class com.dws.challenge.ConcurrentTransferTest
2024-02-22T18:23:40.496+05:30  INFO 11235 --- [ool-2-thread-20] c.d.c.web.AccountsTransferController     : Transfer Amount  Transfer(accountFrom=Account123, accountTo=Account124, amount=1000)
2024-02-22T18:23:40.496+05:30  INFO 11235 --- [pool-2-thread-5] c.d.c.web.AccountsTransferController     : Transfer Amount  Transfer(accountFrom=Account123, accountTo=Account124, amount=1000)
2024-02-22T18:23:40.496+05:30  INFO 11235 --- [pool-2-thread-1] c.d.c.web.AccountsTransferController     : Transfer Amount  Transfer(accountFrom=Account123, accountTo=Account124, amount=1000)
2024-02-22T18:23:40.496+05:30  INFO 11235 --- [ool-2-thread-17] c.d.c.web.AccountsTransferController     : Transfer Amount  Transfer(accountFrom=Account123, accountTo=Account124, amount=1000)
2024-02-22T18:23:40.496+05:30  INFO 11235 --- [ool-2-thread-19] c.d.c.web.AccountsTransferController     : Transfer Amount  Transfer(accountFrom=Account123, accountTo=Account124, amount=1000)
2024-02-22T18:23:40.496+05:30  INFO 11235 --- [pool-2-thread-7] c.d.c.web.AccountsTransferController     : Transfer Amount  Transfer(accountFrom=Account123, accountTo=Account124, amount=1000)
2024-02-22T18:23:40.496+05:30  INFO 11235 --- [pool-2-thread-4] c.d.c.web.AccountsTransferController     : Transfer Amount  Transfer(accountFrom=Account123, accountTo=Account124, amount=1000)
2024-02-22T18:23:40.496+05:30  INFO 11235 --- [pool-2-thread-8] c.d.c.web.AccountsTransferController     : Transfer Amount  Transfer(accountFrom=Account123, accountTo=Account124, amount=1000)
2024-02-22T18:23:40.496+05:30  INFO 11235 --- [pool-2-thread-2] c.d.c.web.AccountsTransferController     : Transfer Amount  Transfer(accountFrom=Account123, accountTo=Account124, amount=1000)
2024-02-22T18:23:40.496+05:30  INFO 11235 --- [pool-2-thread-3] c.d.c.web.AccountsTransferController     : Transfer Amount  Transfer(accountFrom=Account123, accountTo=Account124, amount=1000)
2024-02-22T18:23:40.496+05:30  INFO 11235 --- [pool-2-thread-6] c.d.c.web.AccountsTransferController     : Transfer Amount  Transfer(accountFrom=Account123, accountTo=Account124, amount=1000)
2024-02-22T18:23:40.496+05:30  INFO 11235 --- [pool-2-thread-9] c.d.c.web.AccountsTransferController     : Transfer Amount  Transfer(accountFrom=Account123, accountTo=Account124, amount=1000)
2024-02-22T18:23:40.496+05:30  INFO 11235 --- [ool-2-thread-10] c.d.c.web.AccountsTransferController     : Transfer Amount  Transfer(accountFrom=Account123, accountTo=Account124, amount=1000)
2024-02-22T18:23:40.496+05:30  INFO 11235 --- [ool-2-thread-12] c.d.c.web.AccountsTransferController     : Transfer Amount  Transfer(accountFrom=Account123, accountTo=Account124, amount=1000)
2024-02-22T18:23:40.496+05:30  INFO 11235 --- [ool-2-thread-13] c.d.c.web.AccountsTransferController     : Transfer Amount  Transfer(accountFrom=Account123, accountTo=Account124, amount=1000)
2024-02-22T18:23:40.496+05:30  INFO 11235 --- [ool-2-thread-20] c.dws.challenge.service.TransferService  : compareBalance 0 
2024-02-22T18:23:40.496+05:30  INFO 11235 --- [ool-2-thread-11] c.d.c.web.AccountsTransferController     : Transfer Amount  Transfer(accountFrom=Account123, accountTo=Account124, amount=1000)
2024-02-22T18:23:40.496+05:30  INFO 11235 --- [ool-2-thread-15] c.d.c.web.AccountsTransferController     : Transfer Amount  Transfer(accountFrom=Account123, accountTo=Account124, amount=1000)
2024-02-22T18:23:40.496+05:30  INFO 11235 --- [ool-2-thread-14] c.d.c.web.AccountsTransferController     : Transfer Amount  Transfer(accountFrom=Account123, accountTo=Account124, amount=1000)
2024-02-22T18:23:40.496+05:30  INFO 11235 --- [ool-2-thread-16] c.d.c.web.AccountsTransferController     : Transfer Amount  Transfer(accountFrom=Account123, accountTo=Account124, amount=1000)
2024-02-22T18:23:40.496+05:30  INFO 11235 --- [ool-2-thread-18] c.d.c.web.AccountsTransferController     : Transfer Amount  Transfer(accountFrom=Account123, accountTo=Account124, amount=1000)
2024-02-22T18:23:40.497+05:30  INFO 11235 --- [ool-2-thread-20] c.d.c.service.EmailNotificationService   : Sending notification to owner of Account123: 1000 has been debited and transferred to account Account124
2024-02-22T18:23:40.498+05:30  INFO 11235 --- [ool-2-thread-20] c.d.c.service.EmailNotificationService   : Sending notification to owner of Account124: 1000 has been credited to your account from account Account123
2024-02-22T18:23:40.498+05:30  INFO 11235 --- [ool-2-thread-20] c.d.c.web.AccountsTransferController     : notification sent successfully
2024-02-22T18:23:40.498+05:30  INFO 11235 --- [ool-2-thread-18] c.dws.challenge.service.TransferService  : compareBalance -1 
2024-02-22T18:23:40.499+05:30  INFO 11235 --- [ool-2-thread-16] c.dws.challenge.service.TransferService  : compareBalance -1 
2024-02-22T18:23:40.499+05:30 ERROR 11235 --- [ool-2-thread-18] c.d.c.web.AccountsTransferController     : Exception occurs

com.dws.challenge.exception.InsufficientBalanceException: Insufficient Balance in account Account123
	at com.dws.challenge.service.TransferService.transferAmount(TransferService.java:21) ~[main/:na]
	at com.dws.challenge.web.AccountsTransferController.transferAmount(AccountsTransferController.java:64) ~[main/:na]
	at com.dws.challenge.ConcurrentTransferTest.lambda$concurrentTransferTest$0(ConcurrentTransferTest.java:63) ~[test/:na]
	at java.base/java.util.concurrent.ThreadPoolExecutor.runWorker(ThreadPoolExecutor.java:1136) ~[na:na]
	at java.base/java.util.concurrent.ThreadPoolExecutor$Worker.run(ThreadPoolExecutor.java:635) ~[na:na]
	at java.base/java.lang.Thread.run(Thread.java:842) ~[na:na]

2024-02-22T18:23:40.499+05:30  INFO 11235 --- [ool-2-thread-14] c.dws.challenge.service.TransferService  : compareBalance -1 
2024-02-22T18:23:40.499+05:30 ERROR 11235 --- [ool-2-thread-16] c.d.c.web.AccountsTransferController     : Exception occurs

com.dws.challenge.exception.InsufficientBalanceException: Insufficient Balance in account Account123
	at com.dws.challenge.service.TransferService.transferAmount(TransferService.java:21) ~[main/:na]
	at com.dws.challenge.web.AccountsTransferController.transferAmount(AccountsTransferController.java:64) ~[main/:na]
	at com.dws.challenge.ConcurrentTransferTest.lambda$concurrentTransferTest$0(ConcurrentTransferTest.java:63) ~[test/:na]
	at java.base/java.util.concurrent.ThreadPoolExecutor.runWorker(ThreadPoolExecutor.java:1136) ~[na:na]
	at java.base/java.util.concurrent.ThreadPoolExecutor$Worker.run(ThreadPoolExecutor.java:635) ~[na:na]
	at java.base/java.lang.Thread.run(Thread.java:842) ~[na:na]

2024-02-22T18:23:40.499+05:30  INFO 11235 --- [ool-2-thread-15] c.dws.challenge.service.TransferService  : compareBalance -1 
2024-02-22T18:23:40.499+05:30 ERROR 11235 --- [ool-2-thread-14] c.d.c.web.AccountsTransferController     : Exception occurs

com.dws.challenge.exception.InsufficientBalanceException: Insufficient Balance in account Account123
	at com.dws.challenge.service.TransferService.transferAmount(TransferService.java:21) ~[main/:na]
	at com.dws.challenge.web.AccountsTransferController.transferAmount(AccountsTransferController.java:64) ~[main/:na]
	at com.dws.challenge.ConcurrentTransferTest.lambda$concurrentTransferTest$0(ConcurrentTransferTest.java:63) ~[test/:na]
	at java.base/java.util.concurrent.ThreadPoolExecutor.runWorker(ThreadPoolExecutor.java:1136) ~[na:na]
	at java.base/java.util.concurrent.ThreadPoolExecutor$Worker.run(ThreadPoolExecutor.java:635) ~[na:na]
	at java.base/java.lang.Thread.run(Thread.java:842) ~[na:na]

2024-02-22T18:23:40.499+05:30  INFO 11235 --- [ool-2-thread-11] c.dws.challenge.service.TransferService  : compareBalance -1 
2024-02-22T18:23:40.499+05:30 ERROR 11235 --- [ool-2-thread-15] c.d.c.web.AccountsTransferController     : Exception occurs

com.dws.challenge.exception.InsufficientBalanceException: Insufficient Balance in account Account123
	at com.dws.challenge.service.TransferService.transferAmount(TransferService.java:21) ~[main/:na]
	at com.dws.challenge.web.AccountsTransferController.transferAmount(AccountsTransferController.java:64) ~[main/:na]
	at com.dws.challenge.ConcurrentTransferTest.lambda$concurrentTransferTest$0(ConcurrentTransferTest.java:63) ~[test/:na]
	at java.base/java.util.concurrent.ThreadPoolExecutor.runWorker(ThreadPoolExecutor.java:1136) ~[na:na]
	at java.base/java.util.concurrent.ThreadPoolExecutor$Worker.run(ThreadPoolExecutor.java:635) ~[na:na]
	at java.base/java.lang.Thread.run(Thread.java:842) ~[na:na]

2024-02-22T18:23:40.500+05:30  INFO 11235 --- [ool-2-thread-13] c.dws.challenge.service.TransferService  : compareBalance -1 
2024-02-22T18:23:40.500+05:30 ERROR 11235 --- [ool-2-thread-11] c.d.c.web.AccountsTransferController     : Exception occurs

com.dws.challenge.exception.InsufficientBalanceException: Insufficient Balance in account Account123
	at com.dws.challenge.service.TransferService.transferAmount(TransferService.java:21) ~[main/:na]
	at com.dws.challenge.web.AccountsTransferController.transferAmount(AccountsTransferController.java:64) ~[main/:na]
	at com.dws.challenge.ConcurrentTransferTest.lambda$concurrentTransferTest$0(ConcurrentTransferTest.java:63) ~[test/:na]
	at java.base/java.util.concurrent.ThreadPoolExecutor.runWorker(ThreadPoolExecutor.java:1136) ~[na:na]
	at java.base/java.util.concurrent.ThreadPoolExecutor$Worker.run(ThreadPoolExecutor.java:635) ~[na:na]
	at java.base/java.lang.Thread.run(Thread.java:842) ~[na:na]

2024-02-22T18:23:40.500+05:30  INFO 11235 --- [ool-2-thread-12] c.dws.challenge.service.TransferService  : compareBalance -1 
2024-02-22T18:23:40.500+05:30 ERROR 11235 --- [ool-2-thread-13] c.d.c.web.AccountsTransferController     : Exception occurs

com.dws.challenge.exception.InsufficientBalanceException: Insufficient Balance in account Account123
	at com.dws.challenge.service.TransferService.transferAmount(TransferService.java:21) ~[main/:na]
	at com.dws.challenge.web.AccountsTransferController.transferAmount(AccountsTransferController.java:64) ~[main/:na]
	at com.dws.challenge.ConcurrentTransferTest.lambda$concurrentTransferTest$0(ConcurrentTransferTest.java:63) ~[test/:na]
	at java.base/java.util.concurrent.ThreadPoolExecutor.runWorker(ThreadPoolExecutor.java:1136) ~[na:na]
	at java.base/java.util.concurrent.ThreadPoolExecutor$Worker.run(ThreadPoolExecutor.java:635) ~[na:na]
	at java.base/java.lang.Thread.run(Thread.java:842) ~[na:na]

2024-02-22T18:23:40.501+05:30  INFO 11235 --- [ool-2-thread-10] c.dws.challenge.service.TransferService  : compareBalance -1 
2024-02-22T18:23:40.501+05:30 ERROR 11235 --- [ool-2-thread-12] c.d.c.web.AccountsTransferController     : Exception occurs

com.dws.challenge.exception.InsufficientBalanceException: Insufficient Balance in account Account123
	at com.dws.challenge.service.TransferService.transferAmount(TransferService.java:21) ~[main/:na]
	at com.dws.challenge.web.AccountsTransferController.transferAmount(AccountsTransferController.java:64) ~[main/:na]
	at com.dws.challenge.ConcurrentTransferTest.lambda$concurrentTransferTest$0(ConcurrentTransferTest.java:63) ~[test/:na]
	at java.base/java.util.concurrent.ThreadPoolExecutor.runWorker(ThreadPoolExecutor.java:1136) ~[na:na]
	at java.base/java.util.concurrent.ThreadPoolExecutor$Worker.run(ThreadPoolExecutor.java:635) ~[na:na]
	at java.base/java.lang.Thread.run(Thread.java:842) ~[na:na]

2024-02-22T18:23:40.501+05:30  INFO 11235 --- [pool-2-thread-9] c.dws.challenge.service.TransferService  : compareBalance -1 
2024-02-22T18:23:40.501+05:30 ERROR 11235 --- [ool-2-thread-10] c.d.c.web.AccountsTransferController     : Exception occurs

com.dws.challenge.exception.InsufficientBalanceException: Insufficient Balance in account Account123
	at com.dws.challenge.service.TransferService.transferAmount(TransferService.java:21) ~[main/:na]
	at com.dws.challenge.web.AccountsTransferController.transferAmount(AccountsTransferController.java:64) ~[main/:na]
	at com.dws.challenge.ConcurrentTransferTest.lambda$concurrentTransferTest$0(ConcurrentTransferTest.java:63) ~[test/:na]
	at java.base/java.util.concurrent.ThreadPoolExecutor.runWorker(ThreadPoolExecutor.java:1136) ~[na:na]
	at java.base/java.util.concurrent.ThreadPoolExecutor$Worker.run(ThreadPoolExecutor.java:635) ~[na:na]
	at java.base/java.lang.Thread.run(Thread.java:842) ~[na:na]

2024-02-22T18:23:40.502+05:30 ERROR 11235 --- [pool-2-thread-9] c.d.c.web.AccountsTransferController     : Exception occurs

com.dws.challenge.exception.InsufficientBalanceException: Insufficient Balance in account Account123
	at com.dws.challenge.service.TransferService.transferAmount(TransferService.java:21) ~[main/:na]
	at com.dws.challenge.web.AccountsTransferController.transferAmount(AccountsTransferController.java:64) ~[main/:na]
	at com.dws.challenge.ConcurrentTransferTest.lambda$concurrentTransferTest$0(ConcurrentTransferTest.java:63) ~[test/:na]
	at java.base/java.util.concurrent.ThreadPoolExecutor.runWorker(ThreadPoolExecutor.java:1136) ~[na:na]
	at java.base/java.util.concurrent.ThreadPoolExecutor$Worker.run(ThreadPoolExecutor.java:635) ~[na:na]
	at java.base/java.lang.Thread.run(Thread.java:842) ~[na:na]

2024-02-22T18:23:40.502+05:30  INFO 11235 --- [pool-2-thread-6] c.dws.challenge.service.TransferService  : compareBalance -1 
2024-02-22T18:23:40.502+05:30  INFO 11235 --- [pool-2-thread-3] c.dws.challenge.service.TransferService  : compareBalance -1 
2024-02-22T18:23:40.502+05:30 ERROR 11235 --- [pool-2-thread-6] c.d.c.web.AccountsTransferController     : Exception occurs

com.dws.challenge.exception.InsufficientBalanceException: Insufficient Balance in account Account123
	at com.dws.challenge.service.TransferService.transferAmount(TransferService.java:21) ~[main/:na]
	at com.dws.challenge.web.AccountsTransferController.transferAmount(AccountsTransferController.java:64) ~[main/:na]
	at com.dws.challenge.ConcurrentTransferTest.lambda$concurrentTransferTest$0(ConcurrentTransferTest.java:63) ~[test/:na]
	at java.base/java.util.concurrent.ThreadPoolExecutor.runWorker(ThreadPoolExecutor.java:1136) ~[na:na]
	at java.base/java.util.concurrent.ThreadPoolExecutor$Worker.run(ThreadPoolExecutor.java:635) ~[na:na]
	at java.base/java.lang.Thread.run(Thread.java:842) ~[na:na]

2024-02-22T18:23:40.502+05:30  INFO 11235 --- [pool-2-thread-2] c.dws.challenge.service.TransferService  : compareBalance -1 
2024-02-22T18:23:40.502+05:30 ERROR 11235 --- [pool-2-thread-3] c.d.c.web.AccountsTransferController     : Exception occurs

com.dws.challenge.exception.InsufficientBalanceException: Insufficient Balance in account Account123
	at com.dws.challenge.service.TransferService.transferAmount(TransferService.java:21) ~[main/:na]
	at com.dws.challenge.web.AccountsTransferController.transferAmount(AccountsTransferController.java:64) ~[main/:na]
	at com.dws.challenge.ConcurrentTransferTest.lambda$concurrentTransferTest$0(ConcurrentTransferTest.java:63) ~[test/:na]
	at java.base/java.util.concurrent.ThreadPoolExecutor.runWorker(ThreadPoolExecutor.java:1136) ~[na:na]
	at java.base/java.util.concurrent.ThreadPoolExecutor$Worker.run(ThreadPoolExecutor.java:635) ~[na:na]
	at java.base/java.lang.Thread.run(Thread.java:842) ~[na:na]

2024-02-22T18:23:40.503+05:30  INFO 11235 --- [pool-2-thread-8] c.dws.challenge.service.TransferService  : compareBalance -1 
2024-02-22T18:23:40.503+05:30 ERROR 11235 --- [pool-2-thread-2] c.d.c.web.AccountsTransferController     : Exception occurs

com.dws.challenge.exception.InsufficientBalanceException: Insufficient Balance in account Account123
	at com.dws.challenge.service.TransferService.transferAmount(TransferService.java:21) ~[main/:na]
	at com.dws.challenge.web.AccountsTransferController.transferAmount(AccountsTransferController.java:64) ~[main/:na]
	at com.dws.challenge.ConcurrentTransferTest.lambda$concurrentTransferTest$0(ConcurrentTransferTest.java:63) ~[test/:na]
	at java.base/java.util.concurrent.ThreadPoolExecutor.runWorker(ThreadPoolExecutor.java:1136) ~[na:na]
	at java.base/java.util.concurrent.ThreadPoolExecutor$Worker.run(ThreadPoolExecutor.java:635) ~[na:na]
	at java.base/java.lang.Thread.run(Thread.java:842) ~[na:na]

2024-02-22T18:23:40.503+05:30  INFO 11235 --- [pool-2-thread-4] c.dws.challenge.service.TransferService  : compareBalance -1 
2024-02-22T18:23:40.503+05:30 ERROR 11235 --- [pool-2-thread-8] c.d.c.web.AccountsTransferController     : Exception occurs

com.dws.challenge.exception.InsufficientBalanceException: Insufficient Balance in account Account123
	at com.dws.challenge.service.TransferService.transferAmount(TransferService.java:21) ~[main/:na]
	at com.dws.challenge.web.AccountsTransferController.transferAmount(AccountsTransferController.java:64) ~[main/:na]
	at com.dws.challenge.ConcurrentTransferTest.lambda$concurrentTransferTest$0(ConcurrentTransferTest.java:63) ~[test/:na]
	at java.base/java.util.concurrent.ThreadPoolExecutor.runWorker(ThreadPoolExecutor.java:1136) ~[na:na]
	at java.base/java.util.concurrent.ThreadPoolExecutor$Worker.run(ThreadPoolExecutor.java:635) ~[na:na]
	at java.base/java.lang.Thread.run(Thread.java:842) ~[na:na]

2024-02-22T18:23:40.504+05:30 ERROR 11235 --- [pool-2-thread-4] c.d.c.web.AccountsTransferController     : Exception occurs

com.dws.challenge.exception.InsufficientBalanceException: Insufficient Balance in account Account123
	at com.dws.challenge.service.TransferService.transferAmount(TransferService.java:21) ~[main/:na]
	at com.dws.challenge.web.AccountsTransferController.transferAmount(AccountsTransferController.java:64) ~[main/:na]
	at com.dws.challenge.ConcurrentTransferTest.lambda$concurrentTransferTest$0(ConcurrentTransferTest.java:63) ~[test/:na]
	at java.base/java.util.concurrent.ThreadPoolExecutor.runWorker(ThreadPoolExecutor.java:1136) ~[na:na]
	at java.base/java.util.concurrent.ThreadPoolExecutor$Worker.run(ThreadPoolExecutor.java:635) ~[na:na]
	at java.base/java.lang.Thread.run(Thread.java:842) ~[na:na]

2024-02-22T18:23:40.504+05:30  INFO 11235 --- [pool-2-thread-7] c.dws.challenge.service.TransferService  : compareBalance -1 
2024-02-22T18:23:40.505+05:30  INFO 11235 --- [ool-2-thread-19] c.dws.challenge.service.TransferService  : compareBalance -1 
2024-02-22T18:23:40.505+05:30 ERROR 11235 --- [pool-2-thread-7] c.d.c.web.AccountsTransferController     : Exception occurs

com.dws.challenge.exception.InsufficientBalanceException: Insufficient Balance in account Account123
	at com.dws.challenge.service.TransferService.transferAmount(TransferService.java:21) ~[main/:na]
	at com.dws.challenge.web.AccountsTransferController.transferAmount(AccountsTransferController.java:64) ~[main/:na]
	at com.dws.challenge.ConcurrentTransferTest.lambda$concurrentTransferTest$0(ConcurrentTransferTest.java:63) ~[test/:na]
	at java.base/java.util.concurrent.ThreadPoolExecutor.runWorker(ThreadPoolExecutor.java:1136) ~[na:na]
	at java.base/java.util.concurrent.ThreadPoolExecutor$Worker.run(ThreadPoolExecutor.java:635) ~[na:na]
	at java.base/java.lang.Thread.run(Thread.java:842) ~[na:na]

2024-02-22T18:23:40.506+05:30  INFO 11235 --- [ool-2-thread-17] c.dws.challenge.service.TransferService  : compareBalance -1 
2024-02-22T18:23:40.506+05:30 ERROR 11235 --- [ool-2-thread-19] c.d.c.web.AccountsTransferController     : Exception occurs

com.dws.challenge.exception.InsufficientBalanceException: Insufficient Balance in account Account123
	at com.dws.challenge.service.TransferService.transferAmount(TransferService.java:21) ~[main/:na]
	at com.dws.challenge.web.AccountsTransferController.transferAmount(AccountsTransferController.java:64) ~[main/:na]
	at com.dws.challenge.ConcurrentTransferTest.lambda$concurrentTransferTest$0(ConcurrentTransferTest.java:63) ~[test/:na]
	at java.base/java.util.concurrent.ThreadPoolExecutor.runWorker(ThreadPoolExecutor.java:1136) ~[na:na]
	at java.base/java.util.concurrent.ThreadPoolExecutor$Worker.run(ThreadPoolExecutor.java:635) ~[na:na]
	at java.base/java.lang.Thread.run(Thread.java:842) ~[na:na]

2024-02-22T18:23:40.506+05:30 ERROR 11235 --- [ool-2-thread-17] c.d.c.web.AccountsTransferController     : Exception occurs

com.dws.challenge.exception.InsufficientBalanceException: Insufficient Balance in account Account123
	at com.dws.challenge.service.TransferService.transferAmount(TransferService.java:21) ~[main/:na]
	at com.dws.challenge.web.AccountsTransferController.transferAmount(AccountsTransferController.java:64) ~[main/:na]
	at com.dws.challenge.ConcurrentTransferTest.lambda$concurrentTransferTest$0(ConcurrentTransferTest.java:63) ~[test/:na]
	at java.base/java.util.concurrent.ThreadPoolExecutor.runWorker(ThreadPoolExecutor.java:1136) ~[na:na]
	at java.base/java.util.concurrent.ThreadPoolExecutor$Worker.run(ThreadPoolExecutor.java:635) ~[na:na]
	at java.base/java.lang.Thread.run(Thread.java:842) ~[na:na]

2024-02-22T18:23:40.507+05:30  INFO 11235 --- [pool-2-thread-1] c.dws.challenge.service.TransferService  : compareBalance -1 
2024-02-22T18:23:40.509+05:30 ERROR 11235 --- [pool-2-thread-1] c.d.c.web.AccountsTransferController     : Exception occurs

com.dws.challenge.exception.InsufficientBalanceException: Insufficient Balance in account Account123
	at com.dws.challenge.service.TransferService.transferAmount(TransferService.java:21) ~[main/:na]
	at com.dws.challenge.web.AccountsTransferController.transferAmount(AccountsTransferController.java:64) ~[main/:na]
	at com.dws.challenge.ConcurrentTransferTest.lambda$concurrentTransferTest$0(ConcurrentTransferTest.java:63) ~[test/:na]
	at java.base/java.util.concurrent.ThreadPoolExecutor.runWorker(ThreadPoolExecutor.java:1136) ~[na:na]
	at java.base/java.util.concurrent.ThreadPoolExecutor$Worker.run(ThreadPoolExecutor.java:635) ~[na:na]
	at java.base/java.lang.Thread.run(Thread.java:842) ~[na:na]

2024-02-22T18:23:40.510+05:30  INFO 11235 --- [pool-2-thread-5] c.dws.challenge.service.TransferService  : compareBalance -1 
2024-02-22T18:23:40.511+05:30 ERROR 11235 --- [pool-2-thread-5] c.d.c.web.AccountsTransferController     : Exception occurs

com.dws.challenge.exception.InsufficientBalanceException: Insufficient Balance in account Account123
	at com.dws.challenge.service.TransferService.transferAmount(TransferService.java:21) ~[main/:na]
	at com.dws.challenge.web.AccountsTransferController.transferAmount(AccountsTransferController.java:64) ~[main/:na]
	at com.dws.challenge.ConcurrentTransferTest.lambda$concurrentTransferTest$0(ConcurrentTransferTest.java:63) ~[test/:na]
	at java.base/java.util.concurrent.ThreadPoolExecutor.runWorker(ThreadPoolExecutor.java:1136) ~[na:na]
	at java.base/java.util.concurrent.ThreadPoolExecutor$Worker.run(ThreadPoolExecutor.java:635) ~[na:na]
	at java.base/java.lang.Thread.run(Thread.java:842) ~[na:na]

2024-02-22T18:23:40.528+05:30  INFO 11235 --- [pool-3-thread-3] c.d.c.web.AccountsTransferController     : Transfer Amount  Transfer(accountFrom=Account123, accountTo=Account124, amount=1000)
2024-02-22T18:23:40.528+05:30  INFO 11235 --- [ool-3-thread-10] c.d.c.web.AccountsTransferController     : Transfer Amount  Transfer(accountFrom=Account123, accountTo=Account124, amount=1000)
2024-02-22T18:23:40.528+05:30  INFO 11235 --- [pool-3-thread-1] c.d.c.web.AccountsTransferController     : Transfer Amount  Transfer(accountFrom=Account123, accountTo=Account124, amount=1000)
2024-02-22T18:23:40.528+05:30  INFO 11235 --- [pool-3-thread-7] c.d.c.web.AccountsTransferController     : Transfer Amount  Transfer(accountFrom=Account123, accountTo=Account124, amount=1000)
2024-02-22T18:23:40.529+05:30  INFO 11235 --- [ool-3-thread-16] c.d.c.web.AccountsTransferController     : Transfer Amount  Transfer(accountFrom=Account123, accountTo=Account124, amount=1000)
2024-02-22T18:23:40.528+05:30  INFO 11235 --- [ool-3-thread-20] c.d.c.web.AccountsTransferController     : Transfer Amount  Transfer(accountFrom=Account123, accountTo=Account124, amount=1000)
2024-02-22T18:23:40.528+05:30  INFO 11235 --- [pool-3-thread-4] c.d.c.web.AccountsTransferController     : Transfer Amount  Transfer(accountFrom=Account123, accountTo=Account124, amount=1000)
2024-02-22T18:23:40.528+05:30  INFO 11235 --- [pool-3-thread-2] c.d.c.web.AccountsTransferController     : Transfer Amount  Transfer(accountFrom=Account123, accountTo=Account124, amount=1000)
2024-02-22T18:23:40.528+05:30  INFO 11235 --- [pool-3-thread-8] c.d.c.web.AccountsTransferController     : Transfer Amount  Transfer(accountFrom=Account123, accountTo=Account124, amount=1000)
2024-02-22T18:23:40.528+05:30  INFO 11235 --- [pool-3-thread-9] c.d.c.web.AccountsTransferController     : Transfer Amount  Transfer(accountFrom=Account123, accountTo=Account124, amount=1000)
2024-02-22T18:23:40.528+05:30  INFO 11235 --- [pool-3-thread-5] c.d.c.web.AccountsTransferController     : Transfer Amount  Transfer(accountFrom=Account123, accountTo=Account124, amount=1000)
2024-02-22T18:23:40.528+05:30  INFO 11235 --- [pool-3-thread-6] c.d.c.web.AccountsTransferController     : Transfer Amount  Transfer(accountFrom=Account123, accountTo=Account124, amount=1000)
2024-02-22T18:23:40.528+05:30  INFO 11235 --- [ool-3-thread-11] c.d.c.web.AccountsTransferController     : Transfer Amount  Transfer(accountFrom=Account123, accountTo=Account124, amount=1000)
2024-02-22T18:23:40.528+05:30  INFO 11235 --- [ool-3-thread-12] c.d.c.web.AccountsTransferController     : Transfer Amount  Transfer(accountFrom=Account123, accountTo=Account124, amount=1000)
2024-02-22T18:23:40.528+05:30  INFO 11235 --- [pool-3-thread-3] c.dws.challenge.service.TransferService  : compareBalance 0 
2024-02-22T18:23:40.528+05:30  INFO 11235 --- [ool-3-thread-14] c.d.c.web.AccountsTransferController     : Transfer Amount  Transfer(accountFrom=Account123, accountTo=Account124, amount=1000)
2024-02-22T18:23:40.528+05:30  INFO 11235 --- [ool-3-thread-13] c.d.c.web.AccountsTransferController     : Transfer Amount  Transfer(accountFrom=Account123, accountTo=Account124, amount=1000)
2024-02-22T18:23:40.530+05:30  INFO 11235 --- [pool-3-thread-3] c.d.c.service.EmailNotificationService   : Sending notification to owner of Account123: 1000 has been debited and transferred to account Account124
2024-02-22T18:23:40.529+05:30  INFO 11235 --- [ool-3-thread-19] c.d.c.web.AccountsTransferController     : Transfer Amount  Transfer(accountFrom=Account123, accountTo=Account124, amount=1000)
2024-02-22T18:23:40.529+05:30  INFO 11235 --- [ool-3-thread-17] c.d.c.web.AccountsTransferController     : Transfer Amount  Transfer(accountFrom=Account123, accountTo=Account124, amount=1000)
2024-02-22T18:23:40.529+05:30  INFO 11235 --- [ool-3-thread-15] c.d.c.web.AccountsTransferController     : Transfer Amount  Transfer(accountFrom=Account123, accountTo=Account124, amount=1000)
2024-02-22T18:23:40.529+05:30  INFO 11235 --- [ool-3-thread-18] c.d.c.web.AccountsTransferController     : Transfer Amount  Transfer(accountFrom=Account123, accountTo=Account124, amount=1000)
2024-02-22T18:23:40.530+05:30  INFO 11235 --- [pool-3-thread-3] c.d.c.service.EmailNotificationService   : Sending notification to owner of Account124: 1000 has been credited to your account from account Account123
2024-02-22T18:23:40.531+05:30  INFO 11235 --- [pool-3-thread-3] c.d.c.web.AccountsTransferController     : notification sent successfully
2024-02-22T18:23:40.531+05:30  INFO 11235 --- [ool-3-thread-18] c.dws.challenge.service.TransferService  : compareBalance -1 
2024-02-22T18:23:40.531+05:30  INFO 11235 --- [ool-3-thread-15] c.dws.challenge.service.TransferService  : compareBalance -1 
2024-02-22T18:23:40.531+05:30 ERROR 11235 --- [ool-3-thread-18] c.d.c.web.AccountsTransferController     : Exception occurs

com.dws.challenge.exception.InsufficientBalanceException: Insufficient Balance in account Account123
	at com.dws.challenge.service.TransferService.transferAmount(TransferService.java:21) ~[main/:na]
	at com.dws.challenge.web.AccountsTransferController.transferAmount(AccountsTransferController.java:64) ~[main/:na]
	at com.dws.challenge.ConcurrentTransferTest.lambda$concurrentTransferTest$0(ConcurrentTransferTest.java:63) ~[test/:na]
	at java.base/java.util.concurrent.ThreadPoolExecutor.runWorker(ThreadPoolExecutor.java:1136) ~[na:na]
	at java.base/java.util.concurrent.ThreadPoolExecutor$Worker.run(ThreadPoolExecutor.java:635) ~[na:na]
	at java.base/java.lang.Thread.run(Thread.java:842) ~[na:na]

2024-02-22T18:23:40.531+05:30  INFO 11235 --- [ool-3-thread-17] c.dws.challenge.service.TransferService  : compareBalance -1 
2024-02-22T18:23:40.531+05:30 ERROR 11235 --- [ool-3-thread-15] c.d.c.web.AccountsTransferController     : Exception occurs

com.dws.challenge.exception.InsufficientBalanceException: Insufficient Balance in account Account123
	at com.dws.challenge.service.TransferService.transferAmount(TransferService.java:21) ~[main/:na]
	at com.dws.challenge.web.AccountsTransferController.transferAmount(AccountsTransferController.java:64) ~[main/:na]
	at com.dws.challenge.ConcurrentTransferTest.lambda$concurrentTransferTest$0(ConcurrentTransferTest.java:63) ~[test/:na]
	at java.base/java.util.concurrent.ThreadPoolExecutor.runWorker(ThreadPoolExecutor.java:1136) ~[na:na]
	at java.base/java.util.concurrent.ThreadPoolExecutor$Worker.run(ThreadPoolExecutor.java:635) ~[na:na]
	at java.base/java.lang.Thread.run(Thread.java:842) ~[na:na]

2024-02-22T18:23:40.532+05:30  INFO 11235 --- [ool-3-thread-19] c.dws.challenge.service.TransferService  : compareBalance -1 
2024-02-22T18:23:40.532+05:30 ERROR 11235 --- [ool-3-thread-17] c.d.c.web.AccountsTransferController     : Exception occurs

com.dws.challenge.exception.InsufficientBalanceException: Insufficient Balance in account Account123
	at com.dws.challenge.service.TransferService.transferAmount(TransferService.java:21) ~[main/:na]
	at com.dws.challenge.web.AccountsTransferController.transferAmount(AccountsTransferController.java:64) ~[main/:na]
	at com.dws.challenge.ConcurrentTransferTest.lambda$concurrentTransferTest$0(ConcurrentTransferTest.java:63) ~[test/:na]
	at java.base/java.util.concurrent.ThreadPoolExecutor.runWorker(ThreadPoolExecutor.java:1136) ~[na:na]
	at java.base/java.util.concurrent.ThreadPoolExecutor$Worker.run(ThreadPoolExecutor.java:635) ~[na:na]
	at java.base/java.lang.Thread.run(Thread.java:842) ~[na:na]

2024-02-22T18:23:40.532+05:30  INFO 11235 --- [ool-3-thread-13] c.dws.challenge.service.TransferService  : compareBalance -1 
2024-02-22T18:23:40.532+05:30 ERROR 11235 --- [ool-3-thread-19] c.d.c.web.AccountsTransferController     : Exception occurs

com.dws.challenge.exception.InsufficientBalanceException: Insufficient Balance in account Account123
	at com.dws.challenge.service.TransferService.transferAmount(TransferService.java:21) ~[main/:na]
	at com.dws.challenge.web.AccountsTransferController.transferAmount(AccountsTransferController.java:64) ~[main/:na]
	at com.dws.challenge.ConcurrentTransferTest.lambda$concurrentTransferTest$0(ConcurrentTransferTest.java:63) ~[test/:na]
	at java.base/java.util.concurrent.ThreadPoolExecutor.runWorker(ThreadPoolExecutor.java:1136) ~[na:na]
	at java.base/java.util.concurrent.ThreadPoolExecutor$Worker.run(ThreadPoolExecutor.java:635) ~[na:na]
	at java.base/java.lang.Thread.run(Thread.java:842) ~[na:na]

2024-02-22T18:23:40.532+05:30  INFO 11235 --- [ool-3-thread-14] c.dws.challenge.service.TransferService  : compareBalance -1 
2024-02-22T18:23:40.532+05:30 ERROR 11235 --- [ool-3-thread-13] c.d.c.web.AccountsTransferController     : Exception occurs

com.dws.challenge.exception.InsufficientBalanceException: Insufficient Balance in account Account123
	at com.dws.challenge.service.TransferService.transferAmount(TransferService.java:21) ~[main/:na]
	at com.dws.challenge.web.AccountsTransferController.transferAmount(AccountsTransferController.java:64) ~[main/:na]
	at com.dws.challenge.ConcurrentTransferTest.lambda$concurrentTransferTest$0(ConcurrentTransferTest.java:63) ~[test/:na]
	at java.base/java.util.concurrent.ThreadPoolExecutor.runWorker(ThreadPoolExecutor.java:1136) ~[na:na]
	at java.base/java.util.concurrent.ThreadPoolExecutor$Worker.run(ThreadPoolExecutor.java:635) ~[na:na]
	at java.base/java.lang.Thread.run(Thread.java:842) ~[na:na]

2024-02-22T18:23:40.533+05:30 ERROR 11235 --- [ool-3-thread-14] c.d.c.web.AccountsTransferController     : Exception occurs

com.dws.challenge.exception.InsufficientBalanceException: Insufficient Balance in account Account123
	at com.dws.challenge.service.TransferService.transferAmount(TransferService.java:21) ~[main/:na]
	at com.dws.challenge.web.AccountsTransferController.transferAmount(AccountsTransferController.java:64) ~[main/:na]
	at com.dws.challenge.ConcurrentTransferTest.lambda$concurrentTransferTest$0(ConcurrentTransferTest.java:63) ~[test/:na]
	at java.base/java.util.concurrent.ThreadPoolExecutor.runWorker(ThreadPoolExecutor.java:1136) ~[na:na]
	at java.base/java.util.concurrent.ThreadPoolExecutor$Worker.run(ThreadPoolExecutor.java:635) ~[na:na]
	at java.base/java.lang.Thread.run(Thread.java:842) ~[na:na]

2024-02-22T18:23:40.533+05:30  INFO 11235 --- [ool-3-thread-12] c.dws.challenge.service.TransferService  : compareBalance -1 
2024-02-22T18:23:40.533+05:30  INFO 11235 --- [ool-3-thread-11] c.dws.challenge.service.TransferService  : compareBalance -1 
2024-02-22T18:23:40.533+05:30 ERROR 11235 --- [ool-3-thread-12] c.d.c.web.AccountsTransferController     : Exception occurs

com.dws.challenge.exception.InsufficientBalanceException: Insufficient Balance in account Account123
	at com.dws.challenge.service.TransferService.transferAmount(TransferService.java:21) ~[main/:na]
	at com.dws.challenge.web.AccountsTransferController.transferAmount(AccountsTransferController.java:64) ~[main/:na]
	at com.dws.challenge.ConcurrentTransferTest.lambda$concurrentTransferTest$0(ConcurrentTransferTest.java:63) ~[test/:na]
	at java.base/java.util.concurrent.ThreadPoolExecutor.runWorker(ThreadPoolExecutor.java:1136) ~[na:na]
	at java.base/java.util.concurrent.ThreadPoolExecutor$Worker.run(ThreadPoolExecutor.java:635) ~[na:na]
	at java.base/java.lang.Thread.run(Thread.java:842) ~[na:na]

2024-02-22T18:23:40.534+05:30  INFO 11235 --- [pool-3-thread-6] c.dws.challenge.service.TransferService  : compareBalance -1 
2024-02-22T18:23:40.533+05:30 ERROR 11235 --- [ool-3-thread-11] c.d.c.web.AccountsTransferController     : Exception occurs

com.dws.challenge.exception.InsufficientBalanceException: Insufficient Balance in account Account123
	at com.dws.challenge.service.TransferService.transferAmount(TransferService.java:21) ~[main/:na]
	at com.dws.challenge.web.AccountsTransferController.transferAmount(AccountsTransferController.java:64) ~[main/:na]
	at com.dws.challenge.ConcurrentTransferTest.lambda$concurrentTransferTest$0(ConcurrentTransferTest.java:63) ~[test/:na]
	at java.base/java.util.concurrent.ThreadPoolExecutor.runWorker(ThreadPoolExecutor.java:1136) ~[na:na]
	at java.base/java.util.concurrent.ThreadPoolExecutor$Worker.run(ThreadPoolExecutor.java:635) ~[na:na]
	at java.base/java.lang.Thread.run(Thread.java:842) ~[na:na]

2024-02-22T18:23:40.534+05:30 ERROR 11235 --- [pool-3-thread-6] c.d.c.web.AccountsTransferController     : Exception occurs

com.dws.challenge.exception.InsufficientBalanceException: Insufficient Balance in account Account123
	at com.dws.challenge.service.TransferService.transferAmount(TransferService.java:21) ~[main/:na]
	at com.dws.challenge.web.AccountsTransferController.transferAmount(AccountsTransferController.java:64) ~[main/:na]
	at com.dws.challenge.ConcurrentTransferTest.lambda$concurrentTransferTest$0(ConcurrentTransferTest.java:63) ~[test/:na]
	at java.base/java.util.concurrent.ThreadPoolExecutor.runWorker(ThreadPoolExecutor.java:1136) ~[na:na]
	at java.base/java.util.concurrent.ThreadPoolExecutor$Worker.run(ThreadPoolExecutor.java:635) ~[na:na]
	at java.base/java.lang.Thread.run(Thread.java:842) ~[na:na]

2024-02-22T18:23:40.534+05:30  INFO 11235 --- [pool-3-thread-5] c.dws.challenge.service.TransferService  : compareBalance -1 
2024-02-22T18:23:40.535+05:30  INFO 11235 --- [pool-3-thread-9] c.dws.challenge.service.TransferService  : compareBalance -1 
2024-02-22T18:23:40.535+05:30 ERROR 11235 --- [pool-3-thread-5] c.d.c.web.AccountsTransferController     : Exception occurs

com.dws.challenge.exception.InsufficientBalanceException: Insufficient Balance in account Account123
	at com.dws.challenge.service.TransferService.transferAmount(TransferService.java:21) ~[main/:na]
	at com.dws.challenge.web.AccountsTransferController.transferAmount(AccountsTransferController.java:64) ~[main/:na]
	at com.dws.challenge.ConcurrentTransferTest.lambda$concurrentTransferTest$0(ConcurrentTransferTest.java:63) ~[test/:na]
	at java.base/java.util.concurrent.ThreadPoolExecutor.runWorker(ThreadPoolExecutor.java:1136) ~[na:na]
	at java.base/java.util.concurrent.ThreadPoolExecutor$Worker.run(ThreadPoolExecutor.java:635) ~[na:na]
	at java.base/java.lang.Thread.run(Thread.java:842) ~[na:na]

2024-02-22T18:23:40.535+05:30  INFO 11235 --- [pool-3-thread-8] c.dws.challenge.service.TransferService  : compareBalance -1 
2024-02-22T18:23:40.535+05:30 ERROR 11235 --- [pool-3-thread-9] c.d.c.web.AccountsTransferController     : Exception occurs

com.dws.challenge.exception.InsufficientBalanceException: Insufficient Balance in account Account123
	at com.dws.challenge.service.TransferService.transferAmount(TransferService.java:21) ~[main/:na]
	at com.dws.challenge.web.AccountsTransferController.transferAmount(AccountsTransferController.java:64) ~[main/:na]
	at com.dws.challenge.ConcurrentTransferTest.lambda$concurrentTransferTest$0(ConcurrentTransferTest.java:63) ~[test/:na]
	at java.base/java.util.concurrent.ThreadPoolExecutor.runWorker(ThreadPoolExecutor.java:1136) ~[na:na]
	at java.base/java.util.concurrent.ThreadPoolExecutor$Worker.run(ThreadPoolExecutor.java:635) ~[na:na]
	at java.base/java.lang.Thread.run(Thread.java:842) ~[na:na]

2024-02-22T18:23:40.535+05:30  INFO 11235 --- [pool-3-thread-2] c.dws.challenge.service.TransferService  : compareBalance -1 
2024-02-22T18:23:40.535+05:30 ERROR 11235 --- [pool-3-thread-8] c.d.c.web.AccountsTransferController     : Exception occurs

com.dws.challenge.exception.InsufficientBalanceException: Insufficient Balance in account Account123
	at com.dws.challenge.service.TransferService.transferAmount(TransferService.java:21) ~[main/:na]
	at com.dws.challenge.web.AccountsTransferController.transferAmount(AccountsTransferController.java:64) ~[main/:na]
	at com.dws.challenge.ConcurrentTransferTest.lambda$concurrentTransferTest$0(ConcurrentTransferTest.java:63) ~[test/:na]
	at java.base/java.util.concurrent.ThreadPoolExecutor.runWorker(ThreadPoolExecutor.java:1136) ~[na:na]
	at java.base/java.util.concurrent.ThreadPoolExecutor$Worker.run(ThreadPoolExecutor.java:635) ~[na:na]
	at java.base/java.lang.Thread.run(Thread.java:842) ~[na:na]

2024-02-22T18:23:40.536+05:30  INFO 11235 --- [pool-3-thread-4] c.dws.challenge.service.TransferService  : compareBalance -1 
2024-02-22T18:23:40.536+05:30 ERROR 11235 --- [pool-3-thread-2] c.d.c.web.AccountsTransferController     : Exception occurs

com.dws.challenge.exception.InsufficientBalanceException: Insufficient Balance in account Account123
	at com.dws.challenge.service.TransferService.transferAmount(TransferService.java:21) ~[main/:na]
	at com.dws.challenge.web.AccountsTransferController.transferAmount(AccountsTransferController.java:64) ~[main/:na]
	at com.dws.challenge.ConcurrentTransferTest.lambda$concurrentTransferTest$0(ConcurrentTransferTest.java:63) ~[test/:na]
	at java.base/java.util.concurrent.ThreadPoolExecutor.runWorker(ThreadPoolExecutor.java:1136) ~[na:na]
	at java.base/java.util.concurrent.ThreadPoolExecutor$Worker.run(ThreadPoolExecutor.java:635) ~[na:na]
	at java.base/java.lang.Thread.run(Thread.java:842) ~[na:na]

2024-02-22T18:23:40.536+05:30  INFO 11235 --- [ool-3-thread-20] c.dws.challenge.service.TransferService  : compareBalance -1 
2024-02-22T18:23:40.536+05:30 ERROR 11235 --- [pool-3-thread-4] c.d.c.web.AccountsTransferController     : Exception occurs

com.dws.challenge.exception.InsufficientBalanceException: Insufficient Balance in account Account123
	at com.dws.challenge.service.TransferService.transferAmount(TransferService.java:21) ~[main/:na]
	at com.dws.challenge.web.AccountsTransferController.transferAmount(AccountsTransferController.java:64) ~[main/:na]
	at com.dws.challenge.ConcurrentTransferTest.lambda$concurrentTransferTest$0(ConcurrentTransferTest.java:63) ~[test/:na]
	at java.base/java.util.concurrent.ThreadPoolExecutor.runWorker(ThreadPoolExecutor.java:1136) ~[na:na]
	at java.base/java.util.concurrent.ThreadPoolExecutor$Worker.run(ThreadPoolExecutor.java:635) ~[na:na]
	at java.base/java.lang.Thread.run(Thread.java:842) ~[na:na]

2024-02-22T18:23:40.537+05:30  INFO 11235 --- [ool-3-thread-16] c.dws.challenge.service.TransferService  : compareBalance -1 
2024-02-22T18:23:40.537+05:30 ERROR 11235 --- [ool-3-thread-20] c.d.c.web.AccountsTransferController     : Exception occurs

com.dws.challenge.exception.InsufficientBalanceException: Insufficient Balance in account Account123
	at com.dws.challenge.service.TransferService.transferAmount(TransferService.java:21) ~[main/:na]
	at com.dws.challenge.web.AccountsTransferController.transferAmount(AccountsTransferController.java:64) ~[main/:na]
	at com.dws.challenge.ConcurrentTransferTest.lambda$concurrentTransferTest$0(ConcurrentTransferTest.java:63) ~[test/:na]
	at java.base/java.util.concurrent.ThreadPoolExecutor.runWorker(ThreadPoolExecutor.java:1136) ~[na:na]
	at java.base/java.util.concurrent.ThreadPoolExecutor$Worker.run(ThreadPoolExecutor.java:635) ~[na:na]
	at java.base/java.lang.Thread.run(Thread.java:842) ~[na:na]

2024-02-22T18:23:40.537+05:30 ERROR 11235 --- [ool-3-thread-16] c.d.c.web.AccountsTransferController     : Exception occurs

com.dws.challenge.exception.InsufficientBalanceException: Insufficient Balance in account Account123
	at com.dws.challenge.service.TransferService.transferAmount(TransferService.java:21) ~[main/:na]
	at com.dws.challenge.web.AccountsTransferController.transferAmount(AccountsTransferController.java:64) ~[main/:na]
	at com.dws.challenge.ConcurrentTransferTest.lambda$concurrentTransferTest$0(ConcurrentTransferTest.java:63) ~[test/:na]
	at java.base/java.util.concurrent.ThreadPoolExecutor.runWorker(ThreadPoolExecutor.java:1136) ~[na:na]
	at java.base/java.util.concurrent.ThreadPoolExecutor$Worker.run(ThreadPoolExecutor.java:635) ~[na:na]
	at java.base/java.lang.Thread.run(Thread.java:842) ~[na:na]

2024-02-22T18:23:40.537+05:30  INFO 11235 --- [pool-3-thread-7] c.dws.challenge.service.TransferService  : compareBalance -1 
2024-02-22T18:23:40.537+05:30  INFO 11235 --- [pool-3-thread-1] c.dws.challenge.service.TransferService  : compareBalance -1 
2024-02-22T18:23:40.537+05:30 ERROR 11235 --- [pool-3-thread-7] c.d.c.web.AccountsTransferController     : Exception occurs

com.dws.challenge.exception.InsufficientBalanceException: Insufficient Balance in account Account123
	at com.dws.challenge.service.TransferService.transferAmount(TransferService.java:21) ~[main/:na]
	at com.dws.challenge.web.AccountsTransferController.transferAmount(AccountsTransferController.java:64) ~[main/:na]
	at com.dws.challenge.ConcurrentTransferTest.lambda$concurrentTransferTest$0(ConcurrentTransferTest.java:63) ~[test/:na]
	at java.base/java.util.concurrent.ThreadPoolExecutor.runWorker(ThreadPoolExecutor.java:1136) ~[na:na]
	at java.base/java.util.concurrent.ThreadPoolExecutor$Worker.run(ThreadPoolExecutor.java:635) ~[na:na]
	at java.base/java.lang.Thread.run(Thread.java:842) ~[na:na]

2024-02-22T18:23:40.538+05:30 ERROR 11235 --- [pool-3-thread-1] c.d.c.web.AccountsTransferController     : Exception occurs

com.dws.challenge.exception.InsufficientBalanceException: Insufficient Balance in account Account123
	at com.dws.challenge.service.TransferService.transferAmount(TransferService.java:21) ~[main/:na]
	at com.dws.challenge.web.AccountsTransferController.transferAmount(AccountsTransferController.java:64) ~[main/:na]
	at com.dws.challenge.ConcurrentTransferTest.lambda$concurrentTransferTest$0(ConcurrentTransferTest.java:63) ~[test/:na]
	at java.base/java.util.concurrent.ThreadPoolExecutor.runWorker(ThreadPoolExecutor.java:1136) ~[na:na]
	at java.base/java.util.concurrent.ThreadPoolExecutor$Worker.run(ThreadPoolExecutor.java:635) ~[na:na]
	at java.base/java.lang.Thread.run(Thread.java:842) ~[na:na]

2024-02-22T18:23:40.538+05:30  INFO 11235 --- [ool-3-thread-10] c.dws.challenge.service.TransferService  : compareBalance -1 
2024-02-22T18:23:40.538+05:30 ERROR 11235 --- [ool-3-thread-10] c.d.c.web.AccountsTransferController     : Exception occurs

com.dws.challenge.exception.InsufficientBalanceException: Insufficient Balance in account Account123
	at com.dws.challenge.service.TransferService.transferAmount(TransferService.java:21) ~[main/:na]
	at com.dws.challenge.web.AccountsTransferController.transferAmount(AccountsTransferController.java:64) ~[main/:na]
	at com.dws.challenge.ConcurrentTransferTest.lambda$concurrentTransferTest$0(ConcurrentTransferTest.java:63) ~[test/:na]
	at java.base/java.util.concurrent.ThreadPoolExecutor.runWorker(ThreadPoolExecutor.java:1136) ~[na:na]
	at java.base/java.util.concurrent.ThreadPoolExecutor$Worker.run(ThreadPoolExecutor.java:635) ~[na:na]
	at java.base/java.lang.Thread.run(Thread.java:842) ~[na:na]

2024-02-22T18:23:40.548+05:30  INFO 11235 --- [ool-4-thread-20] c.d.c.web.AccountsTransferController     : Transfer Amount  Transfer(accountFrom=Account123, accountTo=Account124, amount=1000)
2024-02-22T18:23:40.548+05:30  INFO 11235 --- [pool-4-thread-5] c.d.c.web.AccountsTransferController     : Transfer Amount  Transfer(accountFrom=Account123, accountTo=Account124, amount=1000)
2024-02-22T18:23:40.548+05:30  INFO 11235 --- [ool-4-thread-18] c.d.c.web.AccountsTransferController     : Transfer Amount  Transfer(accountFrom=Account123, accountTo=Account124, amount=1000)
2024-02-22T18:23:40.546+05:30  INFO 11235 --- [pool-4-thread-2] c.d.c.web.AccountsTransferController     : Transfer Amount  Transfer(accountFrom=Account123, accountTo=Account124, amount=1000)
2024-02-22T18:23:40.548+05:30  INFO 11235 --- [pool-4-thread-7] c.d.c.web.AccountsTransferController     : Transfer Amount  Transfer(accountFrom=Account123, accountTo=Account124, amount=1000)
2024-02-22T18:23:40.546+05:30  INFO 11235 --- [pool-4-thread-1] c.d.c.web.AccountsTransferController     : Transfer Amount  Transfer(accountFrom=Account123, accountTo=Account124, amount=1000)
2024-02-22T18:23:40.546+05:30  INFO 11235 --- [pool-4-thread-4] c.d.c.web.AccountsTransferController     : Transfer Amount  Transfer(accountFrom=Account123, accountTo=Account124, amount=1000)
2024-02-22T18:23:40.546+05:30  INFO 11235 --- [pool-4-thread-3] c.d.c.web.AccountsTransferController     : Transfer Amount  Transfer(accountFrom=Account123, accountTo=Account124, amount=1000)
2024-02-22T18:23:40.548+05:30  INFO 11235 --- [pool-4-thread-9] c.d.c.web.AccountsTransferController     : Transfer Amount  Transfer(accountFrom=Account123, accountTo=Account124, amount=1000)
2024-02-22T18:23:40.548+05:30  INFO 11235 --- [pool-4-thread-6] c.d.c.web.AccountsTransferController     : Transfer Amount  Transfer(accountFrom=Account123, accountTo=Account124, amount=1000)
2024-02-22T18:23:40.548+05:30  INFO 11235 --- [pool-4-thread-8] c.d.c.web.AccountsTransferController     : Transfer Amount  Transfer(accountFrom=Account123, accountTo=Account124, amount=1000)
2024-02-22T18:23:40.548+05:30  INFO 11235 --- [ool-4-thread-12] c.d.c.web.AccountsTransferController     : Transfer Amount  Transfer(accountFrom=Account123, accountTo=Account124, amount=1000)
2024-02-22T18:23:40.548+05:30  INFO 11235 --- [ool-4-thread-11] c.d.c.web.AccountsTransferController     : Transfer Amount  Transfer(accountFrom=Account123, accountTo=Account124, amount=1000)
2024-02-22T18:23:40.548+05:30  INFO 11235 --- [ool-4-thread-10] c.d.c.web.AccountsTransferController     : Transfer Amount  Transfer(accountFrom=Account123, accountTo=Account124, amount=1000)
2024-02-22T18:23:40.548+05:30  INFO 11235 --- [ool-4-thread-13] c.d.c.web.AccountsTransferController     : Transfer Amount  Transfer(accountFrom=Account123, accountTo=Account124, amount=1000)
2024-02-22T18:23:40.548+05:30  INFO 11235 --- [ool-4-thread-14] c.d.c.web.AccountsTransferController     : Transfer Amount  Transfer(accountFrom=Account123, accountTo=Account124, amount=1000)
2024-02-22T18:23:40.548+05:30  INFO 11235 --- [ool-4-thread-16] c.d.c.web.AccountsTransferController     : Transfer Amount  Transfer(accountFrom=Account123, accountTo=Account124, amount=1000)
2024-02-22T18:23:40.548+05:30  INFO 11235 --- [ool-4-thread-15] c.d.c.web.AccountsTransferController     : Transfer Amount  Transfer(accountFrom=Account123, accountTo=Account124, amount=1000)
2024-02-22T18:23:40.548+05:30  INFO 11235 --- [ool-4-thread-20] c.dws.challenge.service.TransferService  : compareBalance 0 
2024-02-22T18:23:40.548+05:30  INFO 11235 --- [ool-4-thread-17] c.d.c.web.AccountsTransferController     : Transfer Amount  Transfer(accountFrom=Account123, accountTo=Account124, amount=1000)
2024-02-22T18:23:40.548+05:30  INFO 11235 --- [ool-4-thread-19] c.d.c.web.AccountsTransferController     : Transfer Amount  Transfer(accountFrom=Account123, accountTo=Account124, amount=1000)
2024-02-22T18:23:40.550+05:30  INFO 11235 --- [ool-4-thread-20] c.d.c.service.EmailNotificationService   : Sending notification to owner of Account123: 1000 has been debited and transferred to account Account124
2024-02-22T18:23:40.550+05:30  INFO 11235 --- [ool-4-thread-20] c.d.c.service.EmailNotificationService   : Sending notification to owner of Account124: 1000 has been credited to your account from account Account123
2024-02-22T18:23:40.550+05:30  INFO 11235 --- [ool-4-thread-20] c.d.c.web.AccountsTransferController     : notification sent successfully
2024-02-22T18:23:40.550+05:30  INFO 11235 --- [ool-4-thread-19] c.dws.challenge.service.TransferService  : compareBalance -1 
2024-02-22T18:23:40.550+05:30  INFO 11235 --- [ool-4-thread-17] c.dws.challenge.service.TransferService  : compareBalance -1 
2024-02-22T18:23:40.550+05:30 ERROR 11235 --- [ool-4-thread-19] c.d.c.web.AccountsTransferController     : Exception occurs

com.dws.challenge.exception.InsufficientBalanceException: Insufficient Balance in account Account123
	at com.dws.challenge.service.TransferService.transferAmount(TransferService.java:21) ~[main/:na]
	at com.dws.challenge.web.AccountsTransferController.transferAmount(AccountsTransferController.java:64) ~[main/:na]
	at com.dws.challenge.ConcurrentTransferTest.lambda$concurrentTransferTest$0(ConcurrentTransferTest.java:63) ~[test/:na]
	at java.base/java.util.concurrent.ThreadPoolExecutor.runWorker(ThreadPoolExecutor.java:1136) ~[na:na]
	at java.base/java.util.concurrent.ThreadPoolExecutor$Worker.run(ThreadPoolExecutor.java:635) ~[na:na]
	at java.base/java.lang.Thread.run(Thread.java:842) ~[na:na]

2024-02-22T18:23:40.551+05:30 ERROR 11235 --- [ool-4-thread-17] c.d.c.web.AccountsTransferController     : Exception occurs

com.dws.challenge.exception.InsufficientBalanceException: Insufficient Balance in account Account123
	at com.dws.challenge.service.TransferService.transferAmount(TransferService.java:21) ~[main/:na]
	at com.dws.challenge.web.AccountsTransferController.transferAmount(AccountsTransferController.java:64) ~[main/:na]
	at com.dws.challenge.ConcurrentTransferTest.lambda$concurrentTransferTest$0(ConcurrentTransferTest.java:63) ~[test/:na]
	at java.base/java.util.concurrent.ThreadPoolExecutor.runWorker(ThreadPoolExecutor.java:1136) ~[na:na]
	at java.base/java.util.concurrent.ThreadPoolExecutor$Worker.run(ThreadPoolExecutor.java:635) ~[na:na]
	at java.base/java.lang.Thread.run(Thread.java:842) ~[na:na]

2024-02-22T18:23:40.551+05:30  INFO 11235 --- [ool-4-thread-15] c.dws.challenge.service.TransferService  : compareBalance -1 
2024-02-22T18:23:40.551+05:30  INFO 11235 --- [ool-4-thread-16] c.dws.challenge.service.TransferService  : compareBalance -1 
2024-02-22T18:23:40.551+05:30 ERROR 11235 --- [ool-4-thread-15] c.d.c.web.AccountsTransferController     : Exception occurs

com.dws.challenge.exception.InsufficientBalanceException: Insufficient Balance in account Account123
	at com.dws.challenge.service.TransferService.transferAmount(TransferService.java:21) ~[main/:na]
	at com.dws.challenge.web.AccountsTransferController.transferAmount(AccountsTransferController.java:64) ~[main/:na]
	at com.dws.challenge.ConcurrentTransferTest.lambda$concurrentTransferTest$0(ConcurrentTransferTest.java:63) ~[test/:na]
	at java.base/java.util.concurrent.ThreadPoolExecutor.runWorker(ThreadPoolExecutor.java:1136) ~[na:na]
	at java.base/java.util.concurrent.ThreadPoolExecutor$Worker.run(ThreadPoolExecutor.java:635) ~[na:na]
	at java.base/java.lang.Thread.run(Thread.java:842) ~[na:na]

2024-02-22T18:23:40.551+05:30 ERROR 11235 --- [ool-4-thread-16] c.d.c.web.AccountsTransferController     : Exception occurs

com.dws.challenge.exception.InsufficientBalanceException: Insufficient Balance in account Account123
	at com.dws.challenge.service.TransferService.transferAmount(TransferService.java:21) ~[main/:na]
	at com.dws.challenge.web.AccountsTransferController.transferAmount(AccountsTransferController.java:64) ~[main/:na]
	at com.dws.challenge.ConcurrentTransferTest.lambda$concurrentTransferTest$0(ConcurrentTransferTest.java:63) ~[test/:na]
	at java.base/java.util.concurrent.ThreadPoolExecutor.runWorker(ThreadPoolExecutor.java:1136) ~[na:na]
	at java.base/java.util.concurrent.ThreadPoolExecutor$Worker.run(ThreadPoolExecutor.java:635) ~[na:na]
	at java.base/java.lang.Thread.run(Thread.java:842) ~[na:na]

2024-02-22T18:23:40.551+05:30  INFO 11235 --- [ool-4-thread-14] c.dws.challenge.service.TransferService  : compareBalance -1 
2024-02-22T18:23:40.552+05:30  INFO 11235 --- [ool-4-thread-13] c.dws.challenge.service.TransferService  : compareBalance -1 
2024-02-22T18:23:40.552+05:30 ERROR 11235 --- [ool-4-thread-14] c.d.c.web.AccountsTransferController     : Exception occurs

com.dws.challenge.exception.InsufficientBalanceException: Insufficient Balance in account Account123
	at com.dws.challenge.service.TransferService.transferAmount(TransferService.java:21) ~[main/:na]
	at com.dws.challenge.web.AccountsTransferController.transferAmount(AccountsTransferController.java:64) ~[main/:na]
	at com.dws.challenge.ConcurrentTransferTest.lambda$concurrentTransferTest$0(ConcurrentTransferTest.java:63) ~[test/:na]
	at java.base/java.util.concurrent.ThreadPoolExecutor.runWorker(ThreadPoolExecutor.java:1136) ~[na:na]
	at java.base/java.util.concurrent.ThreadPoolExecutor$Worker.run(ThreadPoolExecutor.java:635) ~[na:na]
	at java.base/java.lang.Thread.run(Thread.java:842) ~[na:na]

2024-02-22T18:23:40.552+05:30  INFO 11235 --- [ool-4-thread-10] c.dws.challenge.service.TransferService  : compareBalance -1 
2024-02-22T18:23:40.552+05:30 ERROR 11235 --- [ool-4-thread-13] c.d.c.web.AccountsTransferController     : Exception occurs

com.dws.challenge.exception.InsufficientBalanceException: Insufficient Balance in account Account123
	at com.dws.challenge.service.TransferService.transferAmount(TransferService.java:21) ~[main/:na]
	at com.dws.challenge.web.AccountsTransferController.transferAmount(AccountsTransferController.java:64) ~[main/:na]
	at com.dws.challenge.ConcurrentTransferTest.lambda$concurrentTransferTest$0(ConcurrentTransferTest.java:63) ~[test/:na]
	at java.base/java.util.concurrent.ThreadPoolExecutor.runWorker(ThreadPoolExecutor.java:1136) ~[na:na]
	at java.base/java.util.concurrent.ThreadPoolExecutor$Worker.run(ThreadPoolExecutor.java:635) ~[na:na]
	at java.base/java.lang.Thread.run(Thread.java:842) ~[na:na]

2024-02-22T18:23:40.552+05:30  INFO 11235 --- [ool-4-thread-11] c.dws.challenge.service.TransferService  : compareBalance -1 
2024-02-22T18:23:40.552+05:30 ERROR 11235 --- [ool-4-thread-10] c.d.c.web.AccountsTransferController     : Exception occurs

com.dws.challenge.exception.InsufficientBalanceException: Insufficient Balance in account Account123
	at com.dws.challenge.service.TransferService.transferAmount(TransferService.java:21) ~[main/:na]
	at com.dws.challenge.web.AccountsTransferController.transferAmount(AccountsTransferController.java:64) ~[main/:na]
	at com.dws.challenge.ConcurrentTransferTest.lambda$concurrentTransferTest$0(ConcurrentTransferTest.java:63) ~[test/:na]
	at java.base/java.util.concurrent.ThreadPoolExecutor.runWorker(ThreadPoolExecutor.java:1136) ~[na:na]
	at java.base/java.util.concurrent.ThreadPoolExecutor$Worker.run(ThreadPoolExecutor.java:635) ~[na:na]
	at java.base/java.lang.Thread.run(Thread.java:842) ~[na:na]

2024-02-22T18:23:40.553+05:30  INFO 11235 --- [ool-4-thread-12] c.dws.challenge.service.TransferService  : compareBalance -1 
2024-02-22T18:23:40.553+05:30 ERROR 11235 --- [ool-4-thread-11] c.d.c.web.AccountsTransferController     : Exception occurs

com.dws.challenge.exception.InsufficientBalanceException: Insufficient Balance in account Account123
	at com.dws.challenge.service.TransferService.transferAmount(TransferService.java:21) ~[main/:na]
	at com.dws.challenge.web.AccountsTransferController.transferAmount(AccountsTransferController.java:64) ~[main/:na]
	at com.dws.challenge.ConcurrentTransferTest.lambda$concurrentTransferTest$0(ConcurrentTransferTest.java:63) ~[test/:na]
	at java.base/java.util.concurrent.ThreadPoolExecutor.runWorker(ThreadPoolExecutor.java:1136) ~[na:na]
	at java.base/java.util.concurrent.ThreadPoolExecutor$Worker.run(ThreadPoolExecutor.java:635) ~[na:na]
	at java.base/java.lang.Thread.run(Thread.java:842) ~[na:na]

2024-02-22T18:23:40.553+05:30  INFO 11235 --- [pool-4-thread-8] c.dws.challenge.service.TransferService  : compareBalance -1 
2024-02-22T18:23:40.553+05:30 ERROR 11235 --- [ool-4-thread-12] c.d.c.web.AccountsTransferController     : Exception occurs

com.dws.challenge.exception.InsufficientBalanceException: Insufficient Balance in account Account123
	at com.dws.challenge.service.TransferService.transferAmount(TransferService.java:21) ~[main/:na]
	at com.dws.challenge.web.AccountsTransferController.transferAmount(AccountsTransferController.java:64) ~[main/:na]
	at com.dws.challenge.ConcurrentTransferTest.lambda$concurrentTransferTest$0(ConcurrentTransferTest.java:63) ~[test/:na]
	at java.base/java.util.concurrent.ThreadPoolExecutor.runWorker(ThreadPoolExecutor.java:1136) ~[na:na]
	at java.base/java.util.concurrent.ThreadPoolExecutor$Worker.run(ThreadPoolExecutor.java:635) ~[na:na]
	at java.base/java.lang.Thread.run(Thread.java:842) ~[na:na]

2024-02-22T18:23:40.553+05:30  INFO 11235 --- [pool-4-thread-6] c.dws.challenge.service.TransferService  : compareBalance -1 
2024-02-22T18:23:40.553+05:30 ERROR 11235 --- [pool-4-thread-8] c.d.c.web.AccountsTransferController     : Exception occurs

com.dws.challenge.exception.InsufficientBalanceException: Insufficient Balance in account Account123
	at com.dws.challenge.service.TransferService.transferAmount(TransferService.java:21) ~[main/:na]
	at com.dws.challenge.web.AccountsTransferController.transferAmount(AccountsTransferController.java:64) ~[main/:na]
	at com.dws.challenge.ConcurrentTransferTest.lambda$concurrentTransferTest$0(ConcurrentTransferTest.java:63) ~[test/:na]
	at java.base/java.util.concurrent.ThreadPoolExecutor.runWorker(ThreadPoolExecutor.java:1136) ~[na:na]
	at java.base/java.util.concurrent.ThreadPoolExecutor$Worker.run(ThreadPoolExecutor.java:635) ~[na:na]
	at java.base/java.lang.Thread.run(Thread.java:842) ~[na:na]

2024-02-22T18:23:40.554+05:30  INFO 11235 --- [pool-4-thread-9] c.dws.challenge.service.TransferService  : compareBalance -1 
2024-02-22T18:23:40.554+05:30 ERROR 11235 --- [pool-4-thread-6] c.d.c.web.AccountsTransferController     : Exception occurs

com.dws.challenge.exception.InsufficientBalanceException: Insufficient Balance in account Account123
	at com.dws.challenge.service.TransferService.transferAmount(TransferService.java:21) ~[main/:na]
	at com.dws.challenge.web.AccountsTransferController.transferAmount(AccountsTransferController.java:64) ~[main/:na]
	at com.dws.challenge.ConcurrentTransferTest.lambda$concurrentTransferTest$0(ConcurrentTransferTest.java:63) ~[test/:na]
	at java.base/java.util.concurrent.ThreadPoolExecutor.runWorker(ThreadPoolExecutor.java:1136) ~[na:na]
	at java.base/java.util.concurrent.ThreadPoolExecutor$Worker.run(ThreadPoolExecutor.java:635) ~[na:na]
	at java.base/java.lang.Thread.run(Thread.java:842) ~[na:na]

2024-02-22T18:23:40.554+05:30  INFO 11235 --- [pool-4-thread-3] c.dws.challenge.service.TransferService  : compareBalance -1 
2024-02-22T18:23:40.554+05:30 ERROR 11235 --- [pool-4-thread-9] c.d.c.web.AccountsTransferController     : Exception occurs

com.dws.challenge.exception.InsufficientBalanceException: Insufficient Balance in account Account123
	at com.dws.challenge.service.TransferService.transferAmount(TransferService.java:21) ~[main/:na]
	at com.dws.challenge.web.AccountsTransferController.transferAmount(AccountsTransferController.java:64) ~[main/:na]
	at com.dws.challenge.ConcurrentTransferTest.lambda$concurrentTransferTest$0(ConcurrentTransferTest.java:63) ~[test/:na]
	at java.base/java.util.concurrent.ThreadPoolExecutor.runWorker(ThreadPoolExecutor.java:1136) ~[na:na]
	at java.base/java.util.concurrent.ThreadPoolExecutor$Worker.run(ThreadPoolExecutor.java:635) ~[na:na]
	at java.base/java.lang.Thread.run(Thread.java:842) ~[na:na]

2024-02-22T18:23:40.554+05:30  INFO 11235 --- [pool-4-thread-4] c.dws.challenge.service.TransferService  : compareBalance -1 
2024-02-22T18:23:40.554+05:30 ERROR 11235 --- [pool-4-thread-3] c.d.c.web.AccountsTransferController     : Exception occurs

com.dws.challenge.exception.InsufficientBalanceException: Insufficient Balance in account Account123
	at com.dws.challenge.service.TransferService.transferAmount(TransferService.java:21) ~[main/:na]
	at com.dws.challenge.web.AccountsTransferController.transferAmount(AccountsTransferController.java:64) ~[main/:na]
	at com.dws.challenge.ConcurrentTransferTest.lambda$concurrentTransferTest$0(ConcurrentTransferTest.java:63) ~[test/:na]
	at java.base/java.util.concurrent.ThreadPoolExecutor.runWorker(ThreadPoolExecutor.java:1136) ~[na:na]
	at java.base/java.util.concurrent.ThreadPoolExecutor$Worker.run(ThreadPoolExecutor.java:635) ~[na:na]
	at java.base/java.lang.Thread.run(Thread.java:842) ~[na:na]

2024-02-22T18:23:40.555+05:30  INFO 11235 --- [pool-4-thread-1] c.dws.challenge.service.TransferService  : compareBalance -1 
2024-02-22T18:23:40.555+05:30 ERROR 11235 --- [pool-4-thread-4] c.d.c.web.AccountsTransferController     : Exception occurs

com.dws.challenge.exception.InsufficientBalanceException: Insufficient Balance in account Account123
	at com.dws.challenge.service.TransferService.transferAmount(TransferService.java:21) ~[main/:na]
	at com.dws.challenge.web.AccountsTransferController.transferAmount(AccountsTransferController.java:64) ~[main/:na]
	at com.dws.challenge.ConcurrentTransferTest.lambda$concurrentTransferTest$0(ConcurrentTransferTest.java:63) ~[test/:na]
	at java.base/java.util.concurrent.ThreadPoolExecutor.runWorker(ThreadPoolExecutor.java:1136) ~[na:na]
	at java.base/java.util.concurrent.ThreadPoolExecutor$Worker.run(ThreadPoolExecutor.java:635) ~[na:na]
	at java.base/java.lang.Thread.run(Thread.java:842) ~[na:na]

2024-02-22T18:23:40.555+05:30 ERROR 11235 --- [pool-4-thread-1] c.d.c.web.AccountsTransferController     : Exception occurs

com.dws.challenge.exception.InsufficientBalanceException: Insufficient Balance in account Account123
	at com.dws.challenge.service.TransferService.transferAmount(TransferService.java:21) ~[main/:na]
	at com.dws.challenge.web.AccountsTransferController.transferAmount(AccountsTransferController.java:64) ~[main/:na]
	at com.dws.challenge.ConcurrentTransferTest.lambda$concurrentTransferTest$0(ConcurrentTransferTest.java:63) ~[test/:na]
	at java.base/java.util.concurrent.ThreadPoolExecutor.runWorker(ThreadPoolExecutor.java:1136) ~[na:na]
	at java.base/java.util.concurrent.ThreadPoolExecutor$Worker.run(ThreadPoolExecutor.java:635) ~[na:na]
	at java.base/java.lang.Thread.run(Thread.java:842) ~[na:na]

2024-02-22T18:23:40.555+05:30  INFO 11235 --- [pool-4-thread-7] c.dws.challenge.service.TransferService  : compareBalance -1 
2024-02-22T18:23:40.555+05:30  INFO 11235 --- [pool-4-thread-2] c.dws.challenge.service.TransferService  : compareBalance -1 
2024-02-22T18:23:40.555+05:30 ERROR 11235 --- [pool-4-thread-7] c.d.c.web.AccountsTransferController     : Exception occurs

com.dws.challenge.exception.InsufficientBalanceException: Insufficient Balance in account Account123
	at com.dws.challenge.service.TransferService.transferAmount(TransferService.java:21) ~[main/:na]
	at com.dws.challenge.web.AccountsTransferController.transferAmount(AccountsTransferController.java:64) ~[main/:na]
	at com.dws.challenge.ConcurrentTransferTest.lambda$concurrentTransferTest$0(ConcurrentTransferTest.java:63) ~[test/:na]
	at java.base/java.util.concurrent.ThreadPoolExecutor.runWorker(ThreadPoolExecutor.java:1136) ~[na:na]
	at java.base/java.util.concurrent.ThreadPoolExecutor$Worker.run(ThreadPoolExecutor.java:635) ~[na:na]
	at java.base/java.lang.Thread.run(Thread.java:842) ~[na:na]

2024-02-22T18:23:40.555+05:30  INFO 11235 --- [ool-4-thread-18] c.dws.challenge.service.TransferService  : compareBalance -1 
2024-02-22T18:23:40.555+05:30 ERROR 11235 --- [pool-4-thread-2] c.d.c.web.AccountsTransferController     : Exception occurs

com.dws.challenge.exception.InsufficientBalanceException: Insufficient Balance in account Account123
	at com.dws.challenge.service.TransferService.transferAmount(TransferService.java:21) ~[main/:na]
	at com.dws.challenge.web.AccountsTransferController.transferAmount(AccountsTransferController.java:64) ~[main/:na]
	at com.dws.challenge.ConcurrentTransferTest.lambda$concurrentTransferTest$0(ConcurrentTransferTest.java:63) ~[test/:na]
	at java.base/java.util.concurrent.ThreadPoolExecutor.runWorker(ThreadPoolExecutor.java:1136) ~[na:na]
	at java.base/java.util.concurrent.ThreadPoolExecutor$Worker.run(ThreadPoolExecutor.java:635) ~[na:na]
	at java.base/java.lang.Thread.run(Thread.java:842) ~[na:na]

2024-02-22T18:23:40.556+05:30  INFO 11235 --- [pool-4-thread-5] c.dws.challenge.service.TransferService  : compareBalance -1 
2024-02-22T18:23:40.556+05:30 ERROR 11235 --- [ool-4-thread-18] c.d.c.web.AccountsTransferController     : Exception occurs

com.dws.challenge.exception.InsufficientBalanceException: Insufficient Balance in account Account123
	at com.dws.challenge.service.TransferService.transferAmount(TransferService.java:21) ~[main/:na]
	at com.dws.challenge.web.AccountsTransferController.transferAmount(AccountsTransferController.java:64) ~[main/:na]
	at com.dws.challenge.ConcurrentTransferTest.lambda$concurrentTransferTest$0(ConcurrentTransferTest.java:63) ~[test/:na]
	at java.base/java.util.concurrent.ThreadPoolExecutor.runWorker(ThreadPoolExecutor.java:1136) ~[na:na]
	at java.base/java.util.concurrent.ThreadPoolExecutor$Worker.run(ThreadPoolExecutor.java:635) ~[na:na]
	at java.base/java.lang.Thread.run(Thread.java:842) ~[na:na]

2024-02-22T18:23:40.556+05:30 ERROR 11235 --- [pool-4-thread-5] c.d.c.web.AccountsTransferController     : Exception occurs

com.dws.challenge.exception.InsufficientBalanceException: Insufficient Balance in account Account123
	at com.dws.challenge.service.TransferService.transferAmount(TransferService.java:21) ~[main/:na]
	at com.dws.challenge.web.AccountsTransferController.transferAmount(AccountsTransferController.java:64) ~[main/:na]
	at com.dws.challenge.ConcurrentTransferTest.lambda$concurrentTransferTest$0(ConcurrentTransferTest.java:63) ~[test/:na]
	at java.base/java.util.concurrent.ThreadPoolExecutor.runWorker(ThreadPoolExecutor.java:1136) ~[na:na]
	at java.base/java.util.concurrent.ThreadPoolExecutor$Worker.run(ThreadPoolExecutor.java:635) ~[na:na]
	at java.base/java.lang.Thread.run(Thread.java:842) ~[na:na]

2024-02-22T18:23:40.563+05:30  INFO 11235 --- [pool-5-thread-3] c.d.c.web.AccountsTransferController     : Transfer Amount  Transfer(accountFrom=Account123, accountTo=Account124, amount=1000)
2024-02-22T18:23:40.563+05:30  INFO 11235 --- [ool-5-thread-12] c.d.c.web.AccountsTransferController     : Transfer Amount  Transfer(accountFrom=Account123, accountTo=Account124, amount=1000)
2024-02-22T18:23:40.563+05:30  INFO 11235 --- [ool-5-thread-16] c.d.c.web.AccountsTransferController     : Transfer Amount  Transfer(accountFrom=Account123, accountTo=Account124, amount=1000)
2024-02-22T18:23:40.563+05:30  INFO 11235 --- [ool-5-thread-18] c.d.c.web.AccountsTransferController     : Transfer Amount  Transfer(accountFrom=Account123, accountTo=Account124, amount=1000)
2024-02-22T18:23:40.563+05:30  INFO 11235 --- [pool-5-thread-4] c.d.c.web.AccountsTransferController     : Transfer Amount  Transfer(accountFrom=Account123, accountTo=Account124, amount=1000)
2024-02-22T18:23:40.563+05:30  INFO 11235 --- [pool-5-thread-8] c.d.c.web.AccountsTransferController     : Transfer Amount  Transfer(accountFrom=Account123, accountTo=Account124, amount=1000)
2024-02-22T18:23:40.563+05:30  INFO 11235 --- [pool-5-thread-6] c.d.c.web.AccountsTransferController     : Transfer Amount  Transfer(accountFrom=Account123, accountTo=Account124, amount=1000)
2024-02-22T18:23:40.563+05:30  INFO 11235 --- [pool-5-thread-1] c.d.c.web.AccountsTransferController     : Transfer Amount  Transfer(accountFrom=Account123, accountTo=Account124, amount=1000)
2024-02-22T18:23:40.563+05:30  INFO 11235 --- [ool-5-thread-20] c.d.c.web.AccountsTransferController     : Transfer Amount  Transfer(accountFrom=Account123, accountTo=Account124, amount=1000)
2024-02-22T18:23:40.563+05:30  INFO 11235 --- [pool-5-thread-9] c.d.c.web.AccountsTransferController     : Transfer Amount  Transfer(accountFrom=Account123, accountTo=Account124, amount=1000)
2024-02-22T18:23:40.563+05:30  INFO 11235 --- [pool-5-thread-2] c.d.c.web.AccountsTransferController     : Transfer Amount  Transfer(accountFrom=Account123, accountTo=Account124, amount=1000)
2024-02-22T18:23:40.563+05:30  INFO 11235 --- [pool-5-thread-5] c.d.c.web.AccountsTransferController     : Transfer Amount  Transfer(accountFrom=Account123, accountTo=Account124, amount=1000)
2024-02-22T18:23:40.563+05:30  INFO 11235 --- [pool-5-thread-7] c.d.c.web.AccountsTransferController     : Transfer Amount  Transfer(accountFrom=Account123, accountTo=Account124, amount=1000)
2024-02-22T18:23:40.563+05:30  INFO 11235 --- [ool-5-thread-10] c.d.c.web.AccountsTransferController     : Transfer Amount  Transfer(accountFrom=Account123, accountTo=Account124, amount=1000)
2024-02-22T18:23:40.563+05:30  INFO 11235 --- [ool-5-thread-11] c.d.c.web.AccountsTransferController     : Transfer Amount  Transfer(accountFrom=Account123, accountTo=Account124, amount=1000)
2024-02-22T18:23:40.563+05:30  INFO 11235 --- [ool-5-thread-13] c.d.c.web.AccountsTransferController     : Transfer Amount  Transfer(accountFrom=Account123, accountTo=Account124, amount=1000)
2024-02-22T18:23:40.563+05:30  INFO 11235 --- [ool-5-thread-14] c.d.c.web.AccountsTransferController     : Transfer Amount  Transfer(accountFrom=Account123, accountTo=Account124, amount=1000)
2024-02-22T18:23:40.563+05:30  INFO 11235 --- [pool-5-thread-3] c.dws.challenge.service.TransferService  : compareBalance 0 
2024-02-22T18:23:40.563+05:30  INFO 11235 --- [ool-5-thread-15] c.d.c.web.AccountsTransferController     : Transfer Amount  Transfer(accountFrom=Account123, accountTo=Account124, amount=1000)
2024-02-22T18:23:40.563+05:30  INFO 11235 --- [ool-5-thread-17] c.d.c.web.AccountsTransferController     : Transfer Amount  Transfer(accountFrom=Account123, accountTo=Account124, amount=1000)
2024-02-22T18:23:40.564+05:30  INFO 11235 --- [pool-5-thread-3] c.d.c.service.EmailNotificationService   : Sending notification to owner of Account123: 1000 has been debited and transferred to account Account124
2024-02-22T18:23:40.563+05:30  INFO 11235 --- [ool-5-thread-19] c.d.c.web.AccountsTransferController     : Transfer Amount  Transfer(accountFrom=Account123, accountTo=Account124, amount=1000)
2024-02-22T18:23:40.565+05:30  INFO 11235 --- [pool-5-thread-3] c.d.c.service.EmailNotificationService   : Sending notification to owner of Account124: 1000 has been credited to your account from account Account123
2024-02-22T18:23:40.565+05:30  INFO 11235 --- [pool-5-thread-3] c.d.c.web.AccountsTransferController     : notification sent successfully
2024-02-22T18:23:40.565+05:30  INFO 11235 --- [ool-5-thread-19] c.dws.challenge.service.TransferService  : compareBalance -1 
2024-02-22T18:23:40.565+05:30  INFO 11235 --- [ool-5-thread-17] c.dws.challenge.service.TransferService  : compareBalance -1 
2024-02-22T18:23:40.565+05:30 ERROR 11235 --- [ool-5-thread-19] c.d.c.web.AccountsTransferController     : Exception occurs

com.dws.challenge.exception.InsufficientBalanceException: Insufficient Balance in account Account123
	at com.dws.challenge.service.TransferService.transferAmount(TransferService.java:21) ~[main/:na]
	at com.dws.challenge.web.AccountsTransferController.transferAmount(AccountsTransferController.java:64) ~[main/:na]
	at com.dws.challenge.ConcurrentTransferTest.lambda$concurrentTransferTest$0(ConcurrentTransferTest.java:63) ~[test/:na]
	at java.base/java.util.concurrent.ThreadPoolExecutor.runWorker(ThreadPoolExecutor.java:1136) ~[na:na]
	at java.base/java.util.concurrent.ThreadPoolExecutor$Worker.run(ThreadPoolExecutor.java:635) ~[na:na]
	at java.base/java.lang.Thread.run(Thread.java:842) ~[na:na]

2024-02-22T18:23:40.565+05:30  INFO 11235 --- [ool-5-thread-15] c.dws.challenge.service.TransferService  : compareBalance -1 
2024-02-22T18:23:40.565+05:30 ERROR 11235 --- [ool-5-thread-17] c.d.c.web.AccountsTransferController     : Exception occurs

com.dws.challenge.exception.InsufficientBalanceException: Insufficient Balance in account Account123
	at com.dws.challenge.service.TransferService.transferAmount(TransferService.java:21) ~[main/:na]
	at com.dws.challenge.web.AccountsTransferController.transferAmount(AccountsTransferController.java:64) ~[main/:na]
	at com.dws.challenge.ConcurrentTransferTest.lambda$concurrentTransferTest$0(ConcurrentTransferTest.java:63) ~[test/:na]
	at java.base/java.util.concurrent.ThreadPoolExecutor.runWorker(ThreadPoolExecutor.java:1136) ~[na:na]
	at java.base/java.util.concurrent.ThreadPoolExecutor$Worker.run(ThreadPoolExecutor.java:635) ~[na:na]
	at java.base/java.lang.Thread.run(Thread.java:842) ~[na:na]

2024-02-22T18:23:40.565+05:30  INFO 11235 --- [ool-5-thread-14] c.dws.challenge.service.TransferService  : compareBalance -1 
2024-02-22T18:23:40.565+05:30 ERROR 11235 --- [ool-5-thread-15] c.d.c.web.AccountsTransferController     : Exception occurs

com.dws.challenge.exception.InsufficientBalanceException: Insufficient Balance in account Account123
	at com.dws.challenge.service.TransferService.transferAmount(TransferService.java:21) ~[main/:na]
	at com.dws.challenge.web.AccountsTransferController.transferAmount(AccountsTransferController.java:64) ~[main/:na]
	at com.dws.challenge.ConcurrentTransferTest.lambda$concurrentTransferTest$0(ConcurrentTransferTest.java:63) ~[test/:na]
	at java.base/java.util.concurrent.ThreadPoolExecutor.runWorker(ThreadPoolExecutor.java:1136) ~[na:na]
	at java.base/java.util.concurrent.ThreadPoolExecutor$Worker.run(ThreadPoolExecutor.java:635) ~[na:na]
	at java.base/java.lang.Thread.run(Thread.java:842) ~[na:na]

2024-02-22T18:23:40.566+05:30  INFO 11235 --- [ool-5-thread-13] c.dws.challenge.service.TransferService  : compareBalance -1 
2024-02-22T18:23:40.566+05:30 ERROR 11235 --- [ool-5-thread-14] c.d.c.web.AccountsTransferController     : Exception occurs

com.dws.challenge.exception.InsufficientBalanceException: Insufficient Balance in account Account123
	at com.dws.challenge.service.TransferService.transferAmount(TransferService.java:21) ~[main/:na]
	at com.dws.challenge.web.AccountsTransferController.transferAmount(AccountsTransferController.java:64) ~[main/:na]
	at com.dws.challenge.ConcurrentTransferTest.lambda$concurrentTransferTest$0(ConcurrentTransferTest.java:63) ~[test/:na]
	at java.base/java.util.concurrent.ThreadPoolExecutor.runWorker(ThreadPoolExecutor.java:1136) ~[na:na]
	at java.base/java.util.concurrent.ThreadPoolExecutor$Worker.run(ThreadPoolExecutor.java:635) ~[na:na]
	at java.base/java.lang.Thread.run(Thread.java:842) ~[na:na]

2024-02-22T18:23:40.566+05:30  INFO 11235 --- [ool-5-thread-11] c.dws.challenge.service.TransferService  : compareBalance -1 
2024-02-22T18:23:40.566+05:30 ERROR 11235 --- [ool-5-thread-13] c.d.c.web.AccountsTransferController     : Exception occurs

com.dws.challenge.exception.InsufficientBalanceException: Insufficient Balance in account Account123
	at com.dws.challenge.service.TransferService.transferAmount(TransferService.java:21) ~[main/:na]
[...]
2024-02-22T18:23:40.767+05:30  INFO 11235 --- [ol-21-thread-20] c.d.c.service.EmailNotificationService   : Sending notification to owner of Account123: 1000 has been debited and transferred to account Account124
2024-02-22T18:23:40.766+05:30  INFO 11235 --- [ol-21-thread-13] c.d.c.web.AccountsTransferController     : Transfer Amount  Transfer(accountFrom=Account123, accountTo=Account124, amount=1000)
2024-02-22T18:23:40.766+05:30  INFO 11235 --- [ol-21-thread-14] c.d.c.web.AccountsTransferController     : Transfer Amount  Transfer(accountFrom=Account123, accountTo=Account124, amount=1000)
2024-02-22T18:23:40.767+05:30  INFO 11235 --- [ol-21-thread-16] c.d.c.web.AccountsTransferController     : Transfer Amount  Transfer(accountFrom=Account123, accountTo=Account124, amount=1000)
2024-02-22T18:23:40.767+05:30  INFO 11235 --- [ol-21-thread-18] c.d.c.web.AccountsTransferController     : Transfer Amount  Transfer(accountFrom=Account123, accountTo=Account124, amount=1000)
2024-02-22T18:23:40.767+05:30  INFO 11235 --- [ol-21-thread-19] c.d.c.web.AccountsTransferController     : Transfer Amount  Transfer(accountFrom=Account123, accountTo=Account124, amount=1000)
2024-02-22T18:23:40.767+05:30  INFO 11235 --- [ol-21-thread-17] c.d.c.web.AccountsTransferController     : Transfer Amount  Transfer(accountFrom=Account123, accountTo=Account124, amount=1000)
2024-02-22T18:23:40.767+05:30  INFO 11235 --- [ol-21-thread-20] c.d.c.service.EmailNotificationService   : Sending notification to owner of Account124: 1000 has been credited to your account from account Account123
2024-02-22T18:23:40.768+05:30  INFO 11235 --- [ol-21-thread-20] c.d.c.web.AccountsTransferController     : notification sent successfully
2024-02-22T18:23:40.768+05:30  INFO 11235 --- [ol-21-thread-17] c.dws.challenge.service.TransferService  : compareBalance -1 
2024-02-22T18:23:40.768+05:30  INFO 11235 --- [ol-21-thread-19] c.dws.challenge.service.TransferService  : compareBalance -1 
2024-02-22T18:23:40.768+05:30  INFO 11235 --- [ol-21-thread-18] c.dws.challenge.service.TransferService  : compareBalance -1 
2024-02-22T18:23:40.768+05:30 ERROR 11235 --- [ol-21-thread-17] c.d.c.web.AccountsTransferController     : Exception occurs

com.dws.challenge.exception.InsufficientBalanceException: Insufficient Balance in account Account123
	at com.dws.challenge.service.TransferService.transferAmount(TransferService.java:21) ~[main/:na]
	at com.dws.challenge.web.AccountsTransferController.transferAmount(AccountsTransferController.java:64) ~[main/:na]
	at com.dws.challenge.ConcurrentTransferTest.lambda$concurrentTransferTest$0(ConcurrentTransferTest.java:63) ~[test/:na]
	at java.base/java.util.concurrent.ThreadPoolExecutor.runWorker(ThreadPoolExecutor.java:1136) ~[na:na]
	at java.base/java.util.concurrent.ThreadPoolExecutor$Worker.run(ThreadPoolExecutor.java:635) ~[na:na]
	at java.base/java.lang.Thread.run(Thread.java:842) ~[na:na]

2024-02-22T18:23:40.768+05:30  INFO 11235 --- [ol-21-thread-16] c.dws.challenge.service.TransferService  : compareBalance -1 
2024-02-22T18:23:40.768+05:30 ERROR 11235 --- [ol-21-thread-19] c.d.c.web.AccountsTransferController     : Exception occurs

com.dws.challenge.exception.InsufficientBalanceException: Insufficient Balance in account Account123
	at com.dws.challenge.service.TransferService.transferAmount(TransferService.java:21) ~[main/:na]
	at com.dws.challenge.web.AccountsTransferController.transferAmount(AccountsTransferController.java:64) ~[main/:na]
	at com.dws.challenge.ConcurrentTransferTest.lambda$concurrentTransferTest$0(ConcurrentTransferTest.java:63) ~[test/:na]
	at java.base/java.util.concurrent.ThreadPoolExecutor.runWorker(ThreadPoolExecutor.java:1136) ~[na:na]
	at java.base/java.util.concurrent.ThreadPoolExecutor$Worker.run(ThreadPoolExecutor.java:635) ~[na:na]
	at java.base/java.lang.Thread.run(Thread.java:842) ~[na:na]

2024-02-22T18:23:40.768+05:30 ERROR 11235 --- [ol-21-thread-18] c.d.c.web.AccountsTransferController     : Exception occurs

com.dws.challenge.exception.InsufficientBalanceException: Insufficient Balance in account Account123
	at com.dws.challenge.service.TransferService.transferAmount(TransferService.java:21) ~[main/:na]
	at com.dws.challenge.web.AccountsTransferController.transferAmount(AccountsTransferController.java:64) ~[main/:na]
	at com.dws.challenge.ConcurrentTransferTest.lambda$concurrentTransferTest$0(ConcurrentTransferTest.java:63) ~[test/:na]
	at java.base/java.util.concurrent.ThreadPoolExecutor.runWorker(ThreadPoolExecutor.java:1136) ~[na:na]
	at java.base/java.util.concurrent.ThreadPoolExecutor$Worker.run(ThreadPoolExecutor.java:635) ~[na:na]
	at java.base/java.lang.Thread.run(Thread.java:842) ~[na:na]

2024-02-22T18:23:40.768+05:30  INFO 11235 --- [ol-21-thread-14] c.dws.challenge.service.TransferService  : compareBalance -1 
2024-02-22T18:23:40.768+05:30 ERROR 11235 --- [ol-21-thread-16] c.d.c.web.AccountsTransferController     : Exception occurs

com.dws.challenge.exception.InsufficientBalanceException: Insufficient Balance in account Account123
	at com.dws.challenge.service.TransferService.transferAmount(TransferService.java:21) ~[main/:na]
	at com.dws.challenge.web.AccountsTransferController.transferAmount(AccountsTransferController.java:64) ~[main/:na]
	at com.dws.challenge.ConcurrentTransferTest.lambda$concurrentTransferTest$0(ConcurrentTransferTest.java:63) ~[test/:na]
	at java.base/java.util.concurrent.ThreadPoolExecutor.runWorker(ThreadPoolExecutor.java:1136) ~[na:na]
	at java.base/java.util.concurrent.ThreadPoolExecutor$Worker.run(ThreadPoolExecutor.java:635) ~[na:na]
	at java.base/java.lang.Thread.run(Thread.java:842) ~[na:na]

2024-02-22T18:23:40.768+05:30  INFO 11235 --- [ol-21-thread-13] c.dws.challenge.service.TransferService  : compareBalance -1 
2024-02-22T18:23:40.768+05:30 ERROR 11235 --- [ol-21-thread-14] c.d.c.web.AccountsTransferController     : Exception occurs

com.dws.challenge.exception.InsufficientBalanceException: Insufficient Balance in account Account123
	at com.dws.challenge.service.TransferService.transferAmount(TransferService.java:21) ~[main/:na]
	at com.dws.challenge.web.AccountsTransferController.transferAmount(AccountsTransferController.java:64) ~[main/:na]
	at com.dws.challenge.ConcurrentTransferTest.lambda$concurrentTransferTest$0(ConcurrentTransferTest.java:63) ~[test/:na]
	at java.base/java.util.concurrent.ThreadPoolExecutor.runWorker(ThreadPoolExecutor.java:1136) ~[na:na]
	at java.base/java.util.concurrent.ThreadPoolExecutor$Worker.run(ThreadPoolExecutor.java:635) ~[na:na]
	at java.base/java.lang.Thread.run(Thread.java:842) ~[na:na]

2024-02-22T18:23:40.769+05:30  INFO 11235 --- [ol-21-thread-12] c.dws.challenge.service.TransferService  : compareBalance -1 
2024-02-22T18:23:40.769+05:30 ERROR 11235 --- [ol-21-thread-13] c.d.c.web.AccountsTransferController     : Exception occurs

com.dws.challenge.exception.InsufficientBalanceException: Insufficient Balance in account Account123
	at com.dws.challenge.service.TransferService.transferAmount(TransferService.java:21) ~[main/:na]
	at com.dws.challenge.web.AccountsTransferController.transferAmount(AccountsTransferController.java:64) ~[main/:na]
	at com.dws.challenge.ConcurrentTransferTest.lambda$concurrentTransferTest$0(ConcurrentTransferTest.java:63) ~[test/:na]
	at java.base/java.util.concurrent.ThreadPoolExecutor.runWorker(ThreadPoolExecutor.java:1136) ~[na:na]
	at java.base/java.util.concurrent.ThreadPoolExecutor$Worker.run(ThreadPoolExecutor.java:635) ~[na:na]
	at java.base/java.lang.Thread.run(Thread.java:842) ~[na:na]

2024-02-22T18:23:40.769+05:30  INFO 11235 --- [ol-21-thread-10] c.dws.challenge.service.TransferService  : compareBalance -1 
2024-02-22T18:23:40.769+05:30 ERROR 11235 --- [ol-21-thread-12] c.d.c.web.AccountsTransferController     : Exception occurs

com.dws.challenge.exception.InsufficientBalanceException: Insufficient Balance in account Account123
	at com.dws.challenge.service.TransferService.transferAmount(TransferService.java:21) ~[main/:na]
	at com.dws.challenge.web.AccountsTransferController.transferAmount(AccountsTransferController.java:64) ~[main/:na]
	at com.dws.challenge.ConcurrentTransferTest.lambda$concurrentTransferTest$0(ConcurrentTransferTest.java:63) ~[test/:na]
	at java.base/java.util.concurrent.ThreadPoolExecutor.runWorker(ThreadPoolExecutor.java:1136) ~[na:na]
	at java.base/java.util.concurrent.ThreadPoolExecutor$Worker.run(ThreadPoolExecutor.java:635) ~[na:na]
	at java.base/java.lang.Thread.run(Thread.java:842) ~[na:na]

2024-02-22T18:23:40.769+05:30  INFO 11235 --- [ool-21-thread-8] c.dws.challenge.service.TransferService  : compareBalance -1 
2024-02-22T18:23:40.769+05:30  INFO 11235 --- [ool-21-thread-7] c.dws.challenge.service.TransferService  : compareBalance -1 
2024-02-22T18:23:40.769+05:30 ERROR 11235 --- [ol-21-thread-10] c.d.c.web.AccountsTransferController     : Exception occurs

com.dws.challenge.exception.InsufficientBalanceException: Insufficient Balance in account Account123
	at com.dws.challenge.service.TransferService.transferAmount(TransferService.java:21) ~[main/:na]
	at com.dws.challenge.web.AccountsTransferController.transferAmount(AccountsTransferController.java:64) ~[main/:na]
	at com.dws.challenge.ConcurrentTransferTest.lambda$concurrentTransferTest$0(ConcurrentTransferTest.java:63) ~[test/:na]
	at java.base/java.util.concurrent.ThreadPoolExecutor.runWorker(ThreadPoolExecutor.java:1136) ~[na:na]
	at java.base/java.util.concurrent.ThreadPoolExecutor$Worker.run(ThreadPoolExecutor.java:635) ~[na:na]
	at java.base/java.lang.Thread.run(Thread.java:842) ~[na:na]

2024-02-22T18:23:40.769+05:30 ERROR 11235 --- [ool-21-thread-8] c.d.c.web.AccountsTransferController     : Exception occurs

com.dws.challenge.exception.InsufficientBalanceException: Insufficient Balance in account Account123
	at com.dws.challenge.service.TransferService.transferAmount(TransferService.java:21) ~[main/:na]
	at com.dws.challenge.web.AccountsTransferController.transferAmount(AccountsTransferController.java:64) ~[main/:na]
	at com.dws.challenge.ConcurrentTransferTest.lambda$concurrentTransferTest$0(ConcurrentTransferTest.java:63) ~[test/:na]
	at java.base/java.util.concurrent.ThreadPoolExecutor.runWorker(ThreadPoolExecutor.java:1136) ~[na:na]
	at java.base/java.util.concurrent.ThreadPoolExecutor$Worker.run(ThreadPoolExecutor.java:635) ~[na:na]
	at java.base/java.lang.Thread.run(Thread.java:842) ~[na:na]

2024-02-22T18:23:40.769+05:30  INFO 11235 --- [ool-21-thread-5] c.dws.challenge.service.TransferService  : compareBalance -1 
2024-02-22T18:23:40.769+05:30 ERROR 11235 --- [ool-21-thread-7] c.d.c.web.AccountsTransferController     : Exception occurs

com.dws.challenge.exception.InsufficientBalanceException: Insufficient Balance in account Account123
	at com.dws.challenge.service.TransferService.transferAmount(TransferService.java:21) ~[main/:na]
	at com.dws.challenge.web.AccountsTransferController.transferAmount(AccountsTransferController.java:64) ~[main/:na]
	at com.dws.challenge.ConcurrentTransferTest.lambda$concurrentTransferTest$0(ConcurrentTransferTest.java:63) ~[test/:na]
	at java.base/java.util.concurrent.ThreadPoolExecutor.runWorker(ThreadPoolExecutor.java:1136) ~[na:na]
	at java.base/java.util.concurrent.ThreadPoolExecutor$Worker.run(ThreadPoolExecutor.java:635) ~[na:na]
	at java.base/java.lang.Thread.run(Thread.java:842) ~[na:na]

2024-02-22T18:23:40.769+05:30  INFO 11235 --- [ool-21-thread-6] c.dws.challenge.service.TransferService  : compareBalance -1 
2024-02-22T18:23:40.769+05:30 ERROR 11235 --- [ool-21-thread-5] c.d.c.web.AccountsTransferController     : Exception occurs

com.dws.challenge.exception.InsufficientBalanceException: Insufficient Balance in account Account123
	at com.dws.challenge.service.TransferService.transferAmount(TransferService.java:21) ~[main/:na]
	at com.dws.challenge.web.AccountsTransferController.transferAmount(AccountsTransferController.java:64) ~[main/:na]
	at com.dws.challenge.ConcurrentTransferTest.lambda$concurrentTransferTest$0(ConcurrentTransferTest.java:63) ~[test/:na]
	at java.base/java.util.concurrent.ThreadPoolExecutor.runWorker(ThreadPoolExecutor.java:1136) ~[na:na]
	at java.base/java.util.concurrent.ThreadPoolExecutor$Worker.run(ThreadPoolExecutor.java:635) ~[na:na]
	at java.base/java.lang.Thread.run(Thread.java:842) ~[na:na]

2024-02-22T18:23:40.770+05:30  INFO 11235 --- [ool-21-thread-2] c.dws.challenge.service.TransferService  : compareBalance -1 
2024-02-22T18:23:40.770+05:30 ERROR 11235 --- [ool-21-thread-6] c.d.c.web.AccountsTransferController     : Exception occurs

com.dws.challenge.exception.InsufficientBalanceException: Insufficient Balance in account Account123
	at com.dws.challenge.service.TransferService.transferAmount(TransferService.java:21) ~[main/:na]
	at com.dws.challenge.web.AccountsTransferController.transferAmount(AccountsTransferController.java:64) ~[main/:na]
	at com.dws.challenge.ConcurrentTransferTest.lambda$concurrentTransferTest$0(ConcurrentTransferTest.java:63) ~[test/:na]
	at java.base/java.util.concurrent.ThreadPoolExecutor.runWorker(ThreadPoolExecutor.java:1136) ~[na:na]
	at java.base/java.util.concurrent.ThreadPoolExecutor$Worker.run(ThreadPoolExecutor.java:635) ~[na:na]
	at java.base/java.lang.Thread.run(Thread.java:842) ~[na:na]

2024-02-22T18:23:40.770+05:30  INFO 11235 --- [ool-21-thread-3] c.dws.challenge.service.TransferService  : compareBalance -1 
2024-02-22T18:23:40.770+05:30 ERROR 11235 --- [ool-21-thread-2] c.d.c.web.AccountsTransferController     : Exception occurs

com.dws.challenge.exception.InsufficientBalanceException: Insufficient Balance in account Account123
	at com.dws.challenge.service.TransferService.transferAmount(TransferService.java:21) ~[main/:na]
	at com.dws.challenge.web.AccountsTransferController.transferAmount(AccountsTransferController.java:64) ~[main/:na]
	at com.dws.challenge.ConcurrentTransferTest.lambda$concurrentTransferTest$0(ConcurrentTransferTest.java:63) ~[test/:na]
	at java.base/java.util.concurrent.ThreadPoolExecutor.runWorker(ThreadPoolExecutor.java:1136) ~[na:na]
	at java.base/java.util.concurrent.ThreadPoolExecutor$Worker.run(ThreadPoolExecutor.java:635) ~[na:na]
	at java.base/java.lang.Thread.run(Thread.java:842) ~[na:na]

2024-02-22T18:23:40.770+05:30  INFO 11235 --- [ool-21-thread-4] c.dws.challenge.service.TransferService  : compareBalance -1 
2024-02-22T18:23:40.770+05:30 ERROR 11235 --- [ool-21-thread-3] c.d.c.web.AccountsTransferController     : Exception occurs

com.dws.challenge.exception.InsufficientBalanceException: Insufficient Balance in account Account123
	at com.dws.challenge.service.TransferService.transferAmount(TransferService.java:21) ~[main/:na]
	at com.dws.challenge.web.AccountsTransferController.transferAmount(AccountsTransferController.java:64) ~[main/:na]
	at com.dws.challenge.ConcurrentTransferTest.lambda$concurrentTransferTest$0(ConcurrentTransferTest.java:63) ~[test/:na]
	at java.base/java.util.concurrent.ThreadPoolExecutor.runWorker(ThreadPoolExecutor.java:1136) ~[na:na]
	at java.base/java.util.concurrent.ThreadPoolExecutor$Worker.run(ThreadPoolExecutor.java:635) ~[na:na]
	at java.base/java.lang.Thread.run(Thread.java:842) ~[na:na]

2024-02-22T18:23:40.770+05:30  INFO 11235 --- [ool-21-thread-1] c.dws.challenge.service.TransferService  : compareBalance -1 
2024-02-22T18:23:40.770+05:30 ERROR 11235 --- [ool-21-thread-4] c.d.c.web.AccountsTransferController     : Exception occurs

com.dws.challenge.exception.InsufficientBalanceException: Insufficient Balance in account Account123
	at com.dws.challenge.service.TransferService.transferAmount(TransferService.java:21) ~[main/:na]
	at com.dws.challenge.web.AccountsTransferController.transferAmount(AccountsTransferController.java:64) ~[main/:na]
	at com.dws.challenge.ConcurrentTransferTest.lambda$concurrentTransferTest$0(ConcurrentTransferTest.java:63) ~[test/:na]
	at java.base/java.util.concurrent.ThreadPoolExecutor.runWorker(ThreadPoolExecutor.java:1136) ~[na:na]
	at java.base/java.util.concurrent.ThreadPoolExecutor$Worker.run(ThreadPoolExecutor.java:635) ~[na:na]
	at java.base/java.lang.Thread.run(Thread.java:842) ~[na:na]

2024-02-22T18:23:40.770+05:30  INFO 11235 --- [ol-21-thread-15] c.dws.challenge.service.TransferService  : compareBalance -1 
2024-02-22T18:23:40.770+05:30 ERROR 11235 --- [ool-21-thread-1] c.d.c.web.AccountsTransferController     : Exception occurs

com.dws.challenge.exception.InsufficientBalanceException: Insufficient Balance in account Account123
	at com.dws.challenge.service.TransferService.transferAmount(TransferService.java:21) ~[main/:na]
	at com.dws.challenge.web.AccountsTransferController.transferAmount(AccountsTransferController.java:64) ~[main/:na]
	at com.dws.challenge.ConcurrentTransferTest.lambda$concurrentTransferTest$0(ConcurrentTransferTest.java:63) ~[test/:na]
	at java.base/java.util.concurrent.ThreadPoolExecutor.runWorker(ThreadPoolExecutor.java:1136) ~[na:na]
	at java.base/java.util.concurrent.ThreadPoolExecutor$Worker.run(ThreadPoolExecutor.java:635) ~[na:na]
	at java.base/java.lang.Thread.run(Thread.java:842) ~[na:na]

2024-02-22T18:23:40.770+05:30  INFO 11235 --- [ol-21-thread-11] c.dws.challenge.service.TransferService  : compareBalance -1 
2024-02-22T18:23:40.770+05:30 ERROR 11235 --- [ol-21-thread-15] c.d.c.web.AccountsTransferController     : Exception occurs

com.dws.challenge.exception.InsufficientBalanceException: Insufficient Balance in account Account123
	at com.dws.challenge.service.TransferService.transferAmount(TransferService.java:21) ~[main/:na]
	at com.dws.challenge.web.AccountsTransferController.transferAmount(AccountsTransferController.java:64) ~[main/:na]
	at com.dws.challenge.ConcurrentTransferTest.lambda$concurrentTransferTest$0(ConcurrentTransferTest.java:63) ~[test/:na]
	at java.base/java.util.concurrent.ThreadPoolExecutor.runWorker(ThreadPoolExecutor.java:1136) ~[na:na]
	at java.base/java.util.concurrent.ThreadPoolExecutor$Worker.run(ThreadPoolExecutor.java:635) ~[na:na]
	at java.base/java.lang.Thread.run(Thread.java:842) ~[na:na]

2024-02-22T18:23:40.771+05:30  INFO 11235 --- [ool-21-thread-9] c.dws.challenge.service.TransferService  : compareBalance -1 
2024-02-22T18:23:40.771+05:30 ERROR 11235 --- [ol-21-thread-11] c.d.c.web.AccountsTransferController     : Exception occurs

com.dws.challenge.exception.InsufficientBalanceException: Insufficient Balance in account Account123
	at com.dws.challenge.service.TransferService.transferAmount(TransferService.java:21) ~[main/:na]
	at com.dws.challenge.web.AccountsTransferController.transferAmount(AccountsTransferController.java:64) ~[main/:na]
	at com.dws.challenge.ConcurrentTransferTest.lambda$concurrentTransferTest$0(ConcurrentTransferTest.java:63) ~[test/:na]
	at java.base/java.util.concurrent.ThreadPoolExecutor.runWorker(ThreadPoolExecutor.java:1136) ~[na:na]
	at java.base/java.util.concurrent.ThreadPoolExecutor$Worker.run(ThreadPoolExecutor.java:635) ~[na:na]
	at java.base/java.lang.Thread.run(Thread.java:842) ~[na:na]

2024-02-22T18:23:40.771+05:30 ERROR 11235 --- [ool-21-thread-9] c.d.c.web.AccountsTransferController     : Exception occurs

com.dws.challenge.exception.InsufficientBalanceException: Insufficient Balance in account Account123
	at com.dws.challenge.service.TransferService.transferAmount(TransferService.java:21) ~[main/:na]
	at com.dws.challenge.web.AccountsTransferController.transferAmount(AccountsTransferController.java:64) ~[main/:na]
	at com.dws.challenge.ConcurrentTransferTest.lambda$concurrentTransferTest$0(ConcurrentTransferTest.java:63) ~[test/:na]
	at java.base/java.util.concurrent.ThreadPoolExecutor.runWorker(ThreadPoolExecutor.java:1136) ~[na:na]
	at java.base/java.util.concurrent.ThreadPoolExecutor$Worker.run(ThreadPoolExecutor.java:635) ~[na:na]
	at java.base/java.lang.Thread.run(Thread.java:842) ~[na:na]

]]></system-out>
  <system-err><![CDATA[]]></system-err>
</testsuite>
